#
# A fatal error has been detected by the Java Runtime Environment:
#
#  EXCEPTION_ACCESS_VIOLATION (0xc0000005) at pc=0x0000000069618761, pid=14524, tid=0x0000000000003ba4
#
# JRE version: Java(TM) SE Runtime Environment (8.0_131-b11) (build 1.8.0_131-b11)
# Java VM: Java HotSpot(TM) 64-Bit Server VM (25.131-b11 mixed mode windows-amd64 compressed oops)
# Problematic frame:
# C  [libnd4jcpu.dll+0x198761]
#
# Failed to write core dump. Minidumps are not enabled by default on client versions of Windows
#
# If you would like to submit a bug report, please visit:
#   http://bugreport.java.com/bugreport/crash.jsp
# The crash happened outside the Java Virtual Machine in native code.
# See problematic frame for where to report the bug.
#

---------------  T H R E A D  ---------------

Current thread (0x0000000003049000):  JavaThread "main" [_thread_in_native, id=15268, stack(0x0000000002f40000,0x0000000003040000)]

siginfo: ExceptionCode=0xc0000005, reading address 0x0000000022bb4370

Registers:
RAX=0x0000000000000001, RBX=0x0000000000000001, RCX=0x0000000000000401, RDX=0x0000000000003216
RSP=0x000000000303e720, RBP=0x0000000000000001, RSI=0x000000000000002a, RDI=0x0000000000000100
R8 =0x0000000000000400, R9 =0x0000000022bb3370, R10=0x0000000000000003, R11=0x0000000000000004
R12=0x0000000000000005, R13=0x0000000000003214, R14=0x0000000030eec040, R15=0x0000000000000004
RIP=0x0000000069618761, EFLAGS=0x0000000000010202

Top of Stack: (sp=0x000000000303e720)
0x000000000303e720:   000000000303e800 00000000695cb9a1
0x000000000303e730:   0000000000000001 00007ffba9639dd1
0x000000000303e740:   0000000000000001 000003fe00000001
0x000000000303e750:   0000000200000001 0000000030ef8890
0x000000000303e760:   0000000022bb3370 0000000000000014
0x000000000303e770:   0000000500000005 0000000022b7db0c
0x000000000303e780:   0000010000000003 0000000000000001
0x000000000303e790:   00000000fffffffe 0000000022bbe394
0x000000000303e7a0:   0000000000000000 000000010000002a
0x000000000303e7b0:   000000000147d290 0000000100000001
0x000000000303e7c0:   000001000000002a 0000000000000100
0x000000000303e7d0:   0000000100000001 00000000fffffffe
0x000000000303e7e0:   0000000000000400 0000000000000004
0x000000000303e7f0:   0000000500000200 0000000000000100
0x000000000303e800:   0000000100000003 0000000100000002
0x000000000303e810:   00000000fffffe00 0000000000000000 

Instructions: (pc=0x0000000069618761)
0x0000000069618741:   2c 44 89 ea 8b 44 24 70 eb 2c 0f 1f 44 00 00 41
0x0000000069618751:   39 f3 7d 34 4c 8b 4c 24 40 4c 63 c1 ff c0 01 d9
0x0000000069618761:   f3 43 0f 10 04 81 4c 63 c2 01 ea 41 39 c2 f3 43
0x0000000069618771:   0f 11 04 86 74 26 41 89 c0 41 c1 e8 1f 39 c7 41 


Register to memory mapping:

RAX=0x0000000000000001 is an unknown value
RBX=0x0000000000000001 is an unknown value
RCX=0x0000000000000401 is an unknown value
RDX=0x0000000000003216 is an unknown value
RSP=0x000000000303e720 is pointing into the stack for thread: 0x0000000003049000
RBP=0x0000000000000001 is an unknown value
RSI=0x000000000000002a is an unknown value
RDI=0x0000000000000100 is an unknown value
R8 =0x0000000000000400 is an unknown value
R9 =0x0000000022bb3370 is an unknown value
R10=0x0000000000000003 is an unknown value
R11=0x0000000000000004 is an unknown value
R12=0x0000000000000005 is an unknown value
R13=0x0000000000003214 is an unknown value
R14=0x0000000030eec040 is an unknown value
R15=0x0000000000000004 is an unknown value


Stack: [0x0000000002f40000,0x0000000003040000],  sp=0x000000000303e720,  free space=1017k
Native frames: (J=compiled Java code, j=interpreted, Vv=VM code, C=native code)
C  [libnd4jcpu.dll+0x198761]
C  [libnd4jcpu.dll+0x139f42]
C  [libnd4jcpu.dll+0x41b16b]
C  [jnind4jcpu.dll+0x526b2]
C  0x0000000003157f74

Java frames: (J=compiled Java code, j=interpreted, Vv=VM code)
j  org.nd4j.nativeblas.Nd4jCpu$NativeOps.execTransformFloat(Lorg/bytedeco/javacpp/PointerPointer;ILorg/bytedeco/javacpp/FloatPointer;Lorg/bytedeco/javacpp/IntPointer;Lorg/bytedeco/javacpp/FloatPointer;Lorg/bytedeco/javacpp/IntPointer;Lorg/bytedeco/javacpp/FloatPointer;)V+0
j  org.nd4j.linalg.cpu.nativecpu.ops.NativeOpExecutioner.exec(Lorg/nd4j/linalg/api/ops/TransformOp;)V+1644
j  org.nd4j.linalg.cpu.nativecpu.ops.NativeOpExecutioner.exec(Lorg/nd4j/linalg/api/ops/Op;)Lorg/nd4j/linalg/api/ops/Op;+39
j  org.nd4j.linalg.convolution.Convolution.im2col(Lorg/nd4j/linalg/api/ndarray/INDArray;IIIIIIZLorg/nd4j/linalg/api/ndarray/INDArray;)Lorg/nd4j/linalg/api/ndarray/INDArray;+28
j  org.deeplearning4j.nn.layers.convolution.ConvolutionLayer.preOutput(ZZ)Lorg/nd4j/linalg/primitives/Pair;+772
j  org.deeplearning4j.nn.layers.convolution.ConvolutionLayer.preOutput4d(ZZ)Lorg/nd4j/linalg/primitives/Pair;+3
j  org.deeplearning4j.nn.layers.convolution.ConvolutionLayer.backpropGradient(Lorg/nd4j/linalg/api/ndarray/INDArray;)Lorg/nd4j/linalg/primitives/Pair;+279
j  org.deeplearning4j.nn.multilayer.MultiLayerNetwork.calcBackpropGradients(Lorg/nd4j/linalg/api/ndarray/INDArray;Z)Lorg/nd4j/linalg/primitives/Pair;+478
j  org.deeplearning4j.nn.multilayer.MultiLayerNetwork.backprop()V+3
j  org.deeplearning4j.nn.multilayer.MultiLayerNetwork.computeGradientAndScore()V+219
j  org.deeplearning4j.optimize.solvers.BaseOptimizer.gradientAndScore()Lorg/nd4j/linalg/primitives/Pair;+12
j  org.deeplearning4j.optimize.solvers.StochasticGradientDescent.optimize()Z+14
j  org.deeplearning4j.optimize.Solver.optimize()V+8
j  org.deeplearning4j.nn.multilayer.MultiLayerNetwork.fit(Lorg/nd4j/linalg/api/ndarray/INDArray;Lorg/nd4j/linalg/api/ndarray/INDArray;Lorg/nd4j/linalg/api/ndarray/INDArray;Lorg/nd4j/linalg/api/ndarray/INDArray;)V+550
j  org.deeplearning4j.nn.multilayer.MultiLayerNetwork.fit(Lorg/nd4j/linalg/api/ndarray/INDArray;Lorg/nd4j/linalg/api/ndarray/INDArray;)V+5
j  org.deeplearning4j.nn.multilayer.MultiLayerNetwork.fit(Lorg/nd4j/linalg/dataset/api/DataSet;)V+84
j  org.deeplearning4j.earlystopping.trainer.EarlyStoppingTrainer.fit(Lorg/nd4j/linalg/dataset/DataSet;)V+5
j  org.deeplearning4j.earlystopping.trainer.BaseEarlyStoppingTrainer.fit()Lorg/deeplearning4j/earlystopping/EarlyStoppingResult;+211
j  Deeplearning.mestrado.TransferLearningSacroileite.earlyStopLeNet(Lorg/nd4j/linalg/dataset/api/iterator/DataSetIterator;Lorg/nd4j/linalg/dataset/api/iterator/DataSetIterator;IIII)Lorg/deeplearning4j/nn/multilayer/MultiLayerNetwork;+135
j  Deeplearning.mestrado.App.main([Ljava/lang/String;)V+257
v  ~StubRoutines::call_stub

---------------  P R O C E S S  ---------------

Java Threads: ( => current thread )
  0x000000001fde6000 JavaThread "NativeRandomDeallocator thread 0" daemon [_thread_blocked, id=14688, stack(0x000000002e540000,0x000000002e640000)]
  0x000000001fde2000 JavaThread "JavaCPP Deallocator" daemon [_thread_blocked, id=340, stack(0x0000000023040000,0x0000000023140000)]
  0x000000001fde9000 JavaThread "Workspace deallocator thread" daemon [_thread_blocked, id=2352, stack(0x0000000022f40000,0x0000000023040000)]
  0x000000001fde7800 JavaThread "Thread-1" daemon [_thread_blocked, id=6712, stack(0x0000000022c40000,0x0000000022d40000)]
  0x000000001fde3000 JavaThread "New I/O server boss #9" [_thread_in_native, id=8376, stack(0x0000000022a40000,0x0000000022b40000)]
  0x000000001fde8000 JavaThread "New I/O worker #8" [_thread_in_native, id=14964, stack(0x0000000022940000,0x0000000022a40000)]
  0x000000001fde3800 JavaThread "New I/O worker #7" [_thread_in_native, id=9892, stack(0x0000000022840000,0x0000000022940000)]
  0x000000001fc92800 JavaThread "New I/O worker #6" [_thread_in_native, id=15252, stack(0x0000000022740000,0x0000000022840000)]
  0x000000002029f800 JavaThread "New I/O worker #5" [_thread_in_native, id=3544, stack(0x0000000022640000,0x0000000022740000)]
  0x000000001fd6c000 JavaThread "New I/O worker #4" [_thread_in_native, id=1184, stack(0x0000000022540000,0x0000000022640000)]
  0x000000002029e800 JavaThread "New I/O worker #3" [_thread_in_native, id=3708, stack(0x0000000022440000,0x0000000022540000)]
  0x0000000020d43000 JavaThread "New I/O worker #2" [_thread_in_native, id=6216, stack(0x0000000022340000,0x0000000022440000)]
  0x0000000020d41800 JavaThread "New I/O worker #1" [_thread_in_native, id=9372, stack(0x0000000022240000,0x0000000022340000)]
  0x000000002026c000 JavaThread "application-akka.actor.default-dispatcher-4" [_thread_blocked, id=2772, stack(0x0000000020c30000,0x0000000020d30000)]
  0x0000000020269800 JavaThread "application-akka.actor.default-dispatcher-3" [_thread_blocked, id=4184, stack(0x0000000020b30000,0x0000000020c30000)]
  0x00000000201f5000 JavaThread "application-akka.actor.default-dispatcher-2" [_thread_blocked, id=1656, stack(0x0000000020830000,0x0000000020930000)]
  0x0000000020211800 JavaThread "application-scheduler-1" [_thread_blocked, id=10652, stack(0x0000000020730000,0x0000000020830000)]
  0x000000001e198800 JavaThread "Service Thread" daemon [_thread_blocked, id=14376, stack(0x000000001e560000,0x000000001e660000)]
  0x000000001c823000 JavaThread "C1 CompilerThread2" daemon [_thread_blocked, id=8660, stack(0x000000001e060000,0x000000001e160000)]
  0x000000001c81c800 JavaThread "C2 CompilerThread1" daemon [_thread_blocked, id=5084, stack(0x000000001df60000,0x000000001e060000)]
  0x000000001c81a800 JavaThread "C2 CompilerThread0" daemon [_thread_blocked, id=14968, stack(0x000000001de60000,0x000000001df60000)]
  0x000000001c819000 JavaThread "Attach Listener" daemon [_thread_blocked, id=1680, stack(0x000000001dd60000,0x000000001de60000)]
  0x000000001c817800 JavaThread "Signal Dispatcher" daemon [_thread_blocked, id=4644, stack(0x000000001dc60000,0x000000001dd60000)]
  0x000000000313d800 JavaThread "Finalizer" daemon [_thread_blocked, id=6928, stack(0x000000001da60000,0x000000001db60000)]
  0x000000001c7d8800 JavaThread "Reference Handler" daemon [_thread_blocked, id=14880, stack(0x000000001d960000,0x000000001da60000)]
=>0x0000000003049000 JavaThread "main" [_thread_in_native, id=15268, stack(0x0000000002f40000,0x0000000003040000)]

Other Threads:
  0x000000001c7d8000 VMThread [stack: 0x000000001d860000,0x000000001d960000] [id=10268]
  0x000000001e244800 WatcherThread [stack: 0x000000001ea60000,0x000000001eb60000] [id=15056]

VM state:not at safepoint (normal execution)

VM Mutex/Monitor currently owned by a thread: None

Heap:
 PSYoungGen      total 770560K, used 57097K [0x000000076ab00000, 0x000000079de00000, 0x00000007c0000000)
  eden space 710656K, 2% used [0x000000076ab00000,0x000000076b9236f0,0x0000000796100000)
  from space 59904K, 71% used [0x000000079a080000,0x000000079ca1ee00,0x000000079db00000)
  to   space 64000K, 0% used [0x0000000796100000,0x0000000796100000,0x0000000799f80000)
 ParOldGen       total 74240K, used 48923K [0x00000006c0000000, 0x00000006c4880000, 0x000000076ab00000)
  object space 74240K, 65% used [0x00000006c0000000,0x00000006c2fc6cd8,0x00000006c4880000)
 Metaspace       used 33292K, capacity 33658K, committed 33792K, reserved 1079296K
  class space    used 4170K, capacity 4270K, committed 4352K, reserved 1048576K

Card table byte_map: [0x0000000012500000,0x0000000012d10000] byte_map_base: 0x000000000ef00000

Marking Bits: (ParMarkBitMap*) 0x00000000555ec720
 Begin Bits: [0x0000000013670000, 0x0000000017670000)
 End Bits:   [0x0000000017670000, 0x000000001b670000)

Polling page: 0x0000000001450000

CodeCache: size=245760Kb used=8400Kb max_used=8694Kb free=237359Kb
 bounds [0x0000000003140000, 0x00000000039e0000, 0x0000000012140000]
 total_blobs=3271 nmethods=2139 adapters=1044
 compilation: enabled

Compilation events (10 events):
Event: 15.572 Thread 0x000000001c823000 2661       3       java.util.concurrent.locks.ReentrantReadWriteLock::readLock (5 bytes)
Event: 15.573 Thread 0x000000001c823000 nmethod 2661 0x000000000393c290 code [0x000000000393c3e0, 0x000000000393c550]
Event: 15.573 Thread 0x000000001c823000 2663       3       java.util.Arrays::equals (54 bytes)
Event: 15.573 Thread 0x000000001c823000 nmethod 2663 0x000000000393bc90 code [0x000000000393be00, 0x000000000393c170]
Event: 15.573 Thread 0x000000001c823000 2662       3       org.bytedeco.javacpp.Pointer::address (5 bytes)
Event: 15.573 Thread 0x000000001c823000 nmethod 2662 0x000000000393b950 code [0x000000000393baa0, 0x000000000393bbf0]
Event: 15.583 Thread 0x000000001c823000 2665       3       org.nd4j.linalg.api.shape.Shape::length (41 bytes)
Event: 15.583 Thread 0x000000001c823000 nmethod 2665 0x000000000356c390 code [0x000000000356c560, 0x000000000356cc38]
Event: 15.583 Thread 0x000000001c823000 2664       3       java.util.concurrent.ConcurrentHashMap::containsKey (14 bytes)
Event: 15.583 Thread 0x000000001c823000 nmethod 2664 0x000000000393b550 code [0x000000000393b6c0, 0x000000000393b8a8]

GC Heap History (10 events):
Event: 8.175 GC heap before
{Heap before GC invocations=13 (full 1):
 PSYoungGen      total 227328K, used 227298K [0x000000076ab00000, 0x0000000781100000, 0x00000007c0000000)
  eden space 204288K, 100% used [0x000000076ab00000,0x0000000777280000,0x0000000777280000)
  from space 23040K, 99% used [0x0000000777280000,0x00000007788f8a30,0x0000000778900000)
  to   space 28160K, 0% used [0x000000077f580000,0x000000077f580000,0x0000000781100000)
 ParOldGen       total 74240K, used 27707K [0x00000006c0000000, 0x00000006c4880000, 0x000000076ab00000)
  object space 74240K, 37% used [0x00000006c0000000,0x00000006c1b0ec18,0x00000006c4880000)
 Metaspace       used 28032K, capacity 28348K, committed 28672K, reserved 1075200K
  class space    used 3639K, capacity 3721K, committed 3840K, reserved 1048576K
Event: 8.203 GC heap after
Heap after GC invocations=13 (full 1):
 PSYoungGen      total 332288K, used 28139K [0x000000076ab00000, 0x0000000782100000, 0x00000007c0000000)
  eden space 304128K, 0% used [0x000000076ab00000,0x000000076ab00000,0x000000077d400000)
  from space 28160K, 99% used [0x000000077f580000,0x00000007810faee8,0x0000000781100000)
  to   space 34304K, 0% used [0x000000077d400000,0x000000077d400000,0x000000077f580000)
 ParOldGen       total 74240K, used 30380K [0x00000006c0000000, 0x00000006c4880000, 0x000000076ab00000)
  object space 74240K, 40% used [0x00000006c0000000,0x00000006c1dab130,0x00000006c4880000)
 Metaspace       used 28032K, capacity 28348K, committed 28672K, reserved 1075200K
  class space    used 3639K, capacity 3721K, committed 3840K, reserved 1048576K
}
Event: 8.847 GC heap before
{Heap before GC invocations=14 (full 1):
 PSYoungGen      total 332288K, used 332267K [0x000000076ab00000, 0x0000000782100000, 0x00000007c0000000)
  eden space 304128K, 100% used [0x000000076ab00000,0x000000077d400000,0x000000077d400000)
  from space 28160K, 99% used [0x000000077f580000,0x00000007810faee8,0x0000000781100000)
  to   space 34304K, 0% used [0x000000077d400000,0x000000077d400000,0x000000077f580000)
 ParOldGen       total 74240K, used 30380K [0x00000006c0000000, 0x00000006c4880000, 0x000000076ab00000)
  object space 74240K, 40% used [0x00000006c0000000,0x00000006c1dab130,0x00000006c4880000)
 Metaspace       used 28927K, capacity 29282K, committed 29440K, reserved 1075200K
  class space    used 3733K, capacity 3818K, committed 3840K, reserved 1048576K
Event: 8.871 GC heap after
Heap after GC invocations=14 (full 1):
 PSYoungGen      total 338432K, used 34303K [0x000000076ab00000, 0x000000078c780000, 0x00000007c0000000)
  eden space 304128K, 0% used [0x000000076ab00000,0x000000076ab00000,0x000000077d400000)
  from space 34304K, 99% used [0x000000077d400000,0x000000077f57fd88,0x000000077f580000)
  to   space 42496K, 0% used [0x0000000789e00000,0x0000000789e00000,0x000000078c780000)
 ParOldGen       total 74240K, used 37064K [0x00000006c0000000, 0x00000006c4880000, 0x000000076ab00000)
  object space 74240K, 49% used [0x00000006c0000000,0x00000006c2432310,0x00000006c4880000)
 Metaspace       used 28927K, capacity 29282K, committed 29440K, reserved 1075200K
  class space    used 3733K, capacity 3818K, committed 3840K, reserved 1048576K
}
Event: 9.403 GC heap before
{Heap before GC invocations=15 (full 1):
 PSYoungGen      total 338432K, used 338431K [0x000000076ab00000, 0x000000078c780000, 0x00000007c0000000)
  eden space 304128K, 100% used [0x000000076ab00000,0x000000077d400000,0x000000077d400000)
  from space 34304K, 99% used [0x000000077d400000,0x000000077f57fd88,0x000000077f580000)
  to   space 42496K, 0% used [0x0000000789e00000,0x0000000789e00000,0x000000078c780000)
 ParOldGen       total 74240K, used 37064K [0x00000006c0000000, 0x00000006c4880000, 0x000000076ab00000)
  object space 74240K, 49% used [0x00000006c0000000,0x00000006c2432310,0x00000006c4880000)
 Metaspace       used 28960K, capacity 29282K, committed 29440K, reserved 1075200K
  class space    used 3733K, capacity 3818K, committed 3840K, reserved 1048576K
Event: 9.430 GC heap after
Heap after GC invocations=15 (full 1):
 PSYoungGen      total 505344K, used 38460K [0x000000076ab00000, 0x000000078d500000, 0x00000007c0000000)
  eden space 462848K, 0% used [0x000000076ab00000,0x000000076ab00000,0x0000000786f00000)
  from space 42496K, 90% used [0x0000000789e00000,0x000000078c38f110,0x000000078c780000)
  to   space 48128K, 0% used [0x0000000786f00000,0x0000000786f00000,0x0000000789e00000)
 ParOldGen       total 74240K, used 38377K [0x00000006c0000000, 0x00000006c4880000, 0x000000076ab00000)
  object space 74240K, 51% used [0x00000006c0000000,0x00000006c257a5f0,0x00000006c4880000)
 Metaspace       used 28960K, capacity 29282K, committed 29440K, reserved 1075200K
  class space    used 3733K, capacity 3818K, committed 3840K, reserved 1048576K
}
Event: 10.738 GC heap before
{Heap before GC invocations=16 (full 1):
 PSYoungGen      total 505344K, used 501308K [0x000000076ab00000, 0x000000078d500000, 0x00000007c0000000)
  eden space 462848K, 100% used [0x000000076ab00000,0x0000000786f00000,0x0000000786f00000)
  from space 42496K, 90% used [0x0000000789e00000,0x000000078c38f110,0x000000078c780000)
  to   space 48128K, 0% used [0x0000000786f00000,0x0000000786f00000,0x0000000789e00000)
 ParOldGen       total 74240K, used 38377K [0x00000006c0000000, 0x00000006c4880000, 0x000000076ab00000)
  object space 74240K, 51% used [0x00000006c0000000,0x00000006c257a5f0,0x00000006c4880000)
 Metaspace       used 29110K, capacity 29480K, committed 29696K, reserved 1075200K
  class space    used 3744K, capacity 3819K, committed 3840K, reserved 1048576K
Event: 10.782 GC heap after
Heap after GC invocations=16 (full 1):
 PSYoungGen      total 510976K, used 48115K [0x000000076ab00000, 0x000000079db00000, 0x00000007c0000000)
  eden space 462848K, 0% used [0x000000076ab00000,0x000000076ab00000,0x0000000786f00000)
  from space 48128K, 99% used [0x0000000786f00000,0x0000000789dfcf30,0x0000000789e00000)
  to   space 59904K, 0% used [0x000000079a080000,0x000000079a080000,0x000000079db00000)
 ParOldGen       total 74240K, used 47635K [0x00000006c0000000, 0x00000006c4880000, 0x000000076ab00000)
  object space 74240K, 64% used [0x00000006c0000000,0x00000006c2e84cc8,0x00000006c4880000)
 Metaspace       used 29110K, capacity 29480K, committed 29696K, reserved 1075200K
  class space    used 3744K, capacity 3819K, committed 3840K, reserved 1048576K
}
Event: 15.152 GC heap before
{Heap before GC invocations=17 (full 1):
 PSYoungGen      total 510976K, used 510963K [0x000000076ab00000, 0x000000079db00000, 0x00000007c0000000)
  eden space 462848K, 100% used [0x000000076ab00000,0x0000000786f00000,0x0000000786f00000)
  from space 48128K, 99% used [0x0000000786f00000,0x0000000789dfcf30,0x0000000789e00000)
  to   space 59904K, 0% used [0x000000079a080000,0x000000079a080000,0x000000079db00000)
 ParOldGen       total 74240K, used 47635K [0x00000006c0000000, 0x00000006c4880000, 0x000000076ab00000)
  object space 74240K, 64% used [0x00000006c0000000,0x00000006c2e84cc8,0x00000006c4880000)
 Metaspace       used 32763K, capacity 33114K, committed 33280K, reserved 1079296K
  class space    used 4131K, capacity 4238K, committed 4352K, reserved 1048576K
Event: 15.189 GC heap after
Heap after GC invocations=17 (full 1):
 PSYoungGen      total 770560K, used 42619K [0x000000076ab00000, 0x000000079de00000, 0x00000007c0000000)
  eden space 710656K, 0% used [0x000000076ab00000,0x000000076ab00000,0x0000000796100000)
  from space 59904K, 71% used [0x000000079a080000,0x000000079ca1ee00,0x000000079db00000)
  to   space 64000K, 0% used [0x0000000796100000,0x0000000796100000,0x0000000799f80000)
 ParOldGen       total 74240K, used 48923K [0x00000006c0000000, 0x00000006c4880000, 0x000000076ab00000)
  object space 74240K, 65% used [0x00000006c0000000,0x00000006c2fc6cd8,0x00000006c4880000)
 Metaspace       used 32763K, capacity 33114K, committed 33280K, reserved 1079296K
  class space    used 4131K, capacity 4238K, committed 4352K, reserved 1048576K
}

Deoptimization events (10 events):
Event: 13.766 Thread 0x0000000003049000 Uncommon trap: reason=unstable_if action=reinterpret pc=0x000000000339dd88 method=java.io.BufferedInputStream.read1([BII)I @ 60
Event: 13.869 Thread 0x0000000003049000 Uncommon trap: reason=unstable_if action=reinterpret pc=0x00000000036911cc method=java.net.URI.match(CJJ)Z @ 19
Event: 13.869 Thread 0x0000000003049000 Uncommon trap: reason=unstable_if action=reinterpret pc=0x0000000003676288 method=java.net.URI.match(CJJ)Z @ 19
Event: 14.451 Thread 0x0000000003049000 Uncommon trap: reason=unstable_if action=reinterpret pc=0x0000000003673178 method=sun.nio.fs.Util.followLinks([Ljava/nio/file/LinkOption;)Z @ 13
Event: 15.125 Thread 0x0000000003049000 Uncommon trap: reason=bimorphic action=maybe_recompile pc=0x000000000393f148 method=java.util.AbstractList$Itr.next()Ljava/lang/Object; @ 14
Event: 15.125 Thread 0x0000000003049000 Uncommon trap: reason=bimorphic action=maybe_recompile pc=0x000000000393f148 method=java.util.AbstractList$Itr.next()Ljava/lang/Object; @ 14
Event: 15.125 Thread 0x0000000003049000 Uncommon trap: reason=bimorphic action=maybe_recompile pc=0x000000000393f148 method=java.util.AbstractList$Itr.next()Ljava/lang/Object; @ 14
Event: 15.225 Thread 0x0000000003049000 Uncommon trap: reason=unstable_if action=reinterpret pc=0x0000000003263ae0 method=java.io.BufferedInputStream.read1([BII)I @ 60
Event: 15.227 Thread 0x0000000003049000 Uncommon trap: reason=unstable_if action=reinterpret pc=0x00000000032566dc method=java.util.concurrent.ConcurrentHashMap.get(Ljava/lang/Object;)Ljava/lang/Object; @ 76
Event: 15.228 Thread 0x0000000003049000 Uncommon trap: reason=class_check action=maybe_recompile pc=0x00000000037456c4 method=java.util.concurrent.ConcurrentHashMap.putVal(Ljava/lang/Object;Ljava/lang/Object;Z)Ljava/lang/Object; @ 192

Internal exceptions (10 events):
Event: 1.162 Thread 0x0000000003049000 Exception <a 'java/lang/ArrayIndexOutOfBoundsException'> (0x000000076acf7938) thrown at [C:\re\workspace\8-2-build-windows-amd64-cygwin\jdk8u131\8869\hotspot\src\share\vm\runtime\sharedRuntime.cpp, line 605]
Event: 1.162 Thread 0x0000000003049000 Exception <a 'java/lang/ArrayIndexOutOfBoundsException': 0> (0x000000076acf7f68) thrown at [C:\re\workspace\8-2-build-windows-amd64-cygwin\jdk8u131\8869\hotspot\src\share\vm\interpreter\interpreterRuntime.cpp, line 366]
Event: 1.163 Thread 0x0000000003049000 Exception <a 'java/lang/ArrayIndexOutOfBoundsException'> (0x000000076ad12db0) thrown at [C:\re\workspace\8-2-build-windows-amd64-cygwin\jdk8u131\8869\hotspot\src\share\vm\runtime\sharedRuntime.cpp, line 605]
Event: 1.201 Thread 0x0000000003049000 Exception <a 'java/lang/ArrayIndexOutOfBoundsException'> (0x000000076af37168) thrown at [C:\re\workspace\8-2-build-windows-amd64-cygwin\jdk8u131\8869\hotspot\src\share\vm\runtime\sharedRuntime.cpp, line 605]
Event: 1.201 Thread 0x0000000003049000 Exception <a 'java/lang/ArrayIndexOutOfBoundsException': 0> (0x000000076af37770) thrown at [C:\re\workspace\8-2-build-windows-amd64-cygwin\jdk8u131\8869\hotspot\src\share\vm\interpreter\interpreterRuntime.cpp, line 366]
Event: 1.884 Thread 0x0000000003049000 Exception <a 'java/lang/ArrayIndexOutOfBoundsException'> (0x000000076c51c3b0) thrown at [C:\re\workspace\8-2-build-windows-amd64-cygwin\jdk8u131\8869\hotspot\src\share\vm\runtime\sharedRuntime.cpp, line 605]
Event: 1.884 Thread 0x0000000003049000 Exception <a 'java/lang/ArrayIndexOutOfBoundsException'> (0x000000076c51d3f8) thrown at [C:\re\workspace\8-2-build-windows-amd64-cygwin\jdk8u131\8869\hotspot\src\share\vm\runtime\sharedRuntime.cpp, line 605]
Event: 1.921 Thread 0x0000000003049000 Exception <a 'java/lang/ArrayIndexOutOfBoundsException'> (0x000000076cb12570) thrown at [C:\re\workspace\8-2-build-windows-amd64-cygwin\jdk8u131\8869\hotspot\src\share\vm\runtime\sharedRuntime.cpp, line 605]
Event: 3.592 Thread 0x0000000003049000 Implicit null exception at 0x000000000361083b to 0x00000000036113f1
Event: 6.051 Thread 0x0000000003049000 Implicit null exception at 0x000000000373f7c3 to 0x0000000003740189

Events (10 events):
Event: 15.450 loading class org/deeplearning4j/nn/gradient/DefaultGradient
Event: 15.450 loading class org/deeplearning4j/nn/gradient/DefaultGradient done
Event: 15.453 loading class org/nd4j/linalg/cpu/nativecpu/blas/CpuLevel2
Event: 15.453 loading class org/nd4j/linalg/cpu/nativecpu/blas/CpuLevel2 done
Event: 15.454 loading class org/nd4j/linalg/api/blas/impl/BaseLevel2
Event: 15.454 loading class org/nd4j/linalg/api/blas/impl/BaseLevel2 done
Event: 15.455 loading class org/nd4j/linalg/api/blas/params/GemvParameters
Event: 15.455 loading class org/nd4j/linalg/api/blas/params/GemvParameters done
Event: 15.475 loading class org/deeplearning4j/nn/layers/FrozenLayer
Event: 15.475 loading class org/deeplearning4j/nn/layers/FrozenLayer done


Dynamic libraries:
0x00007ff7f4330000 - 0x00007ff7f4367000 	C:\Program Files\Java\jre1.8.0_131\bin\javaw.exe
0x00007ffba9d70000 - 0x00007ffba9f4b000 	C:\WINDOWS\SYSTEM32\ntdll.dll
0x00007ffba15f0000 - 0x00007ffba1623000 	C:\Program Files\AVAST Software\Avast\x64\aswhooka.dll
0x00007ffba7780000 - 0x00007ffba782e000 	C:\WINDOWS\System32\KERNEL32.DLL
0x00007ffba6880000 - 0x00007ffba6ac9000 	C:\WINDOWS\System32\KERNELBASE.dll
0x00007ffba9570000 - 0x00007ffba9611000 	C:\WINDOWS\System32\ADVAPI32.dll
0x00007ffba9620000 - 0x00007ffba96bd000 	C:\WINDOWS\System32\msvcrt.dll
0x00007ffba7a70000 - 0x00007ffba7ac9000 	C:\WINDOWS\System32\sechost.dll
0x00007ffba9930000 - 0x00007ffba9a55000 	C:\WINDOWS\System32\RPCRT4.dll
0x00007ffba7480000 - 0x00007ffba75ca000 	C:\WINDOWS\System32\USER32.dll
0x00007ffba6810000 - 0x00007ffba682e000 	C:\WINDOWS\System32\win32u.dll
0x00007ffba9890000 - 0x00007ffba98b7000 	C:\WINDOWS\System32\GDI32.dll
0x00007ffba6680000 - 0x00007ffba6808000 	C:\WINDOWS\System32\gdi32full.dll
0x00007ffba6ad0000 - 0x00007ffba6b6a000 	C:\WINDOWS\System32\msvcp_win.dll
0x00007ffba6340000 - 0x00007ffba6436000 	C:\WINDOWS\System32\ucrtbase.dll
0x00007ffb9a6b0000 - 0x00007ffb9a917000 	C:\WINDOWS\WinSxS\amd64_microsoft.windows.common-controls_6595b64144ccf1df_6.0.15063.483_none_26002d27e7c744a2\COMCTL32.dll
0x00007ffba9a60000 - 0x00007ffba9d59000 	C:\WINDOWS\System32\combase.dll
0x00007ffba6440000 - 0x00007ffba64aa000 	C:\WINDOWS\System32\bcryptPrimitives.dll
0x00007ffba72d0000 - 0x00007ffba72fd000 	C:\WINDOWS\System32\IMM32.DLL
0x0000000054cf0000 - 0x0000000054dc2000 	C:\Program Files\Java\jre1.8.0_131\bin\msvcr100.dll
0x0000000054dd0000 - 0x000000005566c000 	C:\Program Files\Java\jre1.8.0_131\bin\server\jvm.dll
0x00007ffba7850000 - 0x00007ffba7858000 	C:\WINDOWS\System32\PSAPI.DLL
0x00007ffb960d0000 - 0x00007ffb960d9000 	C:\WINDOWS\SYSTEM32\WSOCK32.dll
0x00007ffba98c0000 - 0x00007ffba992c000 	C:\WINDOWS\System32\WS2_32.dll
0x00007ffba3d80000 - 0x00007ffba3da3000 	C:\WINDOWS\SYSTEM32\WINMM.dll
0x00007ffb9c640000 - 0x00007ffb9c64a000 	C:\WINDOWS\SYSTEM32\VERSION.dll
0x00007ffba3d50000 - 0x00007ffba3d7b000 	C:\WINDOWS\SYSTEM32\WINMMBASE.dll
0x00007ffba6830000 - 0x00007ffba6879000 	C:\WINDOWS\System32\cfgmgr32.dll
0x0000000056ea0000 - 0x0000000056eaf000 	C:\Program Files\Java\jre1.8.0_131\bin\verify.dll
0x0000000056e70000 - 0x0000000056e99000 	C:\Program Files\Java\jre1.8.0_131\bin\java.dll
0x0000000056e50000 - 0x0000000056e66000 	C:\Program Files\Java\jre1.8.0_131\bin\zip.dll
0x00007ffba7f90000 - 0x00007ffba93c7000 	C:\WINDOWS\System32\SHELL32.dll
0x00007ffba7370000 - 0x00007ffba741a000 	C:\WINDOWS\System32\shcore.dll
0x00007ffba6b70000 - 0x00007ffba7263000 	C:\WINDOWS\System32\windows.storage.dll
0x00007ffba7300000 - 0x00007ffba7351000 	C:\WINDOWS\System32\shlwapi.dll
0x00007ffba6250000 - 0x00007ffba6261000 	C:\WINDOWS\System32\kernel.appcore.dll
0x00007ffba61e0000 - 0x00007ffba622c000 	C:\WINDOWS\System32\powrprof.dll
0x00007ffba6230000 - 0x00007ffba6245000 	C:\WINDOWS\System32\profapi.dll
0x0000000056e30000 - 0x0000000056e4a000 	C:\Program Files\Java\jre1.8.0_131\bin\net.dll
0x00007ffba5a90000 - 0x00007ffba5aec000 	C:\WINDOWS\system32\mswsock.dll
0x0000000056e10000 - 0x0000000056e21000 	C:\Program Files\Java\jre1.8.0_131\bin\nio.dll
0x00007ffba5c40000 - 0x00007ffba5c57000 	C:\WINDOWS\SYSTEM32\CRYPTSP.dll
0x00007ffba56b0000 - 0x00007ffba56e4000 	C:\WINDOWS\system32\rsaenh.dll
0x00007ffba5da0000 - 0x00007ffba5dc5000 	C:\WINDOWS\SYSTEM32\bcrypt.dll
0x00007ffba6110000 - 0x00007ffba6139000 	C:\WINDOWS\SYSTEM32\USERENV.dll
0x00007ffba5c30000 - 0x00007ffba5c3b000 	C:\WINDOWS\SYSTEM32\CRYPTBASE.dll
0x00007ffba5830000 - 0x00007ffba5867000 	C:\WINDOWS\SYSTEM32\IPHLPAPI.DLL
0x00007ffba9d60000 - 0x00007ffba9d68000 	C:\WINDOWS\System32\NSI.dll
0x00007ffba0a10000 - 0x00007ffba0a26000 	C:\WINDOWS\SYSTEM32\dhcpcsvc6.DLL
0x00007ffba0d80000 - 0x00007ffba0d9a000 	C:\WINDOWS\SYSTEM32\dhcpcsvc.DLL
0x0000000069480000 - 0x0000000069a6a000 	C:\Users\mcfal\.javacpp\cache\nd4j-native-0.9.2-SNAPSHOT-windows-x86_64.jar\org\nd4j\nativeblas\windows-x86_64\libnd4jcpu.dll
0x0000000066880000 - 0x00000000669f4000 	C:\Users\mcfal\.javacpp\cache\nd4j-native-0.9.2-SNAPSHOT-windows-x86_64.jar\org\nd4j\nativeblas\windows-x86_64\jnind4jcpu.dll
0x000000006d7c0000 - 0x000000006fc22000 	C:\Users\mcfal\.javacpp\cache\openblas-0.2.19-1.3-windows-x86_64.jar\org\bytedeco\javacpp\windows-x86_64\libopenblas.dll
0x0000000067800000 - 0x0000000068599000 	C:\Users\mcfal\.javacpp\cache\openblas-0.2.19-1.3-windows-x86_64.jar\org\bytedeco\javacpp\windows-x86_64\jniopenblas.dll
0x00007ffb80250000 - 0x00007ffb8033f000 	C:\Users\mcfal\.javacpp\cache\hdf5-1.10.0-patch1-1.3-windows-x86_64.jar\org\bytedeco\javacpp\windows-x86_64\msvcr120.dll
0x00007ffb79460000 - 0x00007ffb79506000 	C:\Users\mcfal\.javacpp\cache\hdf5-1.10.0-patch1-1.3-windows-x86_64.jar\org\bytedeco\javacpp\windows-x86_64\msvcp120.dll
0x00007ffb5c160000 - 0x00007ffb5c3e8000 	C:\Users\mcfal\.javacpp\cache\opencv-3.2.0-1.3-windows-x86_64.jar\org\bytedeco\javacpp\windows-x86_64\opencv_core320.dll
0x00007ffb5bdf0000 - 0x00007ffb5c152000 	C:\Users\mcfal\.javacpp\cache\opencv-3.2.0-1.3-windows-x86_64.jar\org\bytedeco\javacpp\windows-x86_64\opencv_imgproc320.dll
0x00007ffb5bba0000 - 0x00007ffb5bdea000 	C:\Users\mcfal\.javacpp\cache\opencv-3.2.0-1.3-windows-x86_64.jar\org\bytedeco\javacpp\windows-x86_64\jniopencv_core.dll
0x00007ffb74c30000 - 0x00007ffb74d20000 	C:\Users\mcfal\.javacpp\cache\opencv-3.2.0-1.3-windows-x86_64.jar\org\bytedeco\javacpp\windows-x86_64\jniopencv_imgproc.dll
0x00007ffb5b8d0000 - 0x00007ffb5bb9a000 	C:\Users\mcfal\.javacpp\cache\opencv-3.2.0-1.3-windows-x86_64.jar\org\bytedeco\javacpp\windows-x86_64\opencv_imgcodecs320.dll
0x00007ffb7f6f0000 - 0x00007ffb7f715000 	C:\Users\mcfal\.javacpp\cache\opencv-3.2.0-1.3-windows-x86_64.jar\org\bytedeco\javacpp\windows-x86_64\jniopencv_imgcodecs.dll
0x00007ffb94400000 - 0x00007ffb945a9000 	C:\WINDOWS\SYSTEM32\dbghelp.dll

VM Arguments:
jvm_args: -Xmx4096m -Dorg.deeplearning4j.ui.port=9003 -Dfile.encoding=UTF-8 
java_command: Deeplearning.mestrado.App -Xmx2048m
java_class_path (initial): C:\Users\mcfal\Documents\GitHub\Sacroilite-Deep-Learning\target\classes;C:\Users\mcfal\.m2\repository\org\deeplearning4j\deeplearning4j-core\0.9.2-SNAPSHOT\deeplearning4j-core-0.9.2-SNAPSHOT.jar;C:\Users\mcfal\.m2\repository\org\deeplearning4j\nearestneighbor-core\0.9.2-SNAPSHOT\nearestneighbor-core-0.9.2-SNAPSHOT.jar;C:\Users\mcfal\.m2\repository\org\deeplearning4j\deeplearning4j-modelimport\0.9.2-SNAPSHOT\deeplearning4j-modelimport-0.9.2-SNAPSHOT.jar;C:\Users\mcfal\.m2\repository\org\bytedeco\javacpp-presets\hdf5-platform\1.10.0-patch1-1.3\hdf5-platform-1.10.0-patch1-1.3.jar;C:\Users\mcfal\.m2\repository\org\bytedeco\javacpp-presets\hdf5\1.10.0-patch1-1.3\hdf5-1.10.0-patch1-1.3.jar;C:\Users\mcfal\.m2\repository\org\bytedeco\javacpp-presets\hdf5\1.10.0-patch1-1.3\hdf5-1.10.0-patch1-1.3-linux-x86.jar;C:\Users\mcfal\.m2\repository\org\bytedeco\javacpp-presets\hdf5\1.10.0-patch1-1.3\hdf5-1.10.0-patch1-1.3-linux-x86_64.jar;C:\Users\mcfal\.m2\repository\org\bytedeco\javacpp-presets\hdf5\1.10.0-patch1-1.3\hdf5-1.10.0-patch1-1.3-linux-ppc64le.jar;C:\Users\mcfal\.m2\repository\org\bytedeco\javacpp-presets\hdf5\1.10.0-patch1-1.3\hdf5-1.10.0-patch1-1.3-macosx-x86_64.jar;C:\Users\mcfal\.m2\repository\org\bytedeco\javacpp-presets\hdf5\1.10.0-patch1-1.3\hdf5-1.10.0-patch1-1.3-windows-x86.jar;C:\Users\mcfal\.m2\repository\org\bytedeco\javacpp-presets\hdf5\1.10.0-patch1-1.3\hdf5-1.10.0-patch1-1.3-windows-x86_64.jar;C:\Users\mcfal\.m2\repository\org\deeplearning4j\deeplearning4j-nn\0.9.2-SNAPSHOT\deeplearning4j-nn-0.9.2-SNAPSHOT.jar;C:\Users\mcfal\.m2\repository\org\nd4j\nd4j-common\0.9.2-SNAPSHOT\nd4j-common-0.9.2-SNAPSHOT.jar;C:\Users\mcfal\.m2\repository\com\github\stephenc\findbugs\findbugs-annotations\1.3.9-1\findbugs-annotations-1.3.9-1.jar;C:\Users\mcfal\.m2\repository\org\apache\commons\commons-math3\3.4.1\commons-math3-3.4.1.jar;C:\Users\mcfal\.m2\repository\commons-io\commons-io\2.4\commons-io-2.4.jar;C:\Users\mcfal\.m2\repository\org\apache\
Launcher Type: SUN_STANDARD

Environment Variables:
JAVA_HOME=C:\Program Files\Java\jdk1.8.0_111
CLASSPATH=C:\Program Files\Java\jdk1.8.0_111\lib
PATH=C:/Program Files/Java/jre1.8.0_131/bin/server;C:/Program Files/Java/jre1.8.0_131/bin;C:/Program Files/Java/jre1.8.0_131/lib/amd64;C:\ProgramData\Oracle\Java\javapath;C:\Program Files (x86)\Intel\iCLS Client\;C:\Program Files\Intel\iCLS Client\;C:\Windows\system32;C:\Windows;C:\Windows\System32\Wbem;C:\Windows\System32\WindowsPowerShell\v1.0\;C:\Program Files (x86)\Intel\Intel(R) Management Engine Components\DAL;C:\Program Files\Intel\Intel(R) Management Engine Components\DAL;C:\Program Files (x86)\Intel\Intel(R) Management Engine Components\IPT;C:\Program Files\Intel\Intel(R) Management Engine Components\IPT;C:\Program Files (x86)\NVIDIA Corporation\PhysX\Common;C:\Program Files (x86)\GtkSharp\2.12\bin;C:\Program Files\nodejs\;C:\Program Files\MiKTeX 2.9\miktex\bin\x64\;C:\Users\mcfal\Desktop\Utilitarios\apache-maven-3.5.0\bin;C:\OpenSSL-Win64\bin;C:\Program Files\Java\jdk1.8.0_111\lib;C:\Program Files\Java\jdk1.8.0_111\bin;C:\Program Files\MATLAB\R2016a\runtime\win64;C:\Program Files\MATLAB\R2016a\bin;C:\Program Files\MATLAB\R2016a\polyspace\bin;C:\WINDOWS\system32;C:\WINDOWS;C:\WINDOWS\System32\Wbem;C:\WINDOWS\System32\WindowsPowerShell\v1.0\;C:\Python27\Scripts;C:\Users\mcfal\AppData\Local\Microsoft\WindowsApps;C:\Users\mcfal\AppData\Roaming\npm;;C:\Users\mcfal\Desktop;
USERNAME=mcfal
OS=Windows_NT
PROCESSOR_IDENTIFIER=Intel64 Family 6 Model 61 Stepping 4, GenuineIntel



---------------  S Y S T E M  ---------------

OS: Windows 10.0 , 64 bit Build 15063 (10.0.15063.296)

CPU:total 4 (initial active 4) (2 cores per cpu, 2 threads per core) family 6 model 61 stepping 4, cmov, cx8, fxsr, mmx, sse, sse2, sse3, ssse3, sse4.1, sse4.2, popcnt, avx, avx2, aes, clmul, erms, 3dnowpref, lzcnt, ht, tsc, tscinvbit, bmi1, bmi2, adx

Memory: 4k page, physical 8296896k(1782588k free), swap 15899072k(5754208k free)

vm_info: Java HotSpot(TM) 64-Bit Server VM (25.131-b11) for windows-amd64 JRE (1.8.0_131-b11), built on Mar 15 2017 01:23:53 by "java_re" with MS VC++ 10.0 (VS2010)

time: Fri Sep 08 14:52:27 2017
elapsed time: 15 seconds (0d 0h 0m 15s)

