#
# A fatal error has been detected by the Java Runtime Environment:
#
#  EXCEPTION_ACCESS_VIOLATION (0xc0000005) at pc=0x000000001ded8761, pid=3340, tid=0x00000000000047f4
#
# JRE version: Java(TM) SE Runtime Environment (8.0_131-b11) (build 1.8.0_131-b11)
# Java VM: Java HotSpot(TM) 64-Bit Server VM (25.131-b11 mixed mode windows-amd64 compressed oops)
# Problematic frame:
# C  [libnd4jcpu.dll+0x198761]
#
# Failed to write core dump. Minidumps are not enabled by default on client versions of Windows
#
# If you would like to submit a bug report, please visit:
#   http://bugreport.java.com/bugreport/crash.jsp
# The crash happened outside the Java Virtual Machine in native code.
# See problematic frame for where to report the bug.
#

---------------  T H R E A D  ---------------

Current thread (0x00000000026e9000):  JavaThread "main" [_thread_in_native, id=18420, stack(0x0000000002580000,0x0000000002680000)]

siginfo: ExceptionCode=0xc0000005, reading address 0x0000000044101020

Registers:
RAX=0x0000000000000001, RBX=0x0000000000000001, RCX=0x00000000000003e9, RDX=0x0000000000003aae
RSP=0x000000000267e260, RBP=0x0000000000000001, RSI=0x0000000000000064, RDI=0x00000000000000c8
R8 =0x00000000000003e8, R9 =0x0000000044100080, R10=0x0000000000000003, R11=0x0000000000000005
R12=0x0000000000000005, R13=0x0000000000003aac, R14=0x0000000040dec040, R15=0x0000000000000004
RIP=0x000000001ded8761, EFLAGS=0x0000000000010202

Top of Stack: (sp=0x000000000267e260)
0x000000000267e260:   000000000267e340 000000001d77cce0
0x000000000267e270:   0000000000000000 000000001de832c6
0x000000000267e280:   000000000267e340 000003e61de8331d
0x000000000267e290:   0000000300000001 0000000040dfaaf0
0x000000000267e2a0:   0000000044100080 0000000000000014
0x000000000267e2b0:   0000000500000006 0000000000cde98c
0x000000000267e2c0:   000000c800000003 000000c800000001
0x000000000267e2d0:   00000000fffffffe 0000000000cde844
0x000000000267e2e0:   0000000000000000 0000000100000064
0x000000000267e2f0:   0000000001000000 000000010000000a
0x000000000267e300:   000000c800000064 00000000000000c8
0x000000000267e310:   000000010000000a 00000000fffffffe
0x000000000267e320:   0000000000000320 0000000000000004
0x000000000267e330:   0000000500000190 00000000000000c8
0x000000000267e340:   0000000100000003 0000000100000002
0x000000000267e350:   00000000fffffe70 0000000000000000 

Instructions: (pc=0x000000001ded8761)
0x000000001ded8741:   2c 44 89 ea 8b 44 24 70 eb 2c 0f 1f 44 00 00 41
0x000000001ded8751:   39 f3 7d 34 4c 8b 4c 24 40 4c 63 c1 ff c0 01 d9
0x000000001ded8761:   f3 43 0f 10 04 81 4c 63 c2 01 ea 41 39 c2 f3 43
0x000000001ded8771:   0f 11 04 86 74 26 41 89 c0 41 c1 e8 1f 39 c7 41 


Register to memory mapping:

RAX=0x0000000000000001 is an unknown value
RBX=0x0000000000000001 is an unknown value
RCX=0x00000000000003e9 is an unknown value
RDX=0x0000000000003aae is an unknown value
RSP=0x000000000267e260 is pointing into the stack for thread: 0x00000000026e9000
RBP=0x0000000000000001 is an unknown value
RSI=0x0000000000000064 is an unknown value
RDI=0x00000000000000c8 is an unknown value
R8 =0x00000000000003e8 is an unknown value
R9 =0x0000000044100080 is an unknown value
R10=0x0000000000000003 is an unknown value
R11=0x0000000000000005 is an unknown value
R12=0x0000000000000005 is an unknown value
R13=0x0000000000003aac is an unknown value
R14=0x0000000040dec040 is an unknown value
R15=0x0000000000000004 is an unknown value


Stack: [0x0000000002580000,0x0000000002680000],  sp=0x000000000267e260,  free space=1016k
Native frames: (J=compiled Java code, j=interpreted, Vv=VM code, C=native code)
C  [libnd4jcpu.dll+0x198761]
C  [libnd4jcpu.dll+0x139f42]
C  [libnd4jcpu.dll+0x41b16b]
C  [jnind4jcpu.dll+0x526b2]
C  0x00000000027f7f74

Java frames: (J=compiled Java code, j=interpreted, Vv=VM code)
j  org.nd4j.nativeblas.Nd4jCpu$NativeOps.execTransformFloat(Lorg/bytedeco/javacpp/PointerPointer;ILorg/bytedeco/javacpp/FloatPointer;Lorg/bytedeco/javacpp/IntPointer;Lorg/bytedeco/javacpp/FloatPointer;Lorg/bytedeco/javacpp/IntPointer;Lorg/bytedeco/javacpp/FloatPointer;)V+0
j  org.nd4j.linalg.cpu.nativecpu.ops.NativeOpExecutioner.exec(Lorg/nd4j/linalg/api/ops/TransformOp;)V+1644
j  org.nd4j.linalg.cpu.nativecpu.ops.NativeOpExecutioner.exec(Lorg/nd4j/linalg/api/ops/Op;)Lorg/nd4j/linalg/api/ops/Op;+39
j  org.nd4j.linalg.convolution.Convolution.im2col(Lorg/nd4j/linalg/api/ndarray/INDArray;IIIIIIZLorg/nd4j/linalg/api/ndarray/INDArray;)Lorg/nd4j/linalg/api/ndarray/INDArray;+28
j  org.deeplearning4j.nn.layers.convolution.ConvolutionLayer.preOutput(ZZ)Lorg/nd4j/linalg/primitives/Pair;+772
j  org.deeplearning4j.nn.layers.convolution.ConvolutionLayer.preOutput4d(ZZ)Lorg/nd4j/linalg/primitives/Pair;+3
j  org.deeplearning4j.nn.layers.convolution.ConvolutionLayer.backpropGradient(Lorg/nd4j/linalg/api/ndarray/INDArray;)Lorg/nd4j/linalg/primitives/Pair;+279
j  org.deeplearning4j.nn.multilayer.MultiLayerNetwork.calcBackpropGradients(Lorg/nd4j/linalg/api/ndarray/INDArray;Z)Lorg/nd4j/linalg/primitives/Pair;+478
j  org.deeplearning4j.nn.multilayer.MultiLayerNetwork.backprop()V+3
j  org.deeplearning4j.nn.multilayer.MultiLayerNetwork.computeGradientAndScore()V+219
j  org.deeplearning4j.optimize.solvers.BaseOptimizer.gradientAndScore()Lorg/nd4j/linalg/primitives/Pair;+12
j  org.deeplearning4j.optimize.solvers.StochasticGradientDescent.optimize()Z+14
j  org.deeplearning4j.optimize.Solver.optimize()V+8
j  org.deeplearning4j.nn.multilayer.MultiLayerNetwork.fit(Lorg/nd4j/linalg/dataset/api/iterator/DataSetIterator;)V+574
j  Deeplearning.mestrado.App.main([Ljava/lang/String;)V+263
v  ~StubRoutines::call_stub

---------------  P R O C E S S  ---------------

Java Threads: ( => current thread )
  0x0000000019e6c800 JavaThread "ADSI prefetch thread" daemon [_thread_blocked, id=4288, stack(0x00000000424c0000,0x00000000425c0000)]
  0x0000000019e6b800 JavaThread "NativeRandomDeallocator thread 0" daemon [_thread_blocked, id=18324, stack(0x0000000029730000,0x0000000029830000)]
  0x0000000019e66800 JavaThread "JavaCPP Deallocator" daemon [_thread_blocked, id=9816, stack(0x000000001dc40000,0x000000001dd40000)]
  0x0000000019e68800 JavaThread "Workspace deallocator thread" daemon [_thread_blocked, id=13824, stack(0x000000001db40000,0x000000001dc40000)]
  0x0000000019e6b000 JavaThread "Thread-1" daemon [_thread_blocked, id=9512, stack(0x000000001d840000,0x000000001d940000)]
  0x0000000019e6a000 JavaThread "New I/O server boss #9" [_thread_in_native, id=17336, stack(0x000000001d640000,0x000000001d740000)]
  0x0000000019e69800 JavaThread "New I/O worker #8" [_thread_in_native, id=1096, stack(0x000000001d540000,0x000000001d640000)]
  0x000000001bbda000 JavaThread "New I/O worker #7" [_thread_in_native, id=14484, stack(0x000000001d440000,0x000000001d540000)]
  0x000000001bbd8000 JavaThread "New I/O worker #6" [_thread_in_native, id=14136, stack(0x000000001d340000,0x000000001d440000)]
  0x000000001bbd6800 JavaThread "New I/O worker #5" [_thread_in_native, id=104, stack(0x000000001d240000,0x000000001d340000)]
  0x000000001af1f800 JavaThread "New I/O worker #4" [_thread_in_native, id=15216, stack(0x000000001d140000,0x000000001d240000)]
  0x000000001af1c000 JavaThread "New I/O worker #3" [_thread_in_native, id=12916, stack(0x000000001d040000,0x000000001d140000)]
  0x000000001ba43800 JavaThread "New I/O worker #2" [_thread_in_native, id=7568, stack(0x000000001cf40000,0x000000001d040000)]
  0x000000001af22800 JavaThread "New I/O worker #1" [_thread_in_native, id=9428, stack(0x000000001ce40000,0x000000001cf40000)]
  0x000000001ad86800 JavaThread "application-akka.actor.default-dispatcher-4" [_thread_blocked, id=3648, stack(0x000000001b830000,0x000000001b930000)]
  0x000000001ac48800 JavaThread "application-akka.actor.default-dispatcher-3" [_thread_blocked, id=5412, stack(0x000000001b730000,0x000000001b830000)]
  0x000000001ac5c000 JavaThread "application-akka.actor.default-dispatcher-2" [_thread_blocked, id=15656, stack(0x000000001b430000,0x000000001b530000)]
  0x000000001a804800 JavaThread "application-scheduler-1" [_thread_blocked, id=12436, stack(0x000000001b330000,0x000000001b430000)]
  0x0000000018d88800 JavaThread "Service Thread" daemon [_thread_blocked, id=18724, stack(0x0000000019160000,0x0000000019260000)]
  0x0000000017413800 JavaThread "C1 CompilerThread2" daemon [_thread_blocked, id=10620, stack(0x0000000018c60000,0x0000000018d60000)]
  0x000000001740d000 JavaThread "C2 CompilerThread1" daemon [_thread_blocked, id=5960, stack(0x0000000018b60000,0x0000000018c60000)]
  0x000000001740b000 JavaThread "C2 CompilerThread0" daemon [_thread_blocked, id=7368, stack(0x0000000018a60000,0x0000000018b60000)]
  0x0000000017409000 JavaThread "Attach Listener" daemon [_thread_blocked, id=228, stack(0x0000000018960000,0x0000000018a60000)]
  0x0000000017408000 JavaThread "Signal Dispatcher" daemon [_thread_blocked, id=7708, stack(0x0000000018860000,0x0000000018960000)]
  0x00000000173ef800 JavaThread "Finalizer" daemon [_thread_blocked, id=10440, stack(0x0000000018660000,0x0000000018760000)]
  0x00000000027d9000 JavaThread "Reference Handler" daemon [_thread_blocked, id=10312, stack(0x0000000018560000,0x0000000018660000)]
=>0x00000000026e9000 JavaThread "main" [_thread_in_native, id=18420, stack(0x0000000002580000,0x0000000002680000)]

Other Threads:
  0x00000000173c8000 VMThread [stack: 0x0000000018460000,0x0000000018560000] [id=16120]
  0x0000000018e3d800 WatcherThread [stack: 0x0000000019660000,0x0000000019760000] [id=19088]

VM state:not at safepoint (normal execution)

VM Mutex/Monitor currently owned by a thread: None

Heap:
 PSYoungGen      total 511488K, used 58920K [0x00000000d5580000, 0x0000000100000000, 0x0000000100000000)
  eden space 460800K, 3% used [0x00000000d5580000,0x00000000d64a0090,0x00000000f1780000)
  from space 50688K, 85% used [0x00000000f1780000,0x00000000f41e9fb0,0x00000000f4900000)
  to   space 56832K, 0% used [0x00000000fc880000,0x00000000fc880000,0x0000000100000000)
 ParOldGen       total 74752K, used 39380K [0x0000000080000000, 0x0000000084900000, 0x00000000d5580000)
  object space 74752K, 52% used [0x0000000080000000,0x00000000826751b8,0x0000000084900000)
 Metaspace       used 33573K, capacity 33950K, committed 34048K, reserved 1079296K
  class space    used 4193K, capacity 4302K, committed 4352K, reserved 1048576K

Card table byte_map: [0x0000000011ba0000,0x0000000011fb0000] byte_map_base: 0x00000000117a0000

Marking Bits: (ParMarkBitMap*) 0x000000006989c720
 Begin Bits: [0x0000000012660000, 0x0000000014660000)
 End Bits:   [0x0000000014660000, 0x0000000016660000)

Polling page: 0x0000000000c70000

CodeCache: size=245760Kb used=7670Kb max_used=8340Kb free=238089Kb
 bounds [0x00000000027e0000, 0x0000000003010000, 0x00000000117e0000]
 total_blobs=3188 nmethods=2082 adapters=1018
 compilation: enabled

Compilation events (10 events):
Event: 13.099 Thread 0x0000000017413800 2618       3       org.nd4j.linalg.api.shape.ShapeDescriptor::equals (97 bytes)
Event: 13.099 Thread 0x0000000017413800 nmethod 2618 0x0000000002b2e610 code [0x0000000002b2e7a0, 0x0000000002b2edb8]
Event: 13.268 Thread 0x0000000017413800 2619       3       org.nd4j.linalg.api.shape.Shape::elementWiseStride (551 bytes)
Event: 13.269 Thread 0x0000000017413800 nmethod 2619 0x0000000002988010 code [0x00000000029882c0, 0x0000000002989948]
Event: 13.394 Thread 0x0000000017413800 2621       3       org.nd4j.linalg.api.shape.Shape::shape (31 bytes)
Event: 13.395 Thread 0x0000000017413800 nmethod 2621 0x0000000002f6dfd0 code [0x0000000002f6e140, 0x0000000002f6e450]
Event: 13.395 Thread 0x0000000017413800 2620       3       org.nd4j.linalg.api.ndarray.BaseNDArray::shape (8 bytes)
Event: 13.395 Thread 0x0000000017413800 nmethod 2620 0x0000000002910550 code [0x00000000029106e0, 0x0000000002910a70]
Event: 13.673 Thread 0x0000000017413800 2622       1       org.nd4j.linalg.api.memory.conf.WorkspaceConfiguration::getPolicyReset (5 bytes)
Event: 13.673 Thread 0x0000000017413800 nmethod 2622 0x0000000002b27950 code [0x0000000002b27aa0, 0x0000000002b27bb0]

GC Heap History (10 events):
Event: 6.631 GC heap before
{Heap before GC invocations=16 (full 1):
 PSYoungGen      total 248320K, used 244366K [0x00000000d5580000, 0x00000000e6800000, 0x0000000100000000)
  eden space 223232K, 100% used [0x00000000d5580000,0x00000000e2f80000,0x00000000e2f80000)
  from space 25088K, 84% used [0x00000000e4a80000,0x00000000e5f23ba0,0x00000000e6300000)
  to   space 27648K, 0% used [0x00000000e2f80000,0x00000000e2f80000,0x00000000e4a80000)
 ParOldGen       total 74752K, used 25992K [0x0000000080000000, 0x0000000084900000, 0x00000000d5580000)
  object space 74752K, 34% used [0x0000000080000000,0x0000000081962008,0x0000000084900000)
 Metaspace       used 28891K, capacity 29222K, committed 29440K, reserved 1075200K
  class space    used 3735K, capacity 3818K, committed 3840K, reserved 1048576K
Event: 6.650 GC heap after
Heap after GC invocations=16 (full 1):
 PSYoungGen      total 250880K, used 27628K [0x00000000d5580000, 0x00000000ee880000, 0x0000000100000000)
  eden space 223232K, 0% used [0x00000000d5580000,0x00000000d5580000,0x00000000e2f80000)
  from space 27648K, 99% used [0x00000000e2f80000,0x00000000e4a7b098,0x00000000e4a80000)
  to   space 33792K, 0% used [0x00000000ec780000,0x00000000ec780000,0x00000000ee880000)
 ParOldGen       total 74752K, used 29303K [0x0000000080000000, 0x0000000084900000, 0x00000000d5580000)
  object space 74752K, 39% used [0x0000000080000000,0x0000000081c9dcc8,0x0000000084900000)
 Metaspace       used 28891K, capacity 29222K, committed 29440K, reserved 1075200K
  class space    used 3735K, capacity 3818K, committed 3840K, reserved 1048576K
}
Event: 7.022 GC heap before
{Heap before GC invocations=17 (full 1):
 PSYoungGen      total 250880K, used 250860K [0x00000000d5580000, 0x00000000ee880000, 0x0000000100000000)
  eden space 223232K, 100% used [0x00000000d5580000,0x00000000e2f80000,0x00000000e2f80000)
  from space 27648K, 99% used [0x00000000e2f80000,0x00000000e4a7b098,0x00000000e4a80000)
  to   space 33792K, 0% used [0x00000000ec780000,0x00000000ec780000,0x00000000ee880000)
 ParOldGen       total 74752K, used 29303K [0x0000000080000000, 0x0000000084900000, 0x00000000d5580000)
  object space 74752K, 39% used [0x0000000080000000,0x0000000081c9dcc8,0x0000000084900000)
 Metaspace       used 28915K, capacity 29222K, committed 29440K, reserved 1075200K
  class space    used 3735K, capacity 3818K, committed 3840K, reserved 1048576K
Event: 7.041 GC heap after
Heap after GC invocations=17 (full 1):
 PSYoungGen      total 375296K, used 28673K [0x00000000d5580000, 0x00000000ef000000, 0x0000000100000000)
  eden space 341504K, 0% used [0x00000000d5580000,0x00000000d5580000,0x00000000ea300000)
  from space 33792K, 84% used [0x00000000ec780000,0x00000000ee380788,0x00000000ee880000)
  to   space 37376K, 0% used [0x00000000ea300000,0x00000000ea300000,0x00000000ec780000)
 ParOldGen       total 74752K, used 30443K [0x0000000080000000, 0x0000000084900000, 0x00000000d5580000)
  object space 74752K, 40% used [0x0000000080000000,0x0000000081dbacc8,0x0000000084900000)
 Metaspace       used 28915K, capacity 29222K, committed 29440K, reserved 1075200K
  class space    used 3735K, capacity 3818K, committed 3840K, reserved 1048576K
}
Event: 7.571 GC heap before
{Heap before GC invocations=18 (full 1):
 PSYoungGen      total 375296K, used 370177K [0x00000000d5580000, 0x00000000ef000000, 0x0000000100000000)
  eden space 341504K, 100% used [0x00000000d5580000,0x00000000ea300000,0x00000000ea300000)
  from space 33792K, 84% used [0x00000000ec780000,0x00000000ee380788,0x00000000ee880000)
  to   space 37376K, 0% used [0x00000000ea300000,0x00000000ea300000,0x00000000ec780000)
 ParOldGen       total 74752K, used 30443K [0x0000000080000000, 0x0000000084900000, 0x00000000d5580000)
  object space 74752K, 40% used [0x0000000080000000,0x0000000081dbacc8,0x0000000084900000)
 Metaspace       used 28946K, capacity 29286K, committed 29440K, reserved 1075200K
  class space    used 3735K, capacity 3818K, committed 3840K, reserved 1048576K
Event: 7.597 GC heap after
Heap after GC invocations=18 (full 1):
 PSYoungGen      total 378880K, used 37349K [0x00000000d5580000, 0x00000000f7480000, 0x0000000100000000)
  eden space 341504K, 0% used [0x00000000d5580000,0x00000000d5580000,0x00000000ea300000)
  from space 37376K, 99% used [0x00000000ea300000,0x00000000ec779730,0x00000000ec780000)
  to   space 44544K, 0% used [0x00000000f4900000,0x00000000f4900000,0x00000000f7480000)
 ParOldGen       total 74752K, used 33175K [0x0000000080000000, 0x0000000084900000, 0x00000000d5580000)
  object space 74752K, 44% used [0x0000000080000000,0x0000000082065d60,0x0000000084900000)
 Metaspace       used 28946K, capacity 29286K, committed 29440K, reserved 1075200K
  class space    used 3735K, capacity 3818K, committed 3840K, reserved 1048576K
}
Event: 8.479 GC heap before
{Heap before GC invocations=19 (full 1):
 PSYoungGen      total 378880K, used 378853K [0x00000000d5580000, 0x00000000f7480000, 0x0000000100000000)
  eden space 341504K, 100% used [0x00000000d5580000,0x00000000ea300000,0x00000000ea300000)
  from space 37376K, 99% used [0x00000000ea300000,0x00000000ec779730,0x00000000ec780000)
  to   space 44544K, 0% used [0x00000000f4900000,0x00000000f4900000,0x00000000f7480000)
 ParOldGen       total 74752K, used 33175K [0x0000000080000000, 0x0000000084900000, 0x00000000d5580000)
  object space 74752K, 44% used [0x0000000080000000,0x0000000082065d60,0x0000000084900000)
 Metaspace       used 29076K, capacity 29356K, committed 29440K, reserved 1075200K
  class space    used 3746K, capacity 3819K, committed 3840K, reserved 1048576K
Event: 8.504 GC heap after
Heap after GC invocations=19 (full 1):
 PSYoungGen      total 505344K, used 40881K [0x00000000d5580000, 0x00000000f7f80000, 0x0000000100000000)
  eden space 460800K, 0% used [0x00000000d5580000,0x00000000d5580000,0x00000000f1780000)
  from space 44544K, 91% used [0x00000000f4900000,0x00000000f70ec520,0x00000000f7480000)
  to   space 50688K, 0% used [0x00000000f1780000,0x00000000f1780000,0x00000000f4900000)
 ParOldGen       total 74752K, used 34668K [0x0000000080000000, 0x0000000084900000, 0x00000000d5580000)
  object space 74752K, 46% used [0x0000000080000000,0x00000000821db188,0x0000000084900000)
 Metaspace       used 29076K, capacity 29356K, committed 29440K, reserved 1075200K
  class space    used 3746K, capacity 3819K, committed 3840K, reserved 1048576K
}
Event: 12.500 GC heap before
{Heap before GC invocations=20 (full 1):
 PSYoungGen      total 505344K, used 501395K [0x00000000d5580000, 0x00000000f7f80000, 0x0000000100000000)
  eden space 460800K, 99% used [0x00000000d5580000,0x00000000f1738a08,0x00000000f1780000)
  from space 44544K, 91% used [0x00000000f4900000,0x00000000f70ec520,0x00000000f7480000)
  to   space 50688K, 0% used [0x00000000f1780000,0x00000000f1780000,0x00000000f4900000)
 ParOldGen       total 74752K, used 34668K [0x0000000080000000, 0x0000000084900000, 0x00000000d5580000)
  object space 74752K, 46% used [0x0000000080000000,0x00000000821db188,0x0000000084900000)
 Metaspace       used 33541K, capacity 33854K, committed 34048K, reserved 1079296K
  class space    used 4190K, capacity 4270K, committed 4352K, reserved 1048576K
Event: 12.546 GC heap after
Heap after GC invocations=20 (full 1):
 PSYoungGen      total 511488K, used 43431K [0x00000000d5580000, 0x0000000100000000, 0x0000000100000000)
  eden space 460800K, 0% used [0x00000000d5580000,0x00000000d5580000,0x00000000f1780000)
  from space 50688K, 85% used [0x00000000f1780000,0x00000000f41e9fb0,0x00000000f4900000)
  to   space 56832K, 0% used [0x00000000fc880000,0x00000000fc880000,0x0000000100000000)
 ParOldGen       total 74752K, used 39380K [0x0000000080000000, 0x0000000084900000, 0x00000000d5580000)
  object space 74752K, 52% used [0x0000000080000000,0x00000000826751b8,0x0000000084900000)
 Metaspace       used 33541K, capacity 33854K, committed 34048K, reserved 1079296K
  class space    used 4190K, capacity 4270K, committed 4352K, reserved 1048576K
}

Deoptimization events (10 events):
Event: 12.153 Thread 0x0000000019e6c800 Uncommon trap: reason=class_check action=maybe_recompile pc=0x0000000002c96c5c method=java.lang.ThreadLocal$ThreadLocalMap.getEntryAfterMiss(Ljava/lang/ThreadLocal;ILjava/lang/ThreadLocal$ThreadLocalMap$Entry;)Ljava/lang/ThreadLocal$ThreadLocalMap$Entry; 
Event: 12.153 Thread 0x0000000019e6c800 Uncommon trap: reason=class_check action=maybe_recompile pc=0x0000000002c96c5c method=java.lang.ThreadLocal$ThreadLocalMap.getEntryAfterMiss(Ljava/lang/ThreadLocal;ILjava/lang/ThreadLocal$ThreadLocalMap$Entry;)Ljava/lang/ThreadLocal$ThreadLocalMap$Entry; 
Event: 12.154 Thread 0x0000000019e6c800 Uncommon trap: reason=class_check action=maybe_recompile pc=0x0000000002c96c5c method=java.lang.ThreadLocal$ThreadLocalMap.getEntryAfterMiss(Ljava/lang/ThreadLocal;ILjava/lang/ThreadLocal$ThreadLocalMap$Entry;)Ljava/lang/ThreadLocal$ThreadLocalMap$Entry; 
Event: 12.154 Thread 0x0000000019e6c800 Uncommon trap: reason=class_check action=maybe_recompile pc=0x0000000002c9652c method=java.lang.ThreadLocal$ThreadLocalMap.getEntryAfterMiss(Ljava/lang/ThreadLocal;ILjava/lang/ThreadLocal$ThreadLocalMap$Entry;)Ljava/lang/ThreadLocal$ThreadLocalMap$Entry; 
Event: 12.156 Thread 0x0000000019e6c800 Uncommon trap: reason=bimorphic action=maybe_recompile pc=0x0000000002f6f43c method=java.util.AbstractList$Itr.next()Ljava/lang/Object; @ 14
Event: 12.156 Thread 0x0000000019e6c800 Uncommon trap: reason=bimorphic action=maybe_recompile pc=0x0000000002f6f43c method=java.util.AbstractList$Itr.next()Ljava/lang/Object; @ 14
Event: 12.156 Thread 0x0000000019e6c800 Uncommon trap: reason=bimorphic action=maybe_recompile pc=0x0000000002f6f43c method=java.util.AbstractList$Itr.next()Ljava/lang/Object; @ 14
Event: 12.170 Thread 0x0000000019e6c800 Uncommon trap: reason=bimorphic action=maybe_recompile pc=0x0000000002f6f43c method=java.util.AbstractList$Itr.next()Ljava/lang/Object; @ 14
Event: 12.250 Thread 0x0000000019e6c800 Uncommon trap: reason=unstable_if action=reinterpret pc=0x0000000002df1248 method=java.util.concurrent.ConcurrentHashMap.get(Ljava/lang/Object;)Ljava/lang/Object; @ 76
Event: 12.250 Thread 0x0000000019e6c800 Uncommon trap: reason=class_check action=maybe_recompile pc=0x0000000002dab8c0 method=java.util.concurrent.ConcurrentHashMap.putVal(Ljava/lang/Object;Ljava/lang/Object;Z)Ljava/lang/Object; @ 192

Internal exceptions (10 events):
Event: 1.394 Thread 0x00000000026e9000 Exception <a 'java/lang/ArrayIndexOutOfBoundsException'> (0x00000000d59b25b0) thrown at [C:\re\workspace\8-2-build-windows-amd64-cygwin\jdk8u131\8869\hotspot\src\share\vm\runtime\sharedRuntime.cpp, line 605]
Event: 1.394 Thread 0x00000000026e9000 Exception <a 'java/lang/ArrayIndexOutOfBoundsException': 0> (0x00000000d59b2bb8) thrown at [C:\re\workspace\8-2-build-windows-amd64-cygwin\jdk8u131\8869\hotspot\src\share\vm\interpreter\interpreterRuntime.cpp, line 366]
Event: 2.203 Thread 0x00000000026e9000 Exception <a 'java/lang/ArrayIndexOutOfBoundsException'> (0x00000000d6f98468) thrown at [C:\re\workspace\8-2-build-windows-amd64-cygwin\jdk8u131\8869\hotspot\src\share\vm\runtime\sharedRuntime.cpp, line 605]
Event: 2.203 Thread 0x00000000026e9000 Exception <a 'java/lang/ArrayIndexOutOfBoundsException'> (0x00000000d6f994b0) thrown at [C:\re\workspace\8-2-build-windows-amd64-cygwin\jdk8u131\8869\hotspot\src\share\vm\runtime\sharedRuntime.cpp, line 605]
Event: 2.257 Thread 0x00000000026e9000 Exception <a 'java/lang/ArrayIndexOutOfBoundsException'> (0x00000000d55b21e0) thrown at [C:\re\workspace\8-2-build-windows-amd64-cygwin\jdk8u131\8869\hotspot\src\share\vm\runtime\sharedRuntime.cpp, line 605]
Event: 11.831 Thread 0x0000000019e6c800 Implicit null exception at 0x0000000002d73b4a to 0x0000000002d74e7c
Event: 11.835 Thread 0x0000000019e6c800 Implicit null exception at 0x0000000002cf6f82 to 0x0000000002cf8861
Event: 11.920 Thread 0x0000000019e6c800 Implicit null exception at 0x0000000002c7a3bc to 0x0000000002c7ab69
Event: 11.931 Thread 0x0000000019e6c800 Implicit null exception at 0x0000000002d2edaf to 0x0000000002d3051d
Event: 11.931 Thread 0x0000000019e6c800 Implicit null exception at 0x0000000002cfd0b3 to 0x0000000002cfd60d

Events (10 events):
Event: 12.804 loading class org/deeplearning4j/nn/gradient/DefaultGradient done
Event: 12.805 Thread 0x0000000017413800 flushing nmethod 0x0000000002e91dd0
Event: 12.805 Thread 0x0000000017413800 flushing nmethod 0x0000000002e962d0
Event: 12.805 Thread 0x0000000017413800 flushing nmethod 0x0000000002e99210
Event: 12.805 Thread 0x0000000017413800 flushing nmethod 0x0000000002ef7d50
Event: 12.806 Thread 0x0000000017413800 flushing nmethod 0x0000000002f6dfd0
Event: 12.806 Thread 0x0000000017413800 flushing nmethod 0x0000000002f70cd0
Event: 12.806 Thread 0x0000000017413800 flushing nmethod 0x0000000002f9aad0
Event: 12.806 Thread 0x0000000017413800 flushing nmethod 0x0000000002fb6d50
Event: 12.806 Thread 0x0000000017413800 flushing nmethod 0x0000000003008790


Dynamic libraries:
0x00007ff78b120000 - 0x00007ff78b157000 	C:\Program Files\Java\jre1.8.0_131\bin\javaw.exe
0x00007ffb40220000 - 0x00007ffb403fb000 	C:\WINDOWS\SYSTEM32\ntdll.dll
0x00007ffb24600000 - 0x00007ffb24633000 	C:\Program Files\AVAST Software\Avast\x64\aswhooka.dll
0x00007ffb3d8c0000 - 0x00007ffb3d96e000 	C:\WINDOWS\System32\KERNEL32.DLL
0x00007ffb3d3b0000 - 0x00007ffb3d5f9000 	C:\WINDOWS\System32\KERNELBASE.dll
0x00007ffb3e020000 - 0x00007ffb3e0c1000 	C:\WINDOWS\System32\ADVAPI32.dll
0x00007ffb3ea30000 - 0x00007ffb3eacd000 	C:\WINDOWS\System32\msvcrt.dll
0x00007ffb3ead0000 - 0x00007ffb3eb29000 	C:\WINDOWS\System32\sechost.dll
0x00007ffb3ff70000 - 0x00007ffb40095000 	C:\WINDOWS\System32\RPCRT4.dll
0x00007ffb3e470000 - 0x00007ffb3e5ba000 	C:\WINDOWS\System32\USER32.dll
0x00007ffb3d760000 - 0x00007ffb3d77e000 	C:\WINDOWS\System32\win32u.dll
0x00007ffb3d880000 - 0x00007ffb3d8a7000 	C:\WINDOWS\System32\GDI32.dll
0x00007ffb3c7b0000 - 0x00007ffb3c938000 	C:\WINDOWS\System32\gdi32full.dll
0x00007ffb3d140000 - 0x00007ffb3d1da000 	C:\WINDOWS\System32\msvcp_win.dll
0x00007ffb3c940000 - 0x00007ffb3ca36000 	C:\WINDOWS\System32\ucrtbase.dll
0x00007ffb34e70000 - 0x00007ffb350d7000 	C:\WINDOWS\WinSxS\amd64_microsoft.windows.common-controls_6595b64144ccf1df_6.0.15063.483_none_26002d27e7c744a2\COMCTL32.dll
0x00007ffb3e130000 - 0x00007ffb3e429000 	C:\WINDOWS\System32\combase.dll
0x00007ffb3c740000 - 0x00007ffb3c7aa000 	C:\WINDOWS\System32\bcryptPrimitives.dll
0x00007ffb3e440000 - 0x00007ffb3e46d000 	C:\WINDOWS\System32\IMM32.DLL
0x0000000068fa0000 - 0x0000000069072000 	C:\Program Files\Java\jre1.8.0_131\bin\msvcr100.dll
0x0000000069080000 - 0x000000006991c000 	C:\Program Files\Java\jre1.8.0_131\bin\server\jvm.dll
0x00007ffb3d8b0000 - 0x00007ffb3d8b8000 	C:\WINDOWS\System32\PSAPI.DLL
0x00007ffb31f70000 - 0x00007ffb31f79000 	C:\WINDOWS\SYSTEM32\WSOCK32.dll
0x00007ffb3ddb0000 - 0x00007ffb3de1c000 	C:\WINDOWS\System32\WS2_32.dll
0x00007ffb33860000 - 0x00007ffb33883000 	C:\WINDOWS\SYSTEM32\WINMM.dll
0x00007ffb35ff0000 - 0x00007ffb35ffa000 	C:\WINDOWS\SYSTEM32\VERSION.dll
0x00007ffb33830000 - 0x00007ffb3385b000 	C:\WINDOWS\SYSTEM32\WINMMBASE.dll
0x00007ffb3d6b0000 - 0x00007ffb3d6f9000 	C:\WINDOWS\System32\cfgmgr32.dll
0x000000006b150000 - 0x000000006b15f000 	C:\Program Files\Java\jre1.8.0_131\bin\verify.dll
0x000000006b120000 - 0x000000006b149000 	C:\Program Files\Java\jre1.8.0_131\bin\java.dll
0x000000006b100000 - 0x000000006b116000 	C:\Program Files\Java\jre1.8.0_131\bin\zip.dll
0x00007ffb3eb30000 - 0x00007ffb3ff67000 	C:\WINDOWS\System32\SHELL32.dll
0x00007ffb3df70000 - 0x00007ffb3e01a000 	C:\WINDOWS\System32\shcore.dll
0x00007ffb3ca40000 - 0x00007ffb3d133000 	C:\WINDOWS\System32\windows.storage.dll
0x00007ffb3e0d0000 - 0x00007ffb3e121000 	C:\WINDOWS\System32\shlwapi.dll
0x00007ffb3c700000 - 0x00007ffb3c711000 	C:\WINDOWS\System32\kernel.appcore.dll
0x00007ffb3c6b0000 - 0x00007ffb3c6fc000 	C:\WINDOWS\System32\powrprof.dll
0x00007ffb3c690000 - 0x00007ffb3c6a5000 	C:\WINDOWS\System32\profapi.dll
0x000000006b0e0000 - 0x000000006b0fa000 	C:\Program Files\Java\jre1.8.0_131\bin\net.dll
0x00007ffb3bf40000 - 0x00007ffb3bf9c000 	C:\WINDOWS\system32\mswsock.dll
0x000000006b0c0000 - 0x000000006b0d1000 	C:\Program Files\Java\jre1.8.0_131\bin\nio.dll
0x00007ffb3c0e0000 - 0x00007ffb3c0f7000 	C:\WINDOWS\SYSTEM32\CRYPTSP.dll
0x00007ffb3bb60000 - 0x00007ffb3bb94000 	C:\WINDOWS\system32\rsaenh.dll
0x00007ffb3c4c0000 - 0x00007ffb3c4e5000 	C:\WINDOWS\SYSTEM32\bcrypt.dll
0x00007ffb3c590000 - 0x00007ffb3c5b9000 	C:\WINDOWS\SYSTEM32\USERENV.dll
0x00007ffb3c100000 - 0x00007ffb3c10b000 	C:\WINDOWS\SYSTEM32\CRYPTBASE.dll
0x00007ffb3bce0000 - 0x00007ffb3bd17000 	C:\WINDOWS\SYSTEM32\IPHLPAPI.DLL
0x00007ffb400a0000 - 0x00007ffb400a8000 	C:\WINDOWS\System32\NSI.dll
0x00007ffb384e0000 - 0x00007ffb384f6000 	C:\WINDOWS\SYSTEM32\dhcpcsvc6.DLL
0x00007ffb38610000 - 0x00007ffb3862a000 	C:\WINDOWS\SYSTEM32\dhcpcsvc.DLL
0x000000001dd40000 - 0x000000001e32a000 	C:\Users\mcfal\.javacpp\cache\nd4j-native-0.9.2-SNAPSHOT-windows-x86_64.jar\org\nd4j\nativeblas\windows-x86_64\libnd4jcpu.dll
0x0000000066880000 - 0x00000000669f4000 	C:\Users\mcfal\.javacpp\cache\nd4j-native-0.9.2-SNAPSHOT-windows-x86_64.jar\org\nd4j\nativeblas\windows-x86_64\jnind4jcpu.dll
0x000000006d7c0000 - 0x000000006fc22000 	C:\Users\mcfal\.javacpp\cache\openblas-0.2.19-1.3-windows-x86_64.jar\org\bytedeco\javacpp\windows-x86_64\libopenblas.dll
0x0000000067800000 - 0x0000000068599000 	C:\Users\mcfal\.javacpp\cache\openblas-0.2.19-1.3-windows-x86_64.jar\org\bytedeco\javacpp\windows-x86_64\jniopenblas.dll
0x00007ffb2b0a0000 - 0x00007ffb2b18f000 	C:\Users\mcfal\.javacpp\cache\hdf5-1.10.0-patch1-1.3-windows-x86_64.jar\org\bytedeco\javacpp\windows-x86_64\msvcr120.dll
0x00007ffb2af70000 - 0x00007ffb2b016000 	C:\Users\mcfal\.javacpp\cache\hdf5-1.10.0-patch1-1.3-windows-x86_64.jar\org\bytedeco\javacpp\windows-x86_64\msvcp120.dll
0x00007ffb16250000 - 0x00007ffb164d8000 	C:\Users\mcfal\.javacpp\cache\opencv-3.2.0-1.3-windows-x86_64.jar\org\bytedeco\javacpp\windows-x86_64\opencv_core320.dll
0x00007ffb0e670000 - 0x00007ffb0e9d2000 	C:\Users\mcfal\.javacpp\cache\opencv-3.2.0-1.3-windows-x86_64.jar\org\bytedeco\javacpp\windows-x86_64\opencv_imgproc320.dll
0x00007ffb0a160000 - 0x00007ffb0a3aa000 	C:\Users\mcfal\.javacpp\cache\opencv-3.2.0-1.3-windows-x86_64.jar\org\bytedeco\javacpp\windows-x86_64\jniopencv_core.dll
0x00007ffb15cb0000 - 0x00007ffb15da0000 	C:\Users\mcfal\.javacpp\cache\opencv-3.2.0-1.3-windows-x86_64.jar\org\bytedeco\javacpp\windows-x86_64\jniopencv_imgproc.dll
0x00007ffb09e90000 - 0x00007ffb0a15a000 	C:\Users\mcfal\.javacpp\cache\opencv-3.2.0-1.3-windows-x86_64.jar\org\bytedeco\javacpp\windows-x86_64\opencv_imgcodecs320.dll
0x00007ffb2d2d0000 - 0x00007ffb2d2f5000 	C:\Users\mcfal\.javacpp\cache\opencv-3.2.0-1.3-windows-x86_64.jar\org\bytedeco\javacpp\windows-x86_64\jniopencv_imgcodecs.dll
0x00007ffb35c80000 - 0x00007ffb35e29000 	C:\WINDOWS\SYSTEM32\dbghelp.dll

VM Arguments:
jvm_args: -Xmx2048m -Dorg.deeplearning4j.ui.port=9001 -Dfile.encoding=UTF-8 
java_command: Deeplearning.mestrado.App -Xmx2048m
java_class_path (initial): C:\Users\mcfal\Documents\GitHub\Sacroilite-Deep-Learning\target\classes;C:\Users\mcfal\.m2\repository\org\deeplearning4j\deeplearning4j-core\0.9.2-SNAPSHOT\deeplearning4j-core-0.9.2-SNAPSHOT.jar;C:\Users\mcfal\.m2\repository\org\deeplearning4j\nearestneighbor-core\0.9.2-SNAPSHOT\nearestneighbor-core-0.9.2-SNAPSHOT.jar;C:\Users\mcfal\.m2\repository\org\deeplearning4j\deeplearning4j-modelimport\0.9.2-SNAPSHOT\deeplearning4j-modelimport-0.9.2-SNAPSHOT.jar;C:\Users\mcfal\.m2\repository\org\bytedeco\javacpp-presets\hdf5-platform\1.10.0-patch1-1.3\hdf5-platform-1.10.0-patch1-1.3.jar;C:\Users\mcfal\.m2\repository\org\bytedeco\javacpp-presets\hdf5\1.10.0-patch1-1.3\hdf5-1.10.0-patch1-1.3.jar;C:\Users\mcfal\.m2\repository\org\bytedeco\javacpp-presets\hdf5\1.10.0-patch1-1.3\hdf5-1.10.0-patch1-1.3-linux-x86.jar;C:\Users\mcfal\.m2\repository\org\bytedeco\javacpp-presets\hdf5\1.10.0-patch1-1.3\hdf5-1.10.0-patch1-1.3-linux-x86_64.jar;C:\Users\mcfal\.m2\repository\org\bytedeco\javacpp-presets\hdf5\1.10.0-patch1-1.3\hdf5-1.10.0-patch1-1.3-linux-ppc64le.jar;C:\Users\mcfal\.m2\repository\org\bytedeco\javacpp-presets\hdf5\1.10.0-patch1-1.3\hdf5-1.10.0-patch1-1.3-macosx-x86_64.jar;C:\Users\mcfal\.m2\repository\org\bytedeco\javacpp-presets\hdf5\1.10.0-patch1-1.3\hdf5-1.10.0-patch1-1.3-windows-x86.jar;C:\Users\mcfal\.m2\repository\org\bytedeco\javacpp-presets\hdf5\1.10.0-patch1-1.3\hdf5-1.10.0-patch1-1.3-windows-x86_64.jar;C:\Users\mcfal\.m2\repository\org\deeplearning4j\deeplearning4j-nn\0.9.2-SNAPSHOT\deeplearning4j-nn-0.9.2-SNAPSHOT.jar;C:\Users\mcfal\.m2\repository\org\nd4j\nd4j-common\0.9.2-SNAPSHOT\nd4j-common-0.9.2-SNAPSHOT.jar;C:\Users\mcfal\.m2\repository\com\github\stephenc\findbugs\findbugs-annotations\1.3.9-1\findbugs-annotations-1.3.9-1.jar;C:\Users\mcfal\.m2\repository\org\apache\commons\commons-math3\3.4.1\commons-math3-3.4.1.jar;C:\Users\mcfal\.m2\repository\commons-io\commons-io\2.4\commons-io-2.4.jar;C:\Users\mcfal\.m2\repository\org\apache\
Launcher Type: SUN_STANDARD

Environment Variables:
JAVA_HOME=C:\Program Files\Java\jdk1.8.0_111
CLASSPATH=C:\Program Files\Java\jdk1.8.0_111\lib
PATH=C:/Program Files/Java/jre1.8.0_131/bin/server;C:/Program Files/Java/jre1.8.0_131/bin;C:/Program Files/Java/jre1.8.0_131/lib/amd64;C:\ProgramData\Oracle\Java\javapath;C:\Program Files (x86)\Intel\iCLS Client\;C:\Program Files\Intel\iCLS Client\;C:\Windows\system32;C:\Windows;C:\Windows\System32\Wbem;C:\Windows\System32\WindowsPowerShell\v1.0\;C:\Program Files (x86)\Intel\Intel(R) Management Engine Components\DAL;C:\Program Files\Intel\Intel(R) Management Engine Components\DAL;C:\Program Files (x86)\Intel\Intel(R) Management Engine Components\IPT;C:\Program Files\Intel\Intel(R) Management Engine Components\IPT;C:\Program Files (x86)\NVIDIA Corporation\PhysX\Common;C:\Program Files (x86)\GtkSharp\2.12\bin;C:\Program Files\nodejs\;C:\Program Files\MiKTeX 2.9\miktex\bin\x64\;C:\Users\mcfal\Desktop\Utilitarios\apache-maven-3.5.0\bin;C:\OpenSSL-Win64\bin;C:\Program Files\Java\jdk1.8.0_111\lib;C:\Program Files\Java\jdk1.8.0_111\bin;C:\Program Files\MATLAB\R2016a\runtime\win64;C:\Program Files\MATLAB\R2016a\bin;C:\Program Files\MATLAB\R2016a\polyspace\bin;C:\WINDOWS\system32;C:\WINDOWS;C:\WINDOWS\System32\Wbem;C:\WINDOWS\System32\WindowsPowerShell\v1.0\;C:\Python27\Scripts;C:\Users\mcfal\AppData\Local\Microsoft\WindowsApps;C:\Users\mcfal\AppData\Roaming\npm;;C:\Users\mcfal\Desktop;
USERNAME=mcfal
OS=Windows_NT
PROCESSOR_IDENTIFIER=Intel64 Family 6 Model 61 Stepping 4, GenuineIntel



---------------  S Y S T E M  ---------------

OS: Windows 10.0 , 64 bit Build 15063 (10.0.15063.296)

CPU:total 4 (initial active 4) (2 cores per cpu, 2 threads per core) family 6 model 61 stepping 4, cmov, cx8, fxsr, mmx, sse, sse2, sse3, ssse3, sse4.1, sse4.2, popcnt, avx, avx2, aes, clmul, erms, 3dnowpref, lzcnt, ht, tsc, tscinvbit, bmi1, bmi2, adx

Memory: 4k page, physical 8296896k(3188628k free), swap 14904956k(3656804k free)

vm_info: Java HotSpot(TM) 64-Bit Server VM (25.131-b11) for windows-amd64 JRE (1.8.0_131-b11), built on Mar 15 2017 01:23:53 by "java_re" with MS VC++ 10.0 (VS2010)

time: Sat Aug 19 16:32:04 2017
elapsed time: 13 seconds (0d 0h 0m 13s)

