#
# A fatal error has been detected by the Java Runtime Environment:
#
#  EXCEPTION_ACCESS_VIOLATION (0xc0000005) at pc=0x0000000069618761, pid=14360, tid=0x0000000000002d20
#
# JRE version: Java(TM) SE Runtime Environment (8.0_131-b11) (build 1.8.0_131-b11)
# Java VM: Java HotSpot(TM) 64-Bit Server VM (25.131-b11 mixed mode windows-amd64 compressed oops)
# Problematic frame:
# C  [libnd4jcpu.dll+0x198761]
#
# Failed to write core dump. Minidumps are not enabled by default on client versions of Windows
#
# If you would like to submit a bug report, please visit:
#   http://bugreport.java.com/bugreport/crash.jsp
# The crash happened outside the Java Virtual Machine in native code.
# See problematic frame for where to report the bug.
#

---------------  T H R E A D  ---------------

Current thread (0x0000000002199000):  JavaThread "main" [_thread_in_native, id=11552, stack(0x0000000002090000,0x0000000002190000)]

siginfo: ExceptionCode=0xc0000005, reading address 0x0000000021d7d3c0

Registers:
RAX=0x0000000000000001, RBX=0x0000000000000001, RCX=0x0000000000000301, RDX=0x0000000000001916
RSP=0x000000000218e2f0, RBP=0x0000000000000001, RSI=0x000000000000002a, RDI=0x0000000000000100
R8 =0x0000000000000300, R9 =0x0000000021d7c7c0, R10=0x0000000000000003, R11=0x0000000000000003
R12=0x0000000000000005, R13=0x0000000000001914, R14=0x000000003ba7d040, R15=0x0000000000000004
RIP=0x0000000069618761, EFLAGS=0x0000000000010202

Top of Stack: (sp=0x000000000218e2f0)
0x000000000218e2f0:   000000000218e3d0 00000000695cb9a1
0x000000000218e300:   0000000000000001 00007ffba9639dd1
0x000000000218e310:   0000000000000001 000002fe00000001
0x000000000218e320:   0000000100000001 000000003ba83490
0x000000000218e330:   0000000021d7c7c0 0000000000000014
0x000000000218e340:   0000000500000004 000000000019ed5c
0x000000000218e350:   0000010000000003 ffffff0000000001
0x000000000218e360:   00000000fffffffe 000000000019e804
0x000000000218e370:   0000000000000000 000000010000002a
0x000000000218e380:   0000000001d88000 0000000100000001
0x000000000218e390:   000001000000002a 0000000000000100
0x000000000218e3a0:   0000000100000001 00000000fffffffe
0x000000000218e3b0:   0000000000000400 0000000000000004
0x000000000218e3c0:   0000000500000200 0000000000000100
0x000000000218e3d0:   0000000100000003 0000000100000002
0x000000000218e3e0:   00000000fffffe00 0000000000000000 

Instructions: (pc=0x0000000069618761)
0x0000000069618741:   2c 44 89 ea 8b 44 24 70 eb 2c 0f 1f 44 00 00 41
0x0000000069618751:   39 f3 7d 34 4c 8b 4c 24 40 4c 63 c1 ff c0 01 d9
0x0000000069618761:   f3 43 0f 10 04 81 4c 63 c2 01 ea 41 39 c2 f3 43
0x0000000069618771:   0f 11 04 86 74 26 41 89 c0 41 c1 e8 1f 39 c7 41 


Register to memory mapping:

RAX=0x0000000000000001 is an unknown value
RBX=0x0000000000000001 is an unknown value
RCX=0x0000000000000301 is an unknown value
RDX=0x0000000000001916 is an unknown value
RSP=0x000000000218e2f0 is pointing into the stack for thread: 0x0000000002199000
RBP=0x0000000000000001 is an unknown value
RSI=0x000000000000002a is an unknown value
RDI=0x0000000000000100 is an unknown value
R8 =0x0000000000000300 is an unknown value
R9 =0x0000000021d7c7c0 is an unknown value
R10=0x0000000000000003 is an unknown value
R11=0x0000000000000003 is an unknown value
R12=0x0000000000000005 is an unknown value
R13=0x0000000000001914 is an unknown value
R14=0x000000003ba7d040 is an unknown value
R15=0x0000000000000004 is an unknown value


Stack: [0x0000000002090000,0x0000000002190000],  sp=0x000000000218e2f0,  free space=1016k
Native frames: (J=compiled Java code, j=interpreted, Vv=VM code, C=native code)
C  [libnd4jcpu.dll+0x198761]
C  [libnd4jcpu.dll+0x139f42]
C  [libnd4jcpu.dll+0x41b16b]
C  [jnind4jcpu.dll+0x526b2]
C  0x00000000022a7f74

Java frames: (J=compiled Java code, j=interpreted, Vv=VM code)
j  org.nd4j.nativeblas.Nd4jCpu$NativeOps.execTransformFloat(Lorg/bytedeco/javacpp/PointerPointer;ILorg/bytedeco/javacpp/FloatPointer;Lorg/bytedeco/javacpp/IntPointer;Lorg/bytedeco/javacpp/FloatPointer;Lorg/bytedeco/javacpp/IntPointer;Lorg/bytedeco/javacpp/FloatPointer;)V+0
j  org.nd4j.linalg.cpu.nativecpu.ops.NativeOpExecutioner.exec(Lorg/nd4j/linalg/api/ops/TransformOp;)V+1644
j  org.nd4j.linalg.cpu.nativecpu.ops.NativeOpExecutioner.exec(Lorg/nd4j/linalg/api/ops/Op;)Lorg/nd4j/linalg/api/ops/Op;+39
j  org.nd4j.linalg.convolution.Convolution.im2col(Lorg/nd4j/linalg/api/ndarray/INDArray;IIIIIIZLorg/nd4j/linalg/api/ndarray/INDArray;)Lorg/nd4j/linalg/api/ndarray/INDArray;+28
j  org.deeplearning4j.nn.layers.convolution.ConvolutionLayer.preOutput(ZZ)Lorg/nd4j/linalg/primitives/Pair;+772
j  org.deeplearning4j.nn.layers.convolution.ConvolutionLayer.preOutput4d(ZZ)Lorg/nd4j/linalg/primitives/Pair;+3
j  org.deeplearning4j.nn.layers.convolution.ConvolutionLayer.backpropGradient(Lorg/nd4j/linalg/api/ndarray/INDArray;)Lorg/nd4j/linalg/primitives/Pair;+279
j  org.deeplearning4j.nn.multilayer.MultiLayerNetwork.calcBackpropGradients(Lorg/nd4j/linalg/api/ndarray/INDArray;Z)Lorg/nd4j/linalg/primitives/Pair;+478
j  org.deeplearning4j.nn.multilayer.MultiLayerNetwork.backprop()V+3
j  org.deeplearning4j.nn.multilayer.MultiLayerNetwork.computeGradientAndScore()V+219
j  org.deeplearning4j.optimize.solvers.BaseOptimizer.gradientAndScore()Lorg/nd4j/linalg/primitives/Pair;+12
j  org.deeplearning4j.optimize.solvers.StochasticGradientDescent.optimize()Z+14
j  org.deeplearning4j.optimize.Solver.optimize()V+8
j  org.deeplearning4j.nn.multilayer.MultiLayerNetwork.fit(Lorg/nd4j/linalg/api/ndarray/INDArray;Lorg/nd4j/linalg/api/ndarray/INDArray;Lorg/nd4j/linalg/api/ndarray/INDArray;Lorg/nd4j/linalg/api/ndarray/INDArray;)V+550
j  org.deeplearning4j.nn.multilayer.MultiLayerNetwork.fit(Lorg/nd4j/linalg/api/ndarray/INDArray;Lorg/nd4j/linalg/api/ndarray/INDArray;)V+5
j  org.deeplearning4j.nn.multilayer.MultiLayerNetwork.fit(Lorg/nd4j/linalg/dataset/api/DataSet;)V+84
j  org.deeplearning4j.earlystopping.trainer.EarlyStoppingTrainer.fit(Lorg/nd4j/linalg/dataset/DataSet;)V+5
j  org.deeplearning4j.earlystopping.trainer.BaseEarlyStoppingTrainer.fit()Lorg/deeplearning4j/earlystopping/EarlyStoppingResult;+211
j  Deeplearning.mestrado.TransferLearningSacroileite.earlyStopLeNet(Lorg/nd4j/linalg/dataset/api/iterator/DataSetIterator;Lorg/nd4j/linalg/dataset/api/iterator/DataSetIterator;IIII)Lorg/deeplearning4j/nn/multilayer/MultiLayerNetwork;+137
j  Deeplearning.mestrado.App.main([Ljava/lang/String;)V+257
v  ~StubRoutines::call_stub

---------------  P R O C E S S  ---------------

Java Threads: ( => current thread )
  0x000000001e720000 JavaThread "NativeRandomDeallocator thread 0" daemon [_thread_blocked, id=9856, stack(0x000000002d6f0000,0x000000002d7f0000)]
  0x000000001e724000 JavaThread "JavaCPP Deallocator" daemon [_thread_blocked, id=2692, stack(0x00000000221f0000,0x00000000222f0000)]
  0x000000001e724800 JavaThread "Workspace deallocator thread" daemon [_thread_blocked, id=16628, stack(0x00000000220f0000,0x00000000221f0000)]
  0x000000001e71e000 JavaThread "Thread-1" daemon [_thread_blocked, id=6360, stack(0x0000000021df0000,0x0000000021ef0000)]
  0x000000001e71e800 JavaThread "New I/O server boss #9" [_thread_in_native, id=11392, stack(0x0000000021bf0000,0x0000000021cf0000)]
  0x000000001e71f800 JavaThread "New I/O worker #8" [_thread_in_native, id=11572, stack(0x0000000021af0000,0x0000000021bf0000)]
  0x000000001ffe9800 JavaThread "New I/O worker #7" [_thread_in_native, id=6260, stack(0x00000000219f0000,0x0000000021af0000)]
  0x000000001f41f800 JavaThread "New I/O worker #6" [_thread_in_native, id=10612, stack(0x00000000218f0000,0x00000000219f0000)]
  0x000000001f41b800 JavaThread "New I/O worker #5" [_thread_in_native, id=7736, stack(0x00000000217f0000,0x00000000218f0000)]
  0x000000001f419000 JavaThread "New I/O worker #4" [_thread_in_native, id=11832, stack(0x00000000216f0000,0x00000000217f0000)]
  0x000000001f415000 JavaThread "New I/O worker #3" [_thread_in_native, id=8592, stack(0x00000000215f0000,0x00000000216f0000)]
  0x000000001f0b2000 JavaThread "New I/O worker #2" [_thread_in_native, id=12544, stack(0x00000000214f0000,0x00000000215f0000)]
  0x000000001f424800 JavaThread "New I/O worker #1" [_thread_in_native, id=9420, stack(0x00000000213f0000,0x00000000214f0000)]
  0x000000001f3da800 JavaThread "application-akka.actor.default-dispatcher-4" [_thread_blocked, id=8452, stack(0x000000001fde0000,0x000000001fee0000)]
  0x000000001f3a6000 JavaThread "application-akka.actor.default-dispatcher-3" [_thread_blocked, id=12204, stack(0x000000001fce0000,0x000000001fde0000)]
  0x000000001e89d800 JavaThread "application-scheduler-1" [_thread_blocked, id=2488, stack(0x000000001f8e0000,0x000000001f9e0000)]
  0x000000001d340800 JavaThread "Service Thread" daemon [_thread_blocked, id=15780, stack(0x000000001d710000,0x000000001d810000)]
  0x000000001b9c2000 JavaThread "C1 CompilerThread2" daemon [_thread_blocked, id=10276, stack(0x000000001d210000,0x000000001d310000)]
  0x000000001b9bc800 JavaThread "C2 CompilerThread1" daemon [_thread_blocked, id=14496, stack(0x000000001d110000,0x000000001d210000)]
  0x000000001b9ba800 JavaThread "C2 CompilerThread0" daemon [_thread_blocked, id=1188, stack(0x000000001d010000,0x000000001d110000)]
  0x000000001b9b9000 JavaThread "Attach Listener" daemon [_thread_blocked, id=10780, stack(0x000000001cf10000,0x000000001d010000)]
  0x000000001b9b8000 JavaThread "Signal Dispatcher" daemon [_thread_blocked, id=18428, stack(0x000000001ce10000,0x000000001cf10000)]
  0x000000001b9a0000 JavaThread "Finalizer" daemon [_thread_blocked, id=18008, stack(0x000000001cc10000,0x000000001cd10000)]
  0x000000001b979000 JavaThread "Reference Handler" daemon [_thread_blocked, id=10676, stack(0x000000001cb10000,0x000000001cc10000)]
=>0x0000000002199000 JavaThread "main" [_thread_in_native, id=11552, stack(0x0000000002090000,0x0000000002190000)]

Other Threads:
  0x000000001b977800 VMThread [stack: 0x000000001ca10000,0x000000001cb10000] [id=7424]
  0x000000001d405000 WatcherThread [stack: 0x000000001dc10000,0x000000001dd10000] [id=9852]

VM state:not at safepoint (normal execution)

VM Mutex/Monitor currently owned by a thread: None

Heap:
 PSYoungGen      total 728576K, used 92264K [0x000000076ab00000, 0x000000079b600000, 0x00000007c0000000)
  eden space 668672K, 8% used [0x000000076ab00000,0x000000076df42030,0x0000000793800000)
  from space 59904K, 64% used [0x0000000797500000,0x0000000799ad8258,0x000000079af80000)
  to   space 62464K, 0% used [0x0000000793800000,0x0000000793800000,0x0000000797500000)
 ParOldGen       total 74240K, used 49549K [0x00000006c0000000, 0x00000006c4880000, 0x000000076ab00000)
  object space 74240K, 66% used [0x00000006c0000000,0x00000006c30637e8,0x00000006c4880000)
 Metaspace       used 33319K, capacity 33718K, committed 34048K, reserved 1079296K
  class space    used 4170K, capacity 4270K, committed 4352K, reserved 1048576K

Card table byte_map: [0x0000000011650000,0x0000000011e60000] byte_map_base: 0x000000000e050000

Marking Bits: (ParMarkBitMap*) 0x00000000555ec720
 Begin Bits: [0x00000000127c0000, 0x00000000167c0000)
 End Bits:   [0x00000000167c0000, 0x000000001a7c0000)

Polling page: 0x0000000001fd0000

CodeCache: size=245760Kb used=8227Kb max_used=8594Kb free=237532Kb
 bounds [0x0000000002290000, 0x0000000002b10000, 0x0000000011290000]
 total_blobs=3319 nmethods=2187 adapters=1044
 compilation: enabled

Compilation events (10 events):
Event: 29.541 Thread 0x000000001b9c2000 2700       3       java.util.concurrent.locks.ReentrantReadWriteLock::readLock (5 bytes)
Event: 29.541 Thread 0x000000001b9c2000 nmethod 2700 0x00000000029210d0 code [0x0000000002921220, 0x0000000002921390]
Event: 29.541 Thread 0x000000001b9c2000 2702       3       java.util.Arrays::equals (54 bytes)
Event: 29.541 Thread 0x000000001b9c2000 nmethod 2702 0x0000000002920ad0 code [0x0000000002920c40, 0x0000000002920fb0]
Event: 29.541 Thread 0x000000001b9c2000 2701       3       org.bytedeco.javacpp.Pointer::address (5 bytes)
Event: 29.541 Thread 0x000000001b9c2000 nmethod 2701 0x0000000002920790 code [0x00000000029208e0, 0x0000000002920a30]
Event: 29.542 Thread 0x000000001b9c2000 2703       3       java.util.concurrent.ConcurrentHashMap::containsKey (14 bytes)
Event: 29.543 Thread 0x000000001b9c2000 nmethod 2703 0x0000000002920390 code [0x0000000002920500, 0x00000000029206e8]
Event: 29.545 Thread 0x000000001b9c2000 2704       3       org.nd4j.linalg.api.shape.Shape::length (41 bytes)
Event: 29.546 Thread 0x000000001b9c2000 nmethod 2704 0x0000000002a3a850 code [0x0000000002a3aa20, 0x0000000002a3b0f8]

GC Heap History (10 events):
Event: 13.618 GC heap before
{Heap before GC invocations=13 (full 1):
 PSYoungGen      total 227328K, used 227326K [0x000000076ab00000, 0x0000000780f80000, 0x00000007c0000000)
  eden space 204288K, 100% used [0x000000076ab00000,0x0000000777280000,0x0000000777280000)
  from space 23040K, 99% used [0x0000000777280000,0x00000007788ff990,0x0000000778900000)
  to   space 28160K, 0% used [0x000000077f400000,0x000000077f400000,0x0000000780f80000)
 ParOldGen       total 74240K, used 27773K [0x00000006c0000000, 0x00000006c4880000, 0x000000076ab00000)
  object space 74240K, 37% used [0x00000006c0000000,0x00000006c1b1f7e8,0x00000006c4880000)
 Metaspace       used 28002K, capacity 28344K, committed 28672K, reserved 1075200K
  class space    used 3639K, capacity 3721K, committed 3840K, reserved 1048576K
Event: 13.638 GC heap after
Heap after GC invocations=13 (full 1):
 PSYoungGen      total 330752K, used 28134K [0x000000076ab00000, 0x0000000781800000, 0x00000007c0000000)
  eden space 302592K, 0% used [0x000000076ab00000,0x000000076ab00000,0x000000077d280000)
  from space 28160K, 99% used [0x000000077f400000,0x0000000780f79888,0x0000000780f80000)
  to   space 34304K, 0% used [0x000000077d280000,0x000000077d280000,0x000000077f400000)
 ParOldGen       total 74240K, used 30683K [0x00000006c0000000, 0x00000006c4880000, 0x000000076ab00000)
  object space 74240K, 41% used [0x00000006c0000000,0x00000006c1df6f28,0x00000006c4880000)
 Metaspace       used 28002K, capacity 28344K, committed 28672K, reserved 1075200K
  class space    used 3639K, capacity 3721K, committed 3840K, reserved 1048576K
}
Event: 23.539 GC heap before
{Heap before GC invocations=14 (full 1):
 PSYoungGen      total 330752K, used 330726K [0x000000076ab00000, 0x0000000781800000, 0x00000007c0000000)
  eden space 302592K, 100% used [0x000000076ab00000,0x000000077d280000,0x000000077d280000)
  from space 28160K, 99% used [0x000000077f400000,0x0000000780f79888,0x0000000780f80000)
  to   space 34304K, 0% used [0x000000077d280000,0x000000077d280000,0x000000077f400000)
 ParOldGen       total 74240K, used 30683K [0x00000006c0000000, 0x00000006c4880000, 0x000000076ab00000)
  object space 74240K, 41% used [0x00000006c0000000,0x00000006c1df6f28,0x00000006c4880000)
 Metaspace       used 28918K, capacity 29214K, committed 29440K, reserved 1075200K
  class space    used 3733K, capacity 3818K, committed 3840K, reserved 1048576K
Event: 23.572 GC heap after
Heap after GC invocations=14 (full 1):
 PSYoungGen      total 336896K, used 34278K [0x000000076ab00000, 0x000000078b100000, 0x00000007c0000000)
  eden space 302592K, 0% used [0x000000076ab00000,0x000000076ab00000,0x000000077d280000)
  from space 34304K, 99% used [0x000000077d280000,0x000000077f3f9998,0x000000077f400000)
  to   space 42496K, 0% used [0x0000000788780000,0x0000000788780000,0x000000078b100000)
 ParOldGen       total 74240K, used 37885K [0x00000006c0000000, 0x00000006c4880000, 0x000000076ab00000)
  object space 74240K, 51% used [0x00000006c0000000,0x00000006c24ff6d0,0x00000006c4880000)
 Metaspace       used 28918K, capacity 29214K, committed 29440K, reserved 1075200K
  class space    used 3733K, capacity 3818K, committed 3840K, reserved 1048576K
}
Event: 24.311 GC heap before
{Heap before GC invocations=15 (full 1):
 PSYoungGen      total 336896K, used 336870K [0x000000076ab00000, 0x000000078b100000, 0x00000007c0000000)
  eden space 302592K, 100% used [0x000000076ab00000,0x000000077d280000,0x000000077d280000)
  from space 34304K, 99% used [0x000000077d280000,0x000000077f3f9998,0x000000077f400000)
  to   space 42496K, 0% used [0x0000000788780000,0x0000000788780000,0x000000078b100000)
 ParOldGen       total 74240K, used 37885K [0x00000006c0000000, 0x00000006c4880000, 0x000000076ab00000)
  object space 74240K, 51% used [0x00000006c0000000,0x00000006c24ff6d0,0x00000006c4880000)
 Metaspace       used 28949K, capacity 29278K, committed 29440K, reserved 1075200K
  class space    used 3733K, capacity 3818K, committed 3840K, reserved 1048576K
Event: 24.341 GC heap after
Heap after GC invocations=15 (full 1):
 PSYoungGen      total 481792K, used 38242K [0x000000076ab00000, 0x000000078c880000, 0x00000007c0000000)
  eden space 439296K, 0% used [0x000000076ab00000,0x000000076ab00000,0x0000000785800000)
  from space 42496K, 89% used [0x0000000788780000,0x000000078acd8be8,0x000000078b100000)
  to   space 48640K, 0% used [0x0000000785800000,0x0000000785800000,0x0000000788780000)
 ParOldGen       total 74240K, used 39205K [0x00000006c0000000, 0x00000006c4880000, 0x000000076ab00000)
  object space 74240K, 52% used [0x00000006c0000000,0x00000006c2649628,0x00000006c4880000)
 Metaspace       used 28949K, capacity 29278K, committed 29440K, reserved 1075200K
  class space    used 3733K, capacity 3818K, committed 3840K, reserved 1048576K
}
Event: 25.595 GC heap before
{Heap before GC invocations=16 (full 1):
 PSYoungGen      total 481792K, used 477538K [0x000000076ab00000, 0x000000078c880000, 0x00000007c0000000)
  eden space 439296K, 100% used [0x000000076ab00000,0x0000000785800000,0x0000000785800000)
  from space 42496K, 89% used [0x0000000788780000,0x000000078acd8be8,0x000000078b100000)
  to   space 48640K, 0% used [0x0000000785800000,0x0000000785800000,0x0000000788780000)
 ParOldGen       total 74240K, used 39205K [0x00000006c0000000, 0x00000006c4880000, 0x000000076ab00000)
  object space 74240K, 52% used [0x00000006c0000000,0x00000006c2649628,0x00000006c4880000)
 Metaspace       used 29089K, capacity 29406K, committed 29696K, reserved 1075200K
  class space    used 3744K, capacity 3818K, committed 3840K, reserved 1048576K
Event: 25.647 GC heap after
Heap after GC invocations=16 (full 1):
 PSYoungGen      total 487936K, used 48612K [0x000000076ab00000, 0x000000079af80000, 0x00000007c0000000)
  eden space 439296K, 0% used [0x000000076ab00000,0x000000076ab00000,0x0000000785800000)
  from space 48640K, 99% used [0x0000000785800000,0x0000000788779090,0x0000000788780000)
  to   space 59904K, 0% used [0x0000000797500000,0x0000000797500000,0x000000079af80000)
 ParOldGen       total 74240K, used 48357K [0x00000006c0000000, 0x00000006c4880000, 0x000000076ab00000)
  object space 74240K, 65% used [0x00000006c0000000,0x00000006c2f397d8,0x00000006c4880000)
 Metaspace       used 29089K, capacity 29406K, committed 29696K, reserved 1075200K
  class space    used 3744K, capacity 3818K, committed 3840K, reserved 1048576K
}
Event: 27.031 GC heap before
{Heap before GC invocations=17 (full 1):
 PSYoungGen      total 487936K, used 487908K [0x000000076ab00000, 0x000000079af80000, 0x00000007c0000000)
  eden space 439296K, 100% used [0x000000076ab00000,0x0000000785800000,0x0000000785800000)
  from space 48640K, 99% used [0x0000000785800000,0x0000000788779090,0x0000000788780000)
  to   space 59904K, 0% used [0x0000000797500000,0x0000000797500000,0x000000079af80000)
 ParOldGen       total 74240K, used 48357K [0x00000006c0000000, 0x00000006c4880000, 0x000000076ab00000)
  object space 74240K, 65% used [0x00000006c0000000,0x00000006c2f397d8,0x00000006c4880000)
 Metaspace       used 30284K, capacity 30634K, committed 30848K, reserved 1077248K
  class space    used 3862K, capacity 3948K, committed 3968K, reserved 1048576K
Event: 27.071 GC heap after
Heap after GC invocations=17 (full 1):
 PSYoungGen      total 728576K, used 38752K [0x000000076ab00000, 0x000000079b600000, 0x00000007c0000000)
  eden space 668672K, 0% used [0x000000076ab00000,0x000000076ab00000,0x0000000793800000)
  from space 59904K, 64% used [0x0000000797500000,0x0000000799ad8258,0x000000079af80000)
  to   space 62464K, 0% used [0x0000000793800000,0x0000000793800000,0x0000000797500000)
 ParOldGen       total 74240K, used 49549K [0x00000006c0000000, 0x00000006c4880000, 0x000000076ab00000)
  object space 74240K, 66% used [0x00000006c0000000,0x00000006c30637e8,0x00000006c4880000)
 Metaspace       used 30284K, capacity 30634K, committed 30848K, reserved 1077248K
  class space    used 3862K, capacity 3948K, committed 3968K, reserved 1048576K
}

Deoptimization events (10 events):
Event: 28.684 Thread 0x0000000002199000 Uncommon trap: reason=unstable_if action=reinterpret pc=0x00000000027c2ac8 method=java.net.URI.match(CJJ)Z @ 19
Event: 28.729 Thread 0x0000000002199000 Uncommon trap: reason=unstable_if action=reinterpret pc=0x00000000027b76a4 method=java.net.URI.quote(Ljava/lang/String;JJ)Ljava/lang/String; @ 102
Event: 28.935 Thread 0x0000000002199000 Uncommon trap: reason=class_check action=maybe_recompile pc=0x0000000002773a90 method=sun.nio.fs.WindowsPath.toWindowsPath(Ljava/nio/file/Path;)Lsun/nio/fs/WindowsPath; @ 13
Event: 28.940 Thread 0x0000000002199000 Uncommon trap: reason=class_check action=maybe_recompile pc=0x0000000002773a90 method=sun.nio.fs.WindowsPath.toWindowsPath(Ljava/nio/file/Path;)Lsun/nio/fs/WindowsPath; @ 13
Event: 28.943 Thread 0x0000000002199000 Uncommon trap: reason=class_check action=maybe_recompile pc=0x0000000002775578 method=sun.nio.fs.WindowsPath.toWindowsPath(Ljava/nio/file/Path;)Lsun/nio/fs/WindowsPath; @ 13
Event: 29.230 Thread 0x0000000002199000 Uncommon trap: reason=bimorphic action=maybe_recompile pc=0x0000000002a5b588 method=java.util.AbstractList$Itr.next()Ljava/lang/Object; @ 14
Event: 29.230 Thread 0x0000000002199000 Uncommon trap: reason=bimorphic action=maybe_recompile pc=0x0000000002a5b588 method=java.util.AbstractList$Itr.next()Ljava/lang/Object; @ 14
Event: 29.230 Thread 0x0000000002199000 Uncommon trap: reason=bimorphic action=maybe_recompile pc=0x0000000002a5b588 method=java.util.AbstractList$Itr.next()Ljava/lang/Object; @ 14
Event: 29.328 Thread 0x0000000002199000 Uncommon trap: reason=unstable_if action=reinterpret pc=0x000000000279919c method=java.util.concurrent.ConcurrentHashMap.get(Ljava/lang/Object;)Ljava/lang/Object; @ 76
Event: 29.328 Thread 0x0000000002199000 Uncommon trap: reason=class_check action=maybe_recompile pc=0x000000000288f788 method=java.util.concurrent.ConcurrentHashMap.putVal(Ljava/lang/Object;Ljava/lang/Object;Z)Ljava/lang/Object; @ 192

Internal exceptions (10 events):
Event: 1.262 Thread 0x0000000002199000 Exception <a 'java/lang/ArrayIndexOutOfBoundsException'> (0x000000076acf26e8) thrown at [C:\re\workspace\8-2-build-windows-amd64-cygwin\jdk8u131\8869\hotspot\src\share\vm\runtime\sharedRuntime.cpp, line 605]
Event: 1.262 Thread 0x0000000002199000 Exception <a 'java/lang/ArrayIndexOutOfBoundsException': 0> (0x000000076acf2d18) thrown at [C:\re\workspace\8-2-build-windows-amd64-cygwin\jdk8u131\8869\hotspot\src\share\vm\interpreter\interpreterRuntime.cpp, line 366]
Event: 1.263 Thread 0x0000000002199000 Exception <a 'java/lang/ArrayIndexOutOfBoundsException'> (0x000000076ad0db60) thrown at [C:\re\workspace\8-2-build-windows-amd64-cygwin\jdk8u131\8869\hotspot\src\share\vm\runtime\sharedRuntime.cpp, line 605]
Event: 1.312 Thread 0x0000000002199000 Exception <a 'java/lang/ArrayIndexOutOfBoundsException'> (0x000000076af31620) thrown at [C:\re\workspace\8-2-build-windows-amd64-cygwin\jdk8u131\8869\hotspot\src\share\vm\runtime\sharedRuntime.cpp, line 605]
Event: 1.312 Thread 0x0000000002199000 Exception <a 'java/lang/ArrayIndexOutOfBoundsException': 0> (0x000000076af31c28) thrown at [C:\re\workspace\8-2-build-windows-amd64-cygwin\jdk8u131\8869\hotspot\src\share\vm\interpreter\interpreterRuntime.cpp, line 366]
Event: 2.375 Thread 0x0000000002199000 Exception <a 'java/lang/ArrayIndexOutOfBoundsException'> (0x000000076c50daa0) thrown at [C:\re\workspace\8-2-build-windows-amd64-cygwin\jdk8u131\8869\hotspot\src\share\vm\runtime\sharedRuntime.cpp, line 605]
Event: 2.376 Thread 0x0000000002199000 Exception <a 'java/lang/ArrayIndexOutOfBoundsException'> (0x000000076c50eae8) thrown at [C:\re\workspace\8-2-build-windows-amd64-cygwin\jdk8u131\8869\hotspot\src\share\vm\runtime\sharedRuntime.cpp, line 605]
Event: 2.445 Thread 0x0000000002199000 Exception <a 'java/lang/ArrayIndexOutOfBoundsException'> (0x000000076ab57d98) thrown at [C:\re\workspace\8-2-build-windows-amd64-cygwin\jdk8u131\8869\hotspot\src\share\vm\runtime\sharedRuntime.cpp, line 605]
Event: 4.363 Thread 0x0000000002199000 Implicit null exception at 0x00000000027686fb to 0x0000000002769561
Event: 6.819 Thread 0x0000000002199000 Implicit null exception at 0x000000000288c0c3 to 0x000000000288ca89

Events (10 events):
Event: 29.439 loading class org/deeplearning4j/nn/gradient/DefaultGradient
Event: 29.439 loading class org/deeplearning4j/nn/gradient/DefaultGradient done
Event: 29.441 loading class org/nd4j/linalg/cpu/nativecpu/blas/CpuLevel2
Event: 29.441 loading class org/nd4j/linalg/cpu/nativecpu/blas/CpuLevel2 done
Event: 29.442 loading class org/nd4j/linalg/api/blas/impl/BaseLevel2
Event: 29.442 loading class org/nd4j/linalg/api/blas/impl/BaseLevel2 done
Event: 29.445 loading class org/nd4j/linalg/api/blas/params/GemvParameters
Event: 29.445 loading class org/nd4j/linalg/api/blas/params/GemvParameters done
Event: 29.446 loading class org/deeplearning4j/nn/layers/FrozenLayer
Event: 29.446 loading class org/deeplearning4j/nn/layers/FrozenLayer done


Dynamic libraries:
0x00007ff610480000 - 0x00007ff6104b7000 	C:\Program Files\Java\jre1.8.0_131\bin\javaw.exe
0x00007ffba9d70000 - 0x00007ffba9f4b000 	C:\WINDOWS\SYSTEM32\ntdll.dll
0x00007ffba15f0000 - 0x00007ffba1623000 	C:\Program Files\AVAST Software\Avast\x64\aswhooka.dll
0x00007ffba7780000 - 0x00007ffba782e000 	C:\WINDOWS\System32\KERNEL32.DLL
0x00007ffba6880000 - 0x00007ffba6ac9000 	C:\WINDOWS\System32\KERNELBASE.dll
0x00007ffba9570000 - 0x00007ffba9611000 	C:\WINDOWS\System32\ADVAPI32.dll
0x00007ffba9620000 - 0x00007ffba96bd000 	C:\WINDOWS\System32\msvcrt.dll
0x00007ffba7a70000 - 0x00007ffba7ac9000 	C:\WINDOWS\System32\sechost.dll
0x00007ffba9930000 - 0x00007ffba9a55000 	C:\WINDOWS\System32\RPCRT4.dll
0x00007ffba7480000 - 0x00007ffba75ca000 	C:\WINDOWS\System32\USER32.dll
0x00007ffba6810000 - 0x00007ffba682e000 	C:\WINDOWS\System32\win32u.dll
0x00007ffba9890000 - 0x00007ffba98b7000 	C:\WINDOWS\System32\GDI32.dll
0x00007ffba6680000 - 0x00007ffba6808000 	C:\WINDOWS\System32\gdi32full.dll
0x00007ffba6ad0000 - 0x00007ffba6b6a000 	C:\WINDOWS\System32\msvcp_win.dll
0x00007ffba6340000 - 0x00007ffba6436000 	C:\WINDOWS\System32\ucrtbase.dll
0x00007ffb9a6b0000 - 0x00007ffb9a917000 	C:\WINDOWS\WinSxS\amd64_microsoft.windows.common-controls_6595b64144ccf1df_6.0.15063.483_none_26002d27e7c744a2\COMCTL32.dll
0x00007ffba9a60000 - 0x00007ffba9d59000 	C:\WINDOWS\System32\combase.dll
0x00007ffba6440000 - 0x00007ffba64aa000 	C:\WINDOWS\System32\bcryptPrimitives.dll
0x00007ffba72d0000 - 0x00007ffba72fd000 	C:\WINDOWS\System32\IMM32.DLL
0x0000000055fc0000 - 0x0000000056092000 	C:\Program Files\Java\jre1.8.0_131\bin\msvcr100.dll
0x0000000054dd0000 - 0x000000005566c000 	C:\Program Files\Java\jre1.8.0_131\bin\server\jvm.dll
0x00007ffba7850000 - 0x00007ffba7858000 	C:\WINDOWS\System32\PSAPI.DLL
0x00007ffb960d0000 - 0x00007ffb960d9000 	C:\WINDOWS\SYSTEM32\WSOCK32.dll
0x00007ffba98c0000 - 0x00007ffba992c000 	C:\WINDOWS\System32\WS2_32.dll
0x00007ffba3d80000 - 0x00007ffba3da3000 	C:\WINDOWS\SYSTEM32\WINMM.dll
0x00007ffb9c640000 - 0x00007ffb9c64a000 	C:\WINDOWS\SYSTEM32\VERSION.dll
0x00007ffba3d50000 - 0x00007ffba3d7b000 	C:\WINDOWS\SYSTEM32\WINMMBASE.dll
0x00007ffba6830000 - 0x00007ffba6879000 	C:\WINDOWS\System32\cfgmgr32.dll
0x0000000056f40000 - 0x0000000056f4f000 	C:\Program Files\Java\jre1.8.0_131\bin\verify.dll
0x0000000056f10000 - 0x0000000056f39000 	C:\Program Files\Java\jre1.8.0_131\bin\java.dll
0x0000000056ef0000 - 0x0000000056f06000 	C:\Program Files\Java\jre1.8.0_131\bin\zip.dll
0x00007ffba7f90000 - 0x00007ffba93c7000 	C:\WINDOWS\System32\SHELL32.dll
0x00007ffba7370000 - 0x00007ffba741a000 	C:\WINDOWS\System32\shcore.dll
0x00007ffba6b70000 - 0x00007ffba7263000 	C:\WINDOWS\System32\windows.storage.dll
0x00007ffba7300000 - 0x00007ffba7351000 	C:\WINDOWS\System32\shlwapi.dll
0x00007ffba6250000 - 0x00007ffba6261000 	C:\WINDOWS\System32\kernel.appcore.dll
0x00007ffba61e0000 - 0x00007ffba622c000 	C:\WINDOWS\System32\powrprof.dll
0x00007ffba6230000 - 0x00007ffba6245000 	C:\WINDOWS\System32\profapi.dll
0x0000000056ed0000 - 0x0000000056eea000 	C:\Program Files\Java\jre1.8.0_131\bin\net.dll
0x00007ffba5a90000 - 0x00007ffba5aec000 	C:\WINDOWS\system32\mswsock.dll
0x0000000056eb0000 - 0x0000000056ec1000 	C:\Program Files\Java\jre1.8.0_131\bin\nio.dll
0x00007ffba5c40000 - 0x00007ffba5c57000 	C:\WINDOWS\SYSTEM32\CRYPTSP.dll
0x00007ffba56b0000 - 0x00007ffba56e4000 	C:\WINDOWS\system32\rsaenh.dll
0x00007ffba5da0000 - 0x00007ffba5dc5000 	C:\WINDOWS\SYSTEM32\bcrypt.dll
0x00007ffba6110000 - 0x00007ffba6139000 	C:\WINDOWS\SYSTEM32\USERENV.dll
0x00007ffba5c30000 - 0x00007ffba5c3b000 	C:\WINDOWS\SYSTEM32\CRYPTBASE.dll
0x00007ffba5830000 - 0x00007ffba5867000 	C:\WINDOWS\SYSTEM32\IPHLPAPI.DLL
0x00007ffba9d60000 - 0x00007ffba9d68000 	C:\WINDOWS\System32\NSI.dll
0x00007ffba0a10000 - 0x00007ffba0a26000 	C:\WINDOWS\SYSTEM32\dhcpcsvc6.DLL
0x00007ffba0d80000 - 0x00007ffba0d9a000 	C:\WINDOWS\SYSTEM32\dhcpcsvc.DLL
0x0000000069480000 - 0x0000000069a6a000 	C:\Users\mcfal\.javacpp\cache\nd4j-native-0.9.2-SNAPSHOT-windows-x86_64.jar\org\nd4j\nativeblas\windows-x86_64\libnd4jcpu.dll
0x0000000066880000 - 0x00000000669f4000 	C:\Users\mcfal\.javacpp\cache\nd4j-native-0.9.2-SNAPSHOT-windows-x86_64.jar\org\nd4j\nativeblas\windows-x86_64\jnind4jcpu.dll
0x000000006d7c0000 - 0x000000006fc22000 	C:\Users\mcfal\.javacpp\cache\openblas-0.2.19-1.3-windows-x86_64.jar\org\bytedeco\javacpp\windows-x86_64\libopenblas.dll
0x0000000067800000 - 0x0000000068599000 	C:\Users\mcfal\.javacpp\cache\openblas-0.2.19-1.3-windows-x86_64.jar\org\bytedeco\javacpp\windows-x86_64\jniopenblas.dll
0x00007ffb717e0000 - 0x00007ffb718cf000 	C:\Users\mcfal\.javacpp\cache\hdf5-1.10.0-patch1-1.3-windows-x86_64.jar\org\bytedeco\javacpp\windows-x86_64\msvcr120.dll
0x00007ffb71730000 - 0x00007ffb717d6000 	C:\Users\mcfal\.javacpp\cache\hdf5-1.10.0-patch1-1.3-windows-x86_64.jar\org\bytedeco\javacpp\windows-x86_64\msvcp120.dll
0x00007ffb70ff0000 - 0x00007ffb71278000 	C:\Users\mcfal\.javacpp\cache\opencv-3.2.0-1.3-windows-x86_64.jar\org\bytedeco\javacpp\windows-x86_64\opencv_core320.dll
0x00007ffb70c80000 - 0x00007ffb70fe2000 	C:\Users\mcfal\.javacpp\cache\opencv-3.2.0-1.3-windows-x86_64.jar\org\bytedeco\javacpp\windows-x86_64\opencv_imgproc320.dll
0x00007ffb6c980000 - 0x00007ffb6cbca000 	C:\Users\mcfal\.javacpp\cache\opencv-3.2.0-1.3-windows-x86_64.jar\org\bytedeco\javacpp\windows-x86_64\jniopencv_core.dll
0x00007ffb71520000 - 0x00007ffb71610000 	C:\Users\mcfal\.javacpp\cache\opencv-3.2.0-1.3-windows-x86_64.jar\org\bytedeco\javacpp\windows-x86_64\jniopencv_imgproc.dll
0x00007ffb69a60000 - 0x00007ffb69d2a000 	C:\Users\mcfal\.javacpp\cache\opencv-3.2.0-1.3-windows-x86_64.jar\org\bytedeco\javacpp\windows-x86_64\opencv_imgcodecs320.dll
0x00007ffb9d900000 - 0x00007ffb9d925000 	C:\Users\mcfal\.javacpp\cache\opencv-3.2.0-1.3-windows-x86_64.jar\org\bytedeco\javacpp\windows-x86_64\jniopencv_imgcodecs.dll
0x00007ffb94400000 - 0x00007ffb945a9000 	C:\WINDOWS\SYSTEM32\dbghelp.dll

VM Arguments:
jvm_args: -Xmx4096m -Dorg.deeplearning4j.ui.port=9002 -Dfile.encoding=UTF-8 
java_command: Deeplearning.mestrado.App -Xmx2048m
java_class_path (initial): C:\Users\mcfal\Documents\GitHub\Sacroilite-Deep-Learning\target\classes;C:\Users\mcfal\.m2\repository\org\deeplearning4j\deeplearning4j-core\0.9.2-SNAPSHOT\deeplearning4j-core-0.9.2-SNAPSHOT.jar;C:\Users\mcfal\.m2\repository\org\deeplearning4j\nearestneighbor-core\0.9.2-SNAPSHOT\nearestneighbor-core-0.9.2-SNAPSHOT.jar;C:\Users\mcfal\.m2\repository\org\deeplearning4j\deeplearning4j-modelimport\0.9.2-SNAPSHOT\deeplearning4j-modelimport-0.9.2-SNAPSHOT.jar;C:\Users\mcfal\.m2\repository\org\bytedeco\javacpp-presets\hdf5-platform\1.10.0-patch1-1.3\hdf5-platform-1.10.0-patch1-1.3.jar;C:\Users\mcfal\.m2\repository\org\bytedeco\javacpp-presets\hdf5\1.10.0-patch1-1.3\hdf5-1.10.0-patch1-1.3.jar;C:\Users\mcfal\.m2\repository\org\bytedeco\javacpp-presets\hdf5\1.10.0-patch1-1.3\hdf5-1.10.0-patch1-1.3-linux-x86.jar;C:\Users\mcfal\.m2\repository\org\bytedeco\javacpp-presets\hdf5\1.10.0-patch1-1.3\hdf5-1.10.0-patch1-1.3-linux-x86_64.jar;C:\Users\mcfal\.m2\repository\org\bytedeco\javacpp-presets\hdf5\1.10.0-patch1-1.3\hdf5-1.10.0-patch1-1.3-linux-ppc64le.jar;C:\Users\mcfal\.m2\repository\org\bytedeco\javacpp-presets\hdf5\1.10.0-patch1-1.3\hdf5-1.10.0-patch1-1.3-macosx-x86_64.jar;C:\Users\mcfal\.m2\repository\org\bytedeco\javacpp-presets\hdf5\1.10.0-patch1-1.3\hdf5-1.10.0-patch1-1.3-windows-x86.jar;C:\Users\mcfal\.m2\repository\org\bytedeco\javacpp-presets\hdf5\1.10.0-patch1-1.3\hdf5-1.10.0-patch1-1.3-windows-x86_64.jar;C:\Users\mcfal\.m2\repository\org\deeplearning4j\deeplearning4j-nn\0.9.2-SNAPSHOT\deeplearning4j-nn-0.9.2-SNAPSHOT.jar;C:\Users\mcfal\.m2\repository\org\nd4j\nd4j-common\0.9.2-SNAPSHOT\nd4j-common-0.9.2-SNAPSHOT.jar;C:\Users\mcfal\.m2\repository\com\github\stephenc\findbugs\findbugs-annotations\1.3.9-1\findbugs-annotations-1.3.9-1.jar;C:\Users\mcfal\.m2\repository\org\apache\commons\commons-math3\3.4.1\commons-math3-3.4.1.jar;C:\Users\mcfal\.m2\repository\commons-io\commons-io\2.4\commons-io-2.4.jar;C:\Users\mcfal\.m2\repository\org\apache\
Launcher Type: SUN_STANDARD

Environment Variables:
JAVA_HOME=C:\Program Files\Java\jdk1.8.0_111
CLASSPATH=C:\Program Files\Java\jdk1.8.0_111\lib
PATH=C:/Program Files/Java/jre1.8.0_131/bin/server;C:/Program Files/Java/jre1.8.0_131/bin;C:/Program Files/Java/jre1.8.0_131/lib/amd64;C:\ProgramData\Oracle\Java\javapath;C:\Program Files (x86)\Intel\iCLS Client\;C:\Program Files\Intel\iCLS Client\;C:\Windows\system32;C:\Windows;C:\Windows\System32\Wbem;C:\Windows\System32\WindowsPowerShell\v1.0\;C:\Program Files (x86)\Intel\Intel(R) Management Engine Components\DAL;C:\Program Files\Intel\Intel(R) Management Engine Components\DAL;C:\Program Files (x86)\Intel\Intel(R) Management Engine Components\IPT;C:\Program Files\Intel\Intel(R) Management Engine Components\IPT;C:\Program Files (x86)\NVIDIA Corporation\PhysX\Common;C:\Program Files (x86)\GtkSharp\2.12\bin;C:\Program Files\nodejs\;C:\Program Files\MiKTeX 2.9\miktex\bin\x64\;C:\Users\mcfal\Desktop\Utilitarios\apache-maven-3.5.0\bin;C:\OpenSSL-Win64\bin;C:\Program Files\Java\jdk1.8.0_111\lib;C:\Program Files\Java\jdk1.8.0_111\bin;C:\Program Files\MATLAB\R2016a\runtime\win64;C:\Program Files\MATLAB\R2016a\bin;C:\Program Files\MATLAB\R2016a\polyspace\bin;C:\WINDOWS\system32;C:\WINDOWS;C:\WINDOWS\System32\Wbem;C:\WINDOWS\System32\WindowsPowerShell\v1.0\;C:\Python27\Scripts;C:\Users\mcfal\AppData\Local\Microsoft\WindowsApps;C:\Users\mcfal\AppData\Roaming\npm;;C:\Users\mcfal\Desktop;
USERNAME=mcfal
OS=Windows_NT
PROCESSOR_IDENTIFIER=Intel64 Family 6 Model 61 Stepping 4, GenuineIntel



---------------  S Y S T E M  ---------------

OS: Windows 10.0 , 64 bit Build 15063 (10.0.15063.296)

CPU:total 4 (initial active 4) (2 cores per cpu, 2 threads per core) family 6 model 61 stepping 4, cmov, cx8, fxsr, mmx, sse, sse2, sse3, ssse3, sse4.1, sse4.2, popcnt, avx, avx2, aes, clmul, erms, 3dnowpref, lzcnt, ht, tsc, tscinvbit, bmi1, bmi2, adx

Memory: 4k page, physical 8296896k(479156k free), swap 15899072k(2440404k free)

vm_info: Java HotSpot(TM) 64-Bit Server VM (25.131-b11) for windows-amd64 JRE (1.8.0_131-b11), built on Mar 15 2017 01:23:53 by "java_re" with MS VC++ 10.0 (VS2010)

time: Tue Sep 12 09:32:40 2017
elapsed time: 29 seconds (0d 0h 0m 29s)

