#
# A fatal error has been detected by the Java Runtime Environment:
#
#  EXCEPTION_ACCESS_VIOLATION (0xc0000005) at pc=0x0000000069618761, pid=5588, tid=0x0000000000003234
#
# JRE version: Java(TM) SE Runtime Environment (8.0_131-b11) (build 1.8.0_131-b11)
# Java VM: Java HotSpot(TM) 64-Bit Server VM (25.131-b11 mixed mode windows-amd64 compressed oops)
# Problematic frame:
# C  [libnd4jcpu.dll+0x198761]
#
# Failed to write core dump. Minidumps are not enabled by default on client versions of Windows
#
# If you would like to submit a bug report, please visit:
#   http://bugreport.java.com/bugreport/crash.jsp
# The crash happened outside the Java Virtual Machine in native code.
# See problematic frame for where to report the bug.
#

---------------  T H R E A D  ---------------

Current thread (0x00000000025c9000):  JavaThread "main" [_thread_in_native, id=12852, stack(0x00000000024c0000,0x00000000025c0000)]

siginfo: ExceptionCode=0xc0000005, reading address 0x000000002216d160

Registers:
RAX=0x0000000000000001, RBX=0x0000000000000001, RCX=0x0000000000000301, RDX=0x0000000000001916
RSP=0x00000000025be5c0, RBP=0x0000000000000001, RSI=0x000000000000002a, RDI=0x0000000000000100
R8 =0x0000000000000300, R9 =0x000000002216c560, R10=0x0000000000000003, R11=0x0000000000000003
R12=0x0000000000000005, R13=0x0000000000001914, R14=0x000000003cdd8040, R15=0x0000000000000004
RIP=0x0000000069618761, EFLAGS=0x0000000000010202

Top of Stack: (sp=0x00000000025be5c0)
0x00000000025be5c0:   00000000025be6a0 00000000695cb9a1
0x00000000025be5d0:   0000000000000001 00007ffb39329dd1
0x00000000025be5e0:   0000000000000001 000002fe00000001
0x00000000025be5f0:   0000000100000001 000000003cdde490
0x00000000025be600:   000000002216c560 0000000000000014
0x00000000025be610:   0000000500000004 0000000000c0eb4c
0x00000000025be620:   0000010000000003 ffffff0000000001
0x00000000025be630:   00000000fffffffe 0000000000c0e804
0x00000000025be640:   0000000000000000 000000010000002a
0x00000000025be650:   0000000001177740 0000000100000001
0x00000000025be660:   000001000000002a 0000000000000100
0x00000000025be670:   0000000100000001 00000000fffffffe
0x00000000025be680:   0000000000000400 0000000000000004
0x00000000025be690:   0000000500000200 0000000000000100
0x00000000025be6a0:   0000000100000003 0000000100000002
0x00000000025be6b0:   00000000fffffe00 0000000000000000 

Instructions: (pc=0x0000000069618761)
0x0000000069618741:   2c 44 89 ea 8b 44 24 70 eb 2c 0f 1f 44 00 00 41
0x0000000069618751:   39 f3 7d 34 4c 8b 4c 24 40 4c 63 c1 ff c0 01 d9
0x0000000069618761:   f3 43 0f 10 04 81 4c 63 c2 01 ea 41 39 c2 f3 43
0x0000000069618771:   0f 11 04 86 74 26 41 89 c0 41 c1 e8 1f 39 c7 41 


Register to memory mapping:

RAX=0x0000000000000001 is an unknown value
RBX=0x0000000000000001 is an unknown value
RCX=0x0000000000000301 is an unknown value
RDX=0x0000000000001916 is an unknown value
RSP=0x00000000025be5c0 is pointing into the stack for thread: 0x00000000025c9000
RBP=0x0000000000000001 is an unknown value
RSI=0x000000000000002a is an unknown value
RDI=0x0000000000000100 is an unknown value
R8 =0x0000000000000300 is an unknown value
R9 =0x000000002216c560 is an unknown value
R10=0x0000000000000003 is an unknown value
R11=0x0000000000000003 is an unknown value
R12=0x0000000000000005 is an unknown value
R13=0x0000000000001914 is an unknown value
R14=0x000000003cdd8040 is an unknown value
R15=0x0000000000000004 is an unknown value


Stack: [0x00000000024c0000,0x00000000025c0000],  sp=0x00000000025be5c0,  free space=1017k
Native frames: (J=compiled Java code, j=interpreted, Vv=VM code, C=native code)
C  [libnd4jcpu.dll+0x198761]
C  [libnd4jcpu.dll+0x139f42]
C  [libnd4jcpu.dll+0x41b16b]
C  [jnind4jcpu.dll+0x526b2]
C  0x00000000026d7f74

Java frames: (J=compiled Java code, j=interpreted, Vv=VM code)
j  org.nd4j.nativeblas.Nd4jCpu$NativeOps.execTransformFloat(Lorg/bytedeco/javacpp/PointerPointer;ILorg/bytedeco/javacpp/FloatPointer;Lorg/bytedeco/javacpp/IntPointer;Lorg/bytedeco/javacpp/FloatPointer;Lorg/bytedeco/javacpp/IntPointer;Lorg/bytedeco/javacpp/FloatPointer;)V+0
j  org.nd4j.linalg.cpu.nativecpu.ops.NativeOpExecutioner.exec(Lorg/nd4j/linalg/api/ops/TransformOp;)V+1644
j  org.nd4j.linalg.cpu.nativecpu.ops.NativeOpExecutioner.exec(Lorg/nd4j/linalg/api/ops/Op;)Lorg/nd4j/linalg/api/ops/Op;+39
j  org.nd4j.linalg.convolution.Convolution.im2col(Lorg/nd4j/linalg/api/ndarray/INDArray;IIIIIIZLorg/nd4j/linalg/api/ndarray/INDArray;)Lorg/nd4j/linalg/api/ndarray/INDArray;+28
j  org.deeplearning4j.nn.layers.convolution.ConvolutionLayer.preOutput(ZZ)Lorg/nd4j/linalg/primitives/Pair;+772
j  org.deeplearning4j.nn.layers.convolution.ConvolutionLayer.preOutput4d(ZZ)Lorg/nd4j/linalg/primitives/Pair;+3
j  org.deeplearning4j.nn.layers.convolution.ConvolutionLayer.backpropGradient(Lorg/nd4j/linalg/api/ndarray/INDArray;)Lorg/nd4j/linalg/primitives/Pair;+279
j  org.deeplearning4j.nn.multilayer.MultiLayerNetwork.calcBackpropGradients(Lorg/nd4j/linalg/api/ndarray/INDArray;Z)Lorg/nd4j/linalg/primitives/Pair;+478
j  org.deeplearning4j.nn.multilayer.MultiLayerNetwork.backprop()V+3
j  org.deeplearning4j.nn.multilayer.MultiLayerNetwork.computeGradientAndScore()V+219
j  org.deeplearning4j.optimize.solvers.BaseOptimizer.gradientAndScore()Lorg/nd4j/linalg/primitives/Pair;+12
j  org.deeplearning4j.optimize.solvers.StochasticGradientDescent.optimize()Z+14
j  org.deeplearning4j.optimize.Solver.optimize()V+8
j  org.deeplearning4j.nn.multilayer.MultiLayerNetwork.fit(Lorg/nd4j/linalg/api/ndarray/INDArray;Lorg/nd4j/linalg/api/ndarray/INDArray;Lorg/nd4j/linalg/api/ndarray/INDArray;Lorg/nd4j/linalg/api/ndarray/INDArray;)V+550
j  org.deeplearning4j.nn.multilayer.MultiLayerNetwork.fit(Lorg/nd4j/linalg/api/ndarray/INDArray;Lorg/nd4j/linalg/api/ndarray/INDArray;)V+5
j  org.deeplearning4j.nn.multilayer.MultiLayerNetwork.fit(Lorg/nd4j/linalg/dataset/api/DataSet;)V+84
j  org.deeplearning4j.earlystopping.trainer.EarlyStoppingTrainer.fit(Lorg/nd4j/linalg/dataset/DataSet;)V+5
j  org.deeplearning4j.earlystopping.trainer.BaseEarlyStoppingTrainer.fit()Lorg/deeplearning4j/earlystopping/EarlyStoppingResult;+211
j  Deeplearning.mestrado.TransferLearningSacroileite.earlyStopLeNet(Lorg/nd4j/linalg/dataset/api/iterator/DataSetIterator;Lorg/nd4j/linalg/dataset/api/iterator/DataSetIterator;IIII)Lorg/deeplearning4j/nn/multilayer/MultiLayerNetwork;+137
j  Deeplearning.mestrado.App.main([Ljava/lang/String;)V+276
v  ~StubRoutines::call_stub

---------------  P R O C E S S  ---------------

Java Threads: ( => current thread )
  0x000000001f4fb800 JavaThread "NativeRandomDeallocator thread 0" daemon [_thread_blocked, id=17572, stack(0x0000000022be0000,0x0000000022ce0000)]
  0x000000001f4f6800 JavaThread "JavaCPP Deallocator" daemon [_thread_blocked, id=12896, stack(0x00000000225e0000,0x00000000226e0000)]
  0x000000001f4f5800 JavaThread "Workspace deallocator thread" daemon [_thread_blocked, id=10560, stack(0x00000000224e0000,0x00000000225e0000)]
  0x000000001f4fb000 JavaThread "Thread-1" daemon [_thread_blocked, id=9512, stack(0x00000000221e0000,0x00000000222e0000)]
  0x000000001f4fa000 JavaThread "New I/O server boss #9" [_thread_in_native, id=15932, stack(0x0000000021fe0000,0x00000000220e0000)]
  0x000000001f4f8000 JavaThread "New I/O worker #8" [_thread_in_native, id=17068, stack(0x0000000021ee0000,0x0000000021fe0000)]
  0x000000001e650000 JavaThread "New I/O worker #7" [_thread_in_native, id=7592, stack(0x0000000021de0000,0x0000000021ee0000)]
  0x000000001f37d000 JavaThread "New I/O worker #6" [_thread_in_native, id=14724, stack(0x0000000021ce0000,0x0000000021de0000)]
  0x000000001f37b000 JavaThread "New I/O worker #5" [_thread_in_native, id=9584, stack(0x0000000021be0000,0x0000000021ce0000)]
  0x000000001f377000 JavaThread "New I/O worker #4" [_thread_in_native, id=15940, stack(0x0000000021ae0000,0x0000000021be0000)]
  0x000000001f6bc800 JavaThread "New I/O worker #3" [_thread_in_native, id=19956, stack(0x00000000219e0000,0x0000000021ae0000)]
  0x000000001d67a000 JavaThread "New I/O worker #2" [_thread_in_native, id=14716, stack(0x00000000218e0000,0x00000000219e0000)]
  0x000000001ec50000 JavaThread "New I/O worker #1" [_thread_in_native, id=7548, stack(0x00000000217e0000,0x00000000218e0000)]
  0x000000001f49f000 JavaThread "application-akka.actor.default-dispatcher-4" [_thread_blocked, id=12732, stack(0x00000000201d0000,0x00000000202d0000)]
  0x000000001f010800 JavaThread "application-akka.actor.default-dispatcher-2" [_thread_blocked, id=1408, stack(0x000000001fdd0000,0x000000001fed0000)]
  0x000000001f5f7800 JavaThread "application-scheduler-1" [_thread_blocked, id=4404, stack(0x000000001fcd0000,0x000000001fdd0000)]
  0x000000001d50e000 JavaThread "Service Thread" daemon [_thread_blocked, id=1888, stack(0x000000001db00000,0x000000001dc00000)]
  0x000000001d509000 JavaThread "C1 CompilerThread2" daemon [_thread_blocked, id=14872, stack(0x000000001da00000,0x000000001db00000)]
  0x000000001bdec800 JavaThread "C2 CompilerThread1" daemon [_thread_blocked, id=15712, stack(0x000000001d900000,0x000000001da00000)]
  0x000000001bd99800 JavaThread "C2 CompilerThread0" daemon [_thread_blocked, id=14192, stack(0x000000001d400000,0x000000001d500000)]
  0x000000001bd98000 JavaThread "Attach Listener" daemon [_thread_blocked, id=10424, stack(0x000000001d300000,0x000000001d400000)]
  0x000000001bd96800 JavaThread "Signal Dispatcher" daemon [_thread_blocked, id=16292, stack(0x000000001d200000,0x000000001d300000)]
  0x000000001bd80000 JavaThread "Finalizer" daemon [_thread_blocked, id=16400, stack(0x000000001d000000,0x000000001d100000)]
  0x00000000026b8000 JavaThread "Reference Handler" daemon [_thread_blocked, id=6012, stack(0x000000001cf00000,0x000000001d000000)]
=>0x00000000025c9000 JavaThread "main" [_thread_in_native, id=12852, stack(0x00000000024c0000,0x00000000025c0000)]

Other Threads:
  0x000000001bd58000 VMThread [stack: 0x000000001ce00000,0x000000001cf00000] [id=14812]
  0x000000001d587000 WatcherThread [stack: 0x000000001e000000,0x000000001e100000] [id=19496]

VM state:not at safepoint (normal execution)

VM Mutex/Monitor currently owned by a thread: None

Heap:
 PSYoungGen      total 425472K, used 130180K [0x000000076ab00000, 0x000000078e680000, 0x00000007c0000000)
  eden space 379392K, 25% used [0x000000076ab00000,0x0000000770b4ce10,0x0000000781d80000)
  from space 46080K, 68% used [0x0000000781d80000,0x0000000783c542a0,0x0000000784a80000)
  to   space 48128K, 0% used [0x000000078b780000,0x000000078b780000,0x000000078e680000)
 ParOldGen       total 76800K, used 37399K [0x00000006c0000000, 0x00000006c4b00000, 0x000000076ab00000)
  object space 76800K, 48% used [0x00000006c0000000,0x00000006c2485f20,0x00000006c4b00000)
 Metaspace       used 33339K, capacity 33670K, committed 33792K, reserved 1079296K
  class space    used 4173K, capacity 4270K, committed 4352K, reserved 1048576K

Card table byte_map: [0x0000000011a80000,0x0000000012290000] byte_map_base: 0x000000000e480000

Marking Bits: (ParMarkBitMap*) 0x000000006016c720
 Begin Bits: [0x0000000012bf0000, 0x0000000016bf0000)
 End Bits:   [0x0000000016bf0000, 0x000000001abf0000)

Polling page: 0x0000000000bf0000

CodeCache: size=245760Kb used=8199Kb max_used=8199Kb free=237560Kb
 bounds [0x00000000026c0000, 0x0000000002ed0000, 0x00000000116c0000]
 total_blobs=3303 nmethods=2171 adapters=1044
 compilation: enabled

Compilation events (10 events):
Event: 33.408 Thread 0x000000001d509000 2715       3       java.util.concurrent.locks.ReentrantReadWriteLock::readLock (5 bytes)
Event: 33.408 Thread 0x000000001d509000 nmethod 2715 0x0000000002ec67d0 code [0x0000000002ec6920, 0x0000000002ec6a90]
Event: 33.408 Thread 0x000000001d509000 2716       3       org.bytedeco.javacpp.Pointer::address (5 bytes)
Event: 33.408 Thread 0x000000001d509000 nmethod 2716 0x0000000002ecc010 code [0x0000000002ecc160, 0x0000000002ecc2b0]
Event: 33.408 Thread 0x000000001d509000 2717       3       java.util.Arrays::equals (54 bytes)
Event: 33.409 Thread 0x000000001d509000 nmethod 2717 0x0000000002ecc350 code [0x0000000002ecc4c0, 0x0000000002ecc830]
Event: 33.414 Thread 0x000000001d509000 2719       3       org.nd4j.linalg.api.shape.Shape::length (41 bytes)
Event: 33.415 Thread 0x000000001d509000 nmethod 2719 0x0000000002ecc950 code [0x0000000002eccb20, 0x0000000002ecd1f8]
Event: 33.415 Thread 0x000000001d509000 2718       3       java.util.concurrent.ConcurrentHashMap::containsKey (14 bytes)
Event: 33.415 Thread 0x000000001d509000 nmethod 2718 0x0000000002ecd5d0 code [0x0000000002ecd740, 0x0000000002ecd928]

GC Heap History (10 events):
Event: 26.679 GC heap before
{Heap before GC invocations=22 (full 1):
 PSYoungGen      total 227328K, used 221466K [0x000000076ab00000, 0x000000077a700000, 0x00000007c0000000)
  eden space 202240K, 100% used [0x000000076ab00000,0x0000000777080000,0x0000000777080000)
  from space 25088K, 76% used [0x0000000778b00000,0x0000000779dc6a68,0x000000077a380000)
  to   space 27136K, 0% used [0x0000000777080000,0x0000000777080000,0x0000000778b00000)
 ParOldGen       total 76800K, used 28732K [0x00000006c0000000, 0x00000006c4b00000, 0x000000076ab00000)
  object space 76800K, 37% used [0x00000006c0000000,0x00000006c1c0f1c8,0x00000006c4b00000)
 Metaspace       used 28967K, capacity 29294K, committed 29440K, reserved 1075200K
  class space    used 3736K, capacity 3818K, committed 3840K, reserved 1048576K
Event: 26.699 GC heap after
Heap after GC invocations=22 (full 1):
 PSYoungGen      total 229376K, used 27113K [0x000000076ab00000, 0x000000077fb00000, 0x00000007c0000000)
  eden space 202240K, 0% used [0x000000076ab00000,0x000000076ab00000,0x0000000777080000)
  from space 27136K, 99% used [0x0000000777080000,0x0000000778afa418,0x0000000778b00000)
  to   space 31744K, 0% used [0x000000077dc00000,0x000000077dc00000,0x000000077fb00000)
 ParOldGen       total 76800K, used 30226K [0x00000006c0000000, 0x00000006c4b00000, 0x000000076ab00000)
  object space 76800K, 39% used [0x00000006c0000000,0x00000006c1d84b70,0x00000006c4b00000)
 Metaspace       used 28967K, capacity 29294K, committed 29440K, reserved 1075200K
  class space    used 3736K, capacity 3818K, committed 3840K, reserved 1048576K
}
Event: 27.261 GC heap before
{Heap before GC invocations=23 (full 1):
 PSYoungGen      total 229376K, used 229353K [0x000000076ab00000, 0x000000077fb00000, 0x00000007c0000000)
  eden space 202240K, 100% used [0x000000076ab00000,0x0000000777080000,0x0000000777080000)
  from space 27136K, 99% used [0x0000000777080000,0x0000000778afa418,0x0000000778b00000)
  to   space 31744K, 0% used [0x000000077dc00000,0x000000077dc00000,0x000000077fb00000)
 ParOldGen       total 76800K, used 30226K [0x00000006c0000000, 0x00000006c4b00000, 0x000000076ab00000)
  object space 76800K, 39% used [0x00000006c0000000,0x00000006c1d84b70,0x00000006c4b00000)
 Metaspace       used 29007K, capacity 29358K, committed 29440K, reserved 1075200K
  class space    used 3736K, capacity 3818K, committed 3840K, reserved 1048576K
Event: 27.283 GC heap after
Heap after GC invocations=23 (full 1):
 PSYoungGen      total 309248K, used 25740K [0x000000076ab00000, 0x0000000780100000, 0x00000007c0000000)
  eden space 277504K, 0% used [0x000000076ab00000,0x000000076ab00000,0x000000077ba00000)
  from space 31744K, 81% used [0x000000077dc00000,0x000000077f523188,0x000000077fb00000)
  to   space 34816K, 0% used [0x000000077ba00000,0x000000077ba00000,0x000000077dc00000)
 ParOldGen       total 76800K, used 30838K [0x00000006c0000000, 0x00000006c4b00000, 0x000000076ab00000)
  object space 76800K, 40% used [0x00000006c0000000,0x00000006c1e1db80,0x00000006c4b00000)
 Metaspace       used 29007K, capacity 29358K, committed 29440K, reserved 1075200K
  class space    used 3736K, capacity 3818K, committed 3840K, reserved 1048576K
}
Event: 27.991 GC heap before
{Heap before GC invocations=24 (full 1):
 PSYoungGen      total 309248K, used 303244K [0x000000076ab00000, 0x0000000780100000, 0x00000007c0000000)
  eden space 277504K, 100% used [0x000000076ab00000,0x000000077ba00000,0x000000077ba00000)
  from space 31744K, 81% used [0x000000077dc00000,0x000000077f523188,0x000000077fb00000)
  to   space 34816K, 0% used [0x000000077ba00000,0x000000077ba00000,0x000000077dc00000)
 ParOldGen       total 76800K, used 30838K [0x00000006c0000000, 0x00000006c4b00000, 0x000000076ab00000)
  object space 76800K, 40% used [0x00000006c0000000,0x00000006c1e1db80,0x00000006c4b00000)
 Metaspace       used 29028K, capacity 29358K, committed 29440K, reserved 1075200K
  class space    used 3736K, capacity 3818K, committed 3840K, reserved 1048576K
Event: 28.024 GC heap after
Heap after GC invocations=24 (full 1):
 PSYoungGen      total 312320K, used 34654K [0x000000076ab00000, 0x0000000787200000, 0x00000007c0000000)
  eden space 277504K, 0% used [0x000000076ab00000,0x000000076ab00000,0x000000077ba00000)
  from space 34816K, 99% used [0x000000077ba00000,0x000000077dbd7948,0x000000077dc00000)
  to   space 40448K, 0% used [0x0000000784a80000,0x0000000784a80000,0x0000000787200000)
 ParOldGen       total 76800K, used 31666K [0x00000006c0000000, 0x00000006c4b00000, 0x000000076ab00000)
  object space 76800K, 41% used [0x00000006c0000000,0x00000006c1eecac8,0x00000006c4b00000)
 Metaspace       used 29028K, capacity 29358K, committed 29440K, reserved 1075200K
  class space    used 3736K, capacity 3818K, committed 3840K, reserved 1048576K
}
Event: 28.984 GC heap before
{Heap before GC invocations=25 (full 1):
 PSYoungGen      total 312320K, used 312158K [0x000000076ab00000, 0x0000000787200000, 0x00000007c0000000)
  eden space 277504K, 100% used [0x000000076ab00000,0x000000077ba00000,0x000000077ba00000)
  from space 34816K, 99% used [0x000000077ba00000,0x000000077dbd7948,0x000000077dc00000)
  to   space 40448K, 0% used [0x0000000784a80000,0x0000000784a80000,0x0000000787200000)
 ParOldGen       total 76800K, used 31666K [0x00000006c0000000, 0x00000006c4b00000, 0x000000076ab00000)
  object space 76800K, 41% used [0x00000006c0000000,0x00000006c1eecac8,0x00000006c4b00000)
 Metaspace       used 29157K, capacity 29492K, committed 29696K, reserved 1075200K
  class space    used 3747K, capacity 3819K, committed 3840K, reserved 1048576K
Event: 29.014 GC heap after
Heap after GC invocations=25 (full 1):
 PSYoungGen      total 419840K, used 38004K [0x000000076ab00000, 0x0000000787c80000, 0x00000007c0000000)
  eden space 379392K, 0% used [0x000000076ab00000,0x000000076ab00000,0x0000000781d80000)
  from space 40448K, 93% used [0x0000000784a80000,0x0000000786f9d378,0x0000000787200000)
  to   space 46080K, 0% used [0x0000000781d80000,0x0000000781d80000,0x0000000784a80000)
 ParOldGen       total 76800K, used 35407K [0x00000006c0000000, 0x00000006c4b00000, 0x000000076ab00000)
  object space 76800K, 46% used [0x00000006c0000000,0x00000006c2293f00,0x00000006c4b00000)
 Metaspace       used 29157K, capacity 29492K, committed 29696K, reserved 1075200K
  class space    used 3747K, capacity 3819K, committed 3840K, reserved 1048576K
}
Event: 30.180 GC heap before
{Heap before GC invocations=26 (full 1):
 PSYoungGen      total 419840K, used 417396K [0x000000076ab00000, 0x0000000787c80000, 0x00000007c0000000)
  eden space 379392K, 100% used [0x000000076ab00000,0x0000000781d80000,0x0000000781d80000)
  from space 40448K, 93% used [0x0000000784a80000,0x0000000786f9d378,0x0000000787200000)
  to   space 46080K, 0% used [0x0000000781d80000,0x0000000781d80000,0x0000000784a80000)
 ParOldGen       total 76800K, used 35407K [0x00000006c0000000, 0x00000006c4b00000, 0x000000076ab00000)
  object space 76800K, 46% used [0x00000006c0000000,0x00000006c2293f00,0x00000006c4b00000)
 Metaspace       used 29776K, capacity 30074K, committed 30336K, reserved 1075200K
  class space    used 3821K, capacity 3884K, committed 3968K, reserved 1048576K
Event: 30.212 GC heap after
Heap after GC invocations=26 (full 1):
 PSYoungGen      total 425472K, used 31568K [0x000000076ab00000, 0x000000078e680000, 0x00000007c0000000)
  eden space 379392K, 0% used [0x000000076ab00000,0x000000076ab00000,0x0000000781d80000)
  from space 46080K, 68% used [0x0000000781d80000,0x0000000783c542a0,0x0000000784a80000)
  to   space 48128K, 0% used [0x000000078b780000,0x000000078b780000,0x000000078e680000)
 ParOldGen       total 76800K, used 37399K [0x00000006c0000000, 0x00000006c4b00000, 0x000000076ab00000)
  object space 76800K, 48% used [0x00000006c0000000,0x00000006c2485f20,0x00000006c4b00000)
 Metaspace       used 29776K, capacity 30074K, committed 30336K, reserved 1075200K
  class space    used 3821K, capacity 3884K, committed 3968K, reserved 1048576K
}

Deoptimization events (10 events):
Event: 32.044 Thread 0x00000000025c9000 Uncommon trap: reason=unstable_if action=reinterpret pc=0x0000000002c21a48 method=java.net.URI.match(CJJ)Z @ 19
Event: 32.044 Thread 0x00000000025c9000 Uncommon trap: reason=unstable_if action=reinterpret pc=0x0000000002c0f4a4 method=java.net.URI.quote(Ljava/lang/String;JJ)Ljava/lang/String; @ 102
Event: 32.633 Thread 0x00000000025c9000 Uncommon trap: reason=class_check action=maybe_recompile pc=0x0000000002bbf790 method=sun.nio.fs.WindowsPath.toWindowsPath(Ljava/nio/file/Path;)Lsun/nio/fs/WindowsPath; @ 13
Event: 32.639 Thread 0x00000000025c9000 Uncommon trap: reason=class_check action=maybe_recompile pc=0x0000000002bbf790 method=sun.nio.fs.WindowsPath.toWindowsPath(Ljava/nio/file/Path;)Lsun/nio/fs/WindowsPath; @ 13
Event: 32.644 Thread 0x00000000025c9000 Uncommon trap: reason=class_check action=maybe_recompile pc=0x0000000002bcd638 method=sun.nio.fs.WindowsPath.toWindowsPath(Ljava/nio/file/Path;)Lsun/nio/fs/WindowsPath; @ 13
Event: 33.056 Thread 0x00000000025c9000 Uncommon trap: reason=bimorphic action=maybe_recompile pc=0x0000000002b59308 method=java.util.AbstractList$Itr.next()Ljava/lang/Object; @ 14
Event: 33.056 Thread 0x00000000025c9000 Uncommon trap: reason=bimorphic action=maybe_recompile pc=0x0000000002b59308 method=java.util.AbstractList$Itr.next()Ljava/lang/Object; @ 14
Event: 33.056 Thread 0x00000000025c9000 Uncommon trap: reason=bimorphic action=maybe_recompile pc=0x0000000002b59308 method=java.util.AbstractList$Itr.next()Ljava/lang/Object; @ 14
Event: 33.081 Thread 0x00000000025c9000 Uncommon trap: reason=unstable_if action=reinterpret pc=0x0000000002beec5c method=java.util.concurrent.ConcurrentHashMap.get(Ljava/lang/Object;)Ljava/lang/Object; @ 76
Event: 33.082 Thread 0x00000000025c9000 Uncommon trap: reason=class_check action=maybe_recompile pc=0x0000000002cea94c method=java.util.concurrent.ConcurrentHashMap.putVal(Ljava/lang/Object;Ljava/lang/Object;Z)Ljava/lang/Object; @ 192

Internal exceptions (10 events):
Event: 2.489 Thread 0x00000000025c9000 Exception <a 'java/lang/ArrayIndexOutOfBoundsException'> (0x000000076acd96c0) thrown at [C:\re\workspace\8-2-build-windows-amd64-cygwin\jdk8u131\8869\hotspot\src\share\vm\runtime\sharedRuntime.cpp, line 605]
Event: 2.489 Thread 0x00000000025c9000 Exception <a 'java/lang/ArrayIndexOutOfBoundsException': 0> (0x000000076acd9cf0) thrown at [C:\re\workspace\8-2-build-windows-amd64-cygwin\jdk8u131\8869\hotspot\src\share\vm\interpreter\interpreterRuntime.cpp, line 366]
Event: 2.491 Thread 0x00000000025c9000 Exception <a 'java/lang/ArrayIndexOutOfBoundsException'> (0x000000076acf4c38) thrown at [C:\re\workspace\8-2-build-windows-amd64-cygwin\jdk8u131\8869\hotspot\src\share\vm\runtime\sharedRuntime.cpp, line 605]
Event: 2.547 Thread 0x00000000025c9000 Exception <a 'java/lang/ArrayIndexOutOfBoundsException'> (0x000000076af189a8) thrown at [C:\re\workspace\8-2-build-windows-amd64-cygwin\jdk8u131\8869\hotspot\src\share\vm\runtime\sharedRuntime.cpp, line 605]
Event: 2.547 Thread 0x00000000025c9000 Exception <a 'java/lang/ArrayIndexOutOfBoundsException': 0> (0x000000076af18fb0) thrown at [C:\re\workspace\8-2-build-windows-amd64-cygwin\jdk8u131\8869\hotspot\src\share\vm\interpreter\interpreterRuntime.cpp, line 366]
Event: 4.460 Thread 0x00000000025c9000 Exception <a 'java/lang/ArrayIndexOutOfBoundsException'> (0x000000076c4fa9b8) thrown at [C:\re\workspace\8-2-build-windows-amd64-cygwin\jdk8u131\8869\hotspot\src\share\vm\runtime\sharedRuntime.cpp, line 605]
Event: 4.460 Thread 0x00000000025c9000 Exception <a 'java/lang/ArrayIndexOutOfBoundsException'> (0x000000076c4fba20) thrown at [C:\re\workspace\8-2-build-windows-amd64-cygwin\jdk8u131\8869\hotspot\src\share\vm\runtime\sharedRuntime.cpp, line 605]
Event: 4.530 Thread 0x00000000025c9000 Exception <a 'java/lang/ArrayIndexOutOfBoundsException'> (0x000000076ab02380) thrown at [C:\re\workspace\8-2-build-windows-amd64-cygwin\jdk8u131\8869\hotspot\src\share\vm\runtime\sharedRuntime.cpp, line 605]
Event: 9.174 Thread 0x00000000025c9000 Implicit null exception at 0x0000000002bc2b7b to 0x0000000002bc39e1
Event: 21.231 Thread 0x00000000025c9000 Implicit null exception at 0x0000000002ce73c3 to 0x0000000002ce7d8d

Events (10 events):
Event: 33.262 loading class org/deeplearning4j/nn/gradient/DefaultGradient
Event: 33.262 loading class org/deeplearning4j/nn/gradient/DefaultGradient done
Event: 33.265 loading class org/nd4j/linalg/cpu/nativecpu/blas/CpuLevel2
Event: 33.265 loading class org/nd4j/linalg/cpu/nativecpu/blas/CpuLevel2 done
Event: 33.267 loading class org/nd4j/linalg/api/blas/impl/BaseLevel2
Event: 33.267 loading class org/nd4j/linalg/api/blas/impl/BaseLevel2 done
Event: 33.270 loading class org/nd4j/linalg/api/blas/params/GemvParameters
Event: 33.270 loading class org/nd4j/linalg/api/blas/params/GemvParameters done
Event: 33.307 loading class org/deeplearning4j/nn/layers/FrozenLayer
Event: 33.307 loading class org/deeplearning4j/nn/layers/FrozenLayer done


Dynamic libraries:
0x00007ff667f30000 - 0x00007ff667f67000 	C:\Program Files\Java\jre1.8.0_131\bin\javaw.exe
0x00007ffb39550000 - 0x00007ffb3972b000 	C:\WINDOWS\SYSTEM32\ntdll.dll
0x00007ffb04a00000 - 0x00007ffb04a33000 	C:\Program Files\AVAST Software\Avast\x64\aswhooka.dll
0x00007ffb37880000 - 0x00007ffb3792e000 	C:\WINDOWS\System32\KERNEL32.DLL
0x00007ffb35ae0000 - 0x00007ffb35d29000 	C:\WINDOWS\System32\KERNELBASE.dll
0x00007ffb36ab0000 - 0x00007ffb36b51000 	C:\WINDOWS\System32\ADVAPI32.dll
0x00007ffb39310000 - 0x00007ffb393ad000 	C:\WINDOWS\System32\msvcrt.dll
0x00007ffb38f80000 - 0x00007ffb38fd9000 	C:\WINDOWS\System32\sechost.dll
0x00007ffb37290000 - 0x00007ffb373b5000 	C:\WINDOWS\System32\RPCRT4.dll
0x00007ffb36b60000 - 0x00007ffb36caa000 	C:\WINDOWS\System32\USER32.dll
0x00007ffb36430000 - 0x00007ffb3644e000 	C:\WINDOWS\System32\win32u.dll
0x00007ffb37aa0000 - 0x00007ffb37ac7000 	C:\WINDOWS\System32\GDI32.dll
0x00007ffb36870000 - 0x00007ffb369f8000 	C:\WINDOWS\System32\gdi32full.dll
0x00007ffb36450000 - 0x00007ffb364ea000 	C:\WINDOWS\System32\msvcp_win.dll
0x00007ffb365a0000 - 0x00007ffb36696000 	C:\WINDOWS\System32\ucrtbase.dll
0x00007ffb28be0000 - 0x00007ffb28e47000 	C:\WINDOWS\WinSxS\amd64_microsoft.windows.common-controls_6595b64144ccf1df_6.0.15063.483_none_26002d27e7c744a2\COMCTL32.dll
0x00007ffb36f90000 - 0x00007ffb37289000 	C:\WINDOWS\System32\combase.dll
0x00007ffb35a70000 - 0x00007ffb35ada000 	C:\WINDOWS\System32\bcryptPrimitives.dll
0x00007ffb37ad0000 - 0x00007ffb37afd000 	C:\WINDOWS\System32\IMM32.DLL
0x000000005f6b0000 - 0x000000005f782000 	C:\Program Files\Java\jre1.8.0_131\bin\msvcr100.dll
0x000000005f950000 - 0x00000000601ec000 	C:\Program Files\Java\jre1.8.0_131\bin\server\jvm.dll
0x00007ffb38f70000 - 0x00007ffb38f78000 	C:\WINDOWS\System32\PSAPI.DLL
0x00007ffb23c30000 - 0x00007ffb23c39000 	C:\WINDOWS\SYSTEM32\WSOCK32.dll
0x00007ffb373c0000 - 0x00007ffb3742c000 	C:\WINDOWS\System32\WS2_32.dll
0x00007ffb338e0000 - 0x00007ffb33903000 	C:\WINDOWS\SYSTEM32\WINMM.dll
0x00007ffb2e400000 - 0x00007ffb2e40a000 	C:\WINDOWS\SYSTEM32\VERSION.dll
0x00007ffb338b0000 - 0x00007ffb338db000 	C:\WINDOWS\SYSTEM32\WINMMBASE.dll
0x00007ffb36a00000 - 0x00007ffb36a49000 	C:\WINDOWS\System32\cfgmgr32.dll
0x000000005f860000 - 0x000000005f86f000 	C:\Program Files\Java\jre1.8.0_131\bin\verify.dll
0x000000005f830000 - 0x000000005f859000 	C:\Program Files\Java\jre1.8.0_131\bin\java.dll
0x000000005f810000 - 0x000000005f826000 	C:\Program Files\Java\jre1.8.0_131\bin\zip.dll
0x00007ffb37b10000 - 0x00007ffb38f47000 	C:\WINDOWS\System32\SHELL32.dll
0x00007ffb379f0000 - 0x00007ffb37a9a000 	C:\WINDOWS\System32\shcore.dll
0x00007ffb35d30000 - 0x00007ffb36423000 	C:\WINDOWS\System32\windows.storage.dll
0x00007ffb39060000 - 0x00007ffb390b1000 	C:\WINDOWS\System32\shlwapi.dll
0x00007ffb359c0000 - 0x00007ffb359d1000 	C:\WINDOWS\System32\kernel.appcore.dll
0x00007ffb359e0000 - 0x00007ffb35a2c000 	C:\WINDOWS\System32\powrprof.dll
0x00007ffb35a30000 - 0x00007ffb35a45000 	C:\WINDOWS\System32\profapi.dll
0x000000005f7f0000 - 0x000000005f80a000 	C:\Program Files\Java\jre1.8.0_131\bin\net.dll
0x00007ffb352d0000 - 0x00007ffb3532c000 	C:\WINDOWS\system32\mswsock.dll
0x000000005f7d0000 - 0x000000005f7e1000 	C:\Program Files\Java\jre1.8.0_131\bin\nio.dll
0x00007ffb35480000 - 0x00007ffb35497000 	C:\WINDOWS\SYSTEM32\CRYPTSP.dll
0x00007ffb34ef0000 - 0x00007ffb34f24000 	C:\WINDOWS\system32\rsaenh.dll
0x00007ffb35580000 - 0x00007ffb355a5000 	C:\WINDOWS\SYSTEM32\bcrypt.dll
0x00007ffb358f0000 - 0x00007ffb35919000 	C:\WINDOWS\SYSTEM32\USERENV.dll
0x00007ffb35470000 - 0x00007ffb3547b000 	C:\WINDOWS\SYSTEM32\CRYPTBASE.dll
0x00007ffb35070000 - 0x00007ffb350a7000 	C:\WINDOWS\SYSTEM32\IPHLPAPI.DLL
0x00007ffb37b00000 - 0x00007ffb37b08000 	C:\WINDOWS\System32\NSI.dll
0x00007ffb2e680000 - 0x00007ffb2e696000 	C:\WINDOWS\SYSTEM32\dhcpcsvc6.DLL
0x00007ffb2e4c0000 - 0x00007ffb2e4da000 	C:\WINDOWS\SYSTEM32\dhcpcsvc.DLL
0x0000000069480000 - 0x0000000069a6a000 	C:\Users\mcfal\.javacpp\cache\nd4j-native-0.9.2-SNAPSHOT-windows-x86_64.jar\org\nd4j\nativeblas\windows-x86_64\libnd4jcpu.dll
0x0000000066880000 - 0x00000000669f4000 	C:\Users\mcfal\.javacpp\cache\nd4j-native-0.9.2-SNAPSHOT-windows-x86_64.jar\org\nd4j\nativeblas\windows-x86_64\jnind4jcpu.dll
0x000000006d7c0000 - 0x000000006fc22000 	C:\Users\mcfal\.javacpp\cache\openblas-0.2.19-1.3-windows-x86_64.jar\org\bytedeco\javacpp\windows-x86_64\libopenblas.dll
0x0000000067800000 - 0x0000000068599000 	C:\Users\mcfal\.javacpp\cache\openblas-0.2.19-1.3-windows-x86_64.jar\org\bytedeco\javacpp\windows-x86_64\jniopenblas.dll
0x00007ffb09c60000 - 0x00007ffb09d4f000 	C:\Users\mcfal\.javacpp\cache\hdf5-1.10.0-patch1-1.3-windows-x86_64.jar\org\bytedeco\javacpp\windows-x86_64\msvcr120.dll
0x00007ffb09bb0000 - 0x00007ffb09c56000 	C:\Users\mcfal\.javacpp\cache\hdf5-1.10.0-patch1-1.3-windows-x86_64.jar\org\bytedeco\javacpp\windows-x86_64\msvcp120.dll
0x00007ffae2130000 - 0x00007ffae23b8000 	C:\Users\mcfal\.javacpp\cache\opencv-3.2.0-1.3-windows-x86_64.jar\org\bytedeco\javacpp\windows-x86_64\opencv_core320.dll
0x00007ffae1dc0000 - 0x00007ffae2122000 	C:\Users\mcfal\.javacpp\cache\opencv-3.2.0-1.3-windows-x86_64.jar\org\bytedeco\javacpp\windows-x86_64\opencv_imgproc320.dll
0x00007ffae1b70000 - 0x00007ffae1dba000 	C:\Users\mcfal\.javacpp\cache\opencv-3.2.0-1.3-windows-x86_64.jar\org\bytedeco\javacpp\windows-x86_64\jniopencv_core.dll
0x00007ffb08560000 - 0x00007ffb08650000 	C:\Users\mcfal\.javacpp\cache\opencv-3.2.0-1.3-windows-x86_64.jar\org\bytedeco\javacpp\windows-x86_64\jniopencv_imgproc.dll
0x00007ffadfc00000 - 0x00007ffadfeca000 	C:\Users\mcfal\.javacpp\cache\opencv-3.2.0-1.3-windows-x86_64.jar\org\bytedeco\javacpp\windows-x86_64\opencv_imgcodecs320.dll
0x00007ffb276f0000 - 0x00007ffb27715000 	C:\Users\mcfal\.javacpp\cache\opencv-3.2.0-1.3-windows-x86_64.jar\org\bytedeco\javacpp\windows-x86_64\jniopencv_imgcodecs.dll
0x00007ffb23670000 - 0x00007ffb23819000 	C:\WINDOWS\SYSTEM32\dbghelp.dll

VM Arguments:
jvm_args: -Xmx4096m -Dorg.deeplearning4j.ui.port=9002 -Dfile.encoding=UTF-8 
java_command: Deeplearning.mestrado.App -Xmx2048m
java_class_path (initial): C:\Users\mcfal\Documents\GitHub\Sacroilite-Deep-Learning\target\classes;C:\Users\mcfal\.m2\repository\org\deeplearning4j\deeplearning4j-core\0.9.2-SNAPSHOT\deeplearning4j-core-0.9.2-SNAPSHOT.jar;C:\Users\mcfal\.m2\repository\org\deeplearning4j\nearestneighbor-core\0.9.2-SNAPSHOT\nearestneighbor-core-0.9.2-SNAPSHOT.jar;C:\Users\mcfal\.m2\repository\org\deeplearning4j\deeplearning4j-modelimport\0.9.2-SNAPSHOT\deeplearning4j-modelimport-0.9.2-SNAPSHOT.jar;C:\Users\mcfal\.m2\repository\org\bytedeco\javacpp-presets\hdf5-platform\1.10.0-patch1-1.3\hdf5-platform-1.10.0-patch1-1.3.jar;C:\Users\mcfal\.m2\repository\org\bytedeco\javacpp-presets\hdf5\1.10.0-patch1-1.3\hdf5-1.10.0-patch1-1.3.jar;C:\Users\mcfal\.m2\repository\org\bytedeco\javacpp-presets\hdf5\1.10.0-patch1-1.3\hdf5-1.10.0-patch1-1.3-linux-x86.jar;C:\Users\mcfal\.m2\repository\org\bytedeco\javacpp-presets\hdf5\1.10.0-patch1-1.3\hdf5-1.10.0-patch1-1.3-linux-x86_64.jar;C:\Users\mcfal\.m2\repository\org\bytedeco\javacpp-presets\hdf5\1.10.0-patch1-1.3\hdf5-1.10.0-patch1-1.3-linux-ppc64le.jar;C:\Users\mcfal\.m2\repository\org\bytedeco\javacpp-presets\hdf5\1.10.0-patch1-1.3\hdf5-1.10.0-patch1-1.3-macosx-x86_64.jar;C:\Users\mcfal\.m2\repository\org\bytedeco\javacpp-presets\hdf5\1.10.0-patch1-1.3\hdf5-1.10.0-patch1-1.3-windows-x86.jar;C:\Users\mcfal\.m2\repository\org\bytedeco\javacpp-presets\hdf5\1.10.0-patch1-1.3\hdf5-1.10.0-patch1-1.3-windows-x86_64.jar;C:\Users\mcfal\.m2\repository\org\deeplearning4j\deeplearning4j-nn\0.9.2-SNAPSHOT\deeplearning4j-nn-0.9.2-SNAPSHOT.jar;C:\Users\mcfal\.m2\repository\org\nd4j\nd4j-common\0.9.2-SNAPSHOT\nd4j-common-0.9.2-SNAPSHOT.jar;C:\Users\mcfal\.m2\repository\com\github\stephenc\findbugs\findbugs-annotations\1.3.9-1\findbugs-annotations-1.3.9-1.jar;C:\Users\mcfal\.m2\repository\org\apache\commons\commons-math3\3.4.1\commons-math3-3.4.1.jar;C:\Users\mcfal\.m2\repository\commons-io\commons-io\2.4\commons-io-2.4.jar;C:\Users\mcfal\.m2\repository\org\apache\
Launcher Type: SUN_STANDARD

Environment Variables:
JAVA_HOME=C:\Program Files\Java\jdk1.8.0_111
CLASSPATH=C:\Program Files\Java\jdk1.8.0_111\lib
PATH=C:/Program Files/Java/jre1.8.0_131/bin/server;C:/Program Files/Java/jre1.8.0_131/bin;C:/Program Files/Java/jre1.8.0_131/lib/amd64;C:\ProgramData\Oracle\Java\javapath;C:\Program Files (x86)\Intel\iCLS Client\;C:\Program Files\Intel\iCLS Client\;C:\Windows\system32;C:\Windows;C:\Windows\System32\Wbem;C:\Windows\System32\WindowsPowerShell\v1.0\;C:\Program Files (x86)\Intel\Intel(R) Management Engine Components\DAL;C:\Program Files\Intel\Intel(R) Management Engine Components\DAL;C:\Program Files (x86)\Intel\Intel(R) Management Engine Components\IPT;C:\Program Files\Intel\Intel(R) Management Engine Components\IPT;C:\Program Files (x86)\NVIDIA Corporation\PhysX\Common;C:\Program Files (x86)\GtkSharp\2.12\bin;C:\Program Files\nodejs\;C:\Program Files\MiKTeX 2.9\miktex\bin\x64\;C:\Users\mcfal\Desktop\Utilitarios\apache-maven-3.5.0\bin;C:\OpenSSL-Win64\bin;C:\Program Files\Java\jdk1.8.0_111\lib;C:\Program Files\Java\jdk1.8.0_111\bin;C:\Program Files\MATLAB\R2016a\runtime\win64;C:\Program Files\MATLAB\R2016a\bin;C:\Program Files\MATLAB\R2016a\polyspace\bin;C:\WINDOWS\system32;C:\WINDOWS;C:\WINDOWS\System32\Wbem;C:\WINDOWS\System32\WindowsPowerShell\v1.0\;C:\Python27\Scripts;C:\Users\mcfal\AppData\Local\Microsoft\WindowsApps;C:\Users\mcfal\AppData\Roaming\npm;;C:\Users\mcfal\Desktop;
USERNAME=mcfal
OS=Windows_NT
PROCESSOR_IDENTIFIER=Intel64 Family 6 Model 61 Stepping 4, GenuineIntel



---------------  S Y S T E M  ---------------

OS: Windows 10.0 , 64 bit Build 15063 (10.0.15063.296)

CPU:total 4 (initial active 4) (2 cores per cpu, 2 threads per core) family 6 model 61 stepping 4, cmov, cx8, fxsr, mmx, sse, sse2, sse3, ssse3, sse4.1, sse4.2, popcnt, avx, avx2, aes, clmul, erms, 3dnowpref, lzcnt, ht, tsc, tscinvbit, bmi1, bmi2, adx

Memory: 4k page, physical 8296896k(1907524k free), swap 15374784k(6254272k free)

vm_info: Java HotSpot(TM) 64-Bit Server VM (25.131-b11) for windows-amd64 JRE (1.8.0_131-b11), built on Mar 15 2017 01:23:53 by "java_re" with MS VC++ 10.0 (VS2010)

time: Wed Sep 13 21:53:18 2017
elapsed time: 33 seconds (0d 0h 0m 33s)

