#
# A fatal error has been detected by the Java Runtime Environment:
#
#  EXCEPTION_ACCESS_VIOLATION (0xc0000005) at pc=0x0000000069618761, pid=2888, tid=0x0000000000003aa4
#
# JRE version: Java(TM) SE Runtime Environment (8.0_131-b11) (build 1.8.0_131-b11)
# Java VM: Java HotSpot(TM) 64-Bit Server VM (25.131-b11 mixed mode windows-amd64 compressed oops)
# Problematic frame:
# C  [libnd4jcpu.dll+0x198761]
#
# Failed to write core dump. Minidumps are not enabled by default on client versions of Windows
#
# If you would like to submit a bug report, please visit:
#   http://bugreport.java.com/bugreport/crash.jsp
# The crash happened outside the Java Virtual Machine in native code.
# See problematic frame for where to report the bug.
#

---------------  T H R E A D  ---------------

Current thread (0x0000000002359000):  JavaThread "main" [_thread_in_native, id=15012, stack(0x0000000002250000,0x0000000002350000)]

siginfo: ExceptionCode=0xc0000005, reading address 0x0000000021ed02e0

Registers:
RAX=0x0000000000000001, RBX=0x0000000000000001, RCX=0x0000000000000101, RDX=0x0000000000000011
RSP=0x000000000234e310, RBP=0x0000000000000001, RSI=0x000000000000002a, RDI=0x0000000000000100
R8 =0x0000000000000100, R9 =0x0000000021ecfee0, R10=0x0000000000000003, R11=0x0000000000000001
R12=0x0000000000000005, R13=0x000000000000000f, R14=0x0000000021f6a040, R15=0x0000000000000004
RIP=0x0000000069618761, EFLAGS=0x0000000000010202

Top of Stack: (sp=0x000000000234e310)
0x000000000234e310:   000000000234e3f0 00000000695cb9a1
0x000000000234e320:   0000000000000001 00007ffba9639dd1
0x000000000234e330:   0000000000000001 000000fe00000001
0x000000000234e340:   0000000000000001 0000000021f6a07c
0x000000000234e350:   0000000021ecfee0 0000000000000014
0x000000000234e360:   0000000500000003 000000000092eb4c
0x000000000234e370:   0000010000000003 fffffe0000000001
0x000000000234e380:   00000000fffffffe 000000000092e804
0x000000000234e390:   0000000000000000 000000010000002a
0x000000000234e3a0:   000000000192d150 0000000100000001
0x000000000234e3b0:   000001000000002a 0000000000000100
0x000000000234e3c0:   0000000100000001 00000000fffffffe
0x000000000234e3d0:   0000000000000400 0000000000000004
0x000000000234e3e0:   0000000500000200 0000000000000100
0x000000000234e3f0:   0000000100000003 0000000100000002
0x000000000234e400:   00000000fffffe00 0000000000000000 

Instructions: (pc=0x0000000069618761)
0x0000000069618741:   2c 44 89 ea 8b 44 24 70 eb 2c 0f 1f 44 00 00 41
0x0000000069618751:   39 f3 7d 34 4c 8b 4c 24 40 4c 63 c1 ff c0 01 d9
0x0000000069618761:   f3 43 0f 10 04 81 4c 63 c2 01 ea 41 39 c2 f3 43
0x0000000069618771:   0f 11 04 86 74 26 41 89 c0 41 c1 e8 1f 39 c7 41 


Register to memory mapping:

RAX=0x0000000000000001 is an unknown value
RBX=0x0000000000000001 is an unknown value
RCX=0x0000000000000101 is an unknown value
RDX=0x0000000000000011 is an unknown value
RSP=0x000000000234e310 is pointing into the stack for thread: 0x0000000002359000
RBP=0x0000000000000001 is an unknown value
RSI=0x000000000000002a is an unknown value
RDI=0x0000000000000100 is an unknown value
R8 =0x0000000000000100 is an unknown value
R9 =0x0000000021ecfee0 is an unknown value
R10=0x0000000000000003 is an unknown value
R11=0x0000000000000001 is an unknown value
R12=0x0000000000000005 is an unknown value
R13=0x000000000000000f is an unknown value
R14=0x0000000021f6a040 is an unknown value
R15=0x0000000000000004 is an unknown value


Stack: [0x0000000002250000,0x0000000002350000],  sp=0x000000000234e310,  free space=1016k
Native frames: (J=compiled Java code, j=interpreted, Vv=VM code, C=native code)
C  [libnd4jcpu.dll+0x198761]
C  [libnd4jcpu.dll+0x139f42]
C  [libnd4jcpu.dll+0x41b16b]
C  [jnind4jcpu.dll+0x526b2]
C  0x0000000002467f74

Java frames: (J=compiled Java code, j=interpreted, Vv=VM code)
j  org.nd4j.nativeblas.Nd4jCpu$NativeOps.execTransformFloat(Lorg/bytedeco/javacpp/PointerPointer;ILorg/bytedeco/javacpp/FloatPointer;Lorg/bytedeco/javacpp/IntPointer;Lorg/bytedeco/javacpp/FloatPointer;Lorg/bytedeco/javacpp/IntPointer;Lorg/bytedeco/javacpp/FloatPointer;)V+0
j  org.nd4j.linalg.cpu.nativecpu.ops.NativeOpExecutioner.exec(Lorg/nd4j/linalg/api/ops/TransformOp;)V+1644
j  org.nd4j.linalg.cpu.nativecpu.ops.NativeOpExecutioner.exec(Lorg/nd4j/linalg/api/ops/Op;)Lorg/nd4j/linalg/api/ops/Op;+39
j  org.nd4j.linalg.convolution.Convolution.im2col(Lorg/nd4j/linalg/api/ndarray/INDArray;IIIIIIZLorg/nd4j/linalg/api/ndarray/INDArray;)Lorg/nd4j/linalg/api/ndarray/INDArray;+28
j  org.deeplearning4j.nn.layers.convolution.ConvolutionLayer.preOutput(ZZ)Lorg/nd4j/linalg/primitives/Pair;+772
j  org.deeplearning4j.nn.layers.convolution.ConvolutionLayer.preOutput4d(ZZ)Lorg/nd4j/linalg/primitives/Pair;+3
j  org.deeplearning4j.nn.layers.convolution.ConvolutionLayer.backpropGradient(Lorg/nd4j/linalg/api/ndarray/INDArray;)Lorg/nd4j/linalg/primitives/Pair;+279
j  org.deeplearning4j.nn.multilayer.MultiLayerNetwork.calcBackpropGradients(Lorg/nd4j/linalg/api/ndarray/INDArray;Z)Lorg/nd4j/linalg/primitives/Pair;+478
j  org.deeplearning4j.nn.multilayer.MultiLayerNetwork.backprop()V+3
j  org.deeplearning4j.nn.multilayer.MultiLayerNetwork.computeGradientAndScore()V+219
j  org.deeplearning4j.optimize.solvers.BaseOptimizer.gradientAndScore()Lorg/nd4j/linalg/primitives/Pair;+12
j  org.deeplearning4j.optimize.solvers.StochasticGradientDescent.optimize()Z+14
j  org.deeplearning4j.optimize.Solver.optimize()V+8
j  org.deeplearning4j.nn.multilayer.MultiLayerNetwork.fit(Lorg/nd4j/linalg/api/ndarray/INDArray;Lorg/nd4j/linalg/api/ndarray/INDArray;Lorg/nd4j/linalg/api/ndarray/INDArray;Lorg/nd4j/linalg/api/ndarray/INDArray;)V+550
j  org.deeplearning4j.nn.multilayer.MultiLayerNetwork.fit(Lorg/nd4j/linalg/api/ndarray/INDArray;Lorg/nd4j/linalg/api/ndarray/INDArray;)V+5
j  org.deeplearning4j.nn.multilayer.MultiLayerNetwork.fit(Lorg/nd4j/linalg/dataset/api/DataSet;)V+84
j  org.deeplearning4j.earlystopping.trainer.EarlyStoppingTrainer.fit(Lorg/nd4j/linalg/dataset/DataSet;)V+5
j  org.deeplearning4j.earlystopping.trainer.BaseEarlyStoppingTrainer.fit()Lorg/deeplearning4j/earlystopping/EarlyStoppingResult;+211
j  Deeplearning.mestrado.TransferLearningSacroileite.earlyStopLeNet(Lorg/nd4j/linalg/dataset/api/iterator/DataSetIterator;Lorg/nd4j/linalg/dataset/api/iterator/DataSetIterator;IIII)Lorg/deeplearning4j/nn/multilayer/MultiLayerNetwork;+135
j  Deeplearning.mestrado.App.main([Ljava/lang/String;)V+257
v  ~StubRoutines::call_stub

---------------  P R O C E S S  ---------------

Java Threads: ( => current thread )
  0x000000002012f000 JavaThread "NativeRandomDeallocator thread 0" daemon [_thread_blocked, id=12300, stack(0x000000002d9b0000,0x000000002dab0000)]
  0x000000002012e800 JavaThread "JavaCPP Deallocator" daemon [_thread_blocked, id=3476, stack(0x00000000224b0000,0x00000000225b0000)]
  0x0000000020134800 JavaThread "Workspace deallocator thread" daemon [_thread_blocked, id=3220, stack(0x00000000223b0000,0x00000000224b0000)]
  0x0000000020132000 JavaThread "Thread-1" daemon [_thread_blocked, id=9028, stack(0x00000000220b0000,0x00000000221b0000)]
  0x0000000020133800 JavaThread "New I/O server boss #9" [_thread_in_native, id=13280, stack(0x0000000021d60000,0x0000000021e60000)]
  0x000000002012d800 JavaThread "New I/O worker #8" [_thread_in_native, id=14448, stack(0x0000000021c60000,0x0000000021d60000)]
  0x0000000020133000 JavaThread "New I/O worker #7" [_thread_in_native, id=5020, stack(0x0000000021b60000,0x0000000021c60000)]
  0x000000002022c000 JavaThread "New I/O worker #6" [_thread_in_native, id=5592, stack(0x0000000021a60000,0x0000000021b60000)]
  0x0000000020228000 JavaThread "New I/O worker #5" [_thread_in_native, id=11508, stack(0x0000000021960000,0x0000000021a60000)]
  0x000000001f63c000 JavaThread "New I/O worker #4" [_thread_in_native, id=5800, stack(0x0000000021860000,0x0000000021960000)]
  0x000000001f63a800 JavaThread "New I/O worker #3" [_thread_in_native, id=14668, stack(0x0000000021760000,0x0000000021860000)]
  0x0000000020164800 JavaThread "New I/O worker #2" [_thread_in_native, id=2136, stack(0x0000000021660000,0x0000000021760000)]
  0x0000000020162800 JavaThread "New I/O worker #1" [_thread_in_native, id=12356, stack(0x0000000021560000,0x0000000021660000)]
  0x000000001f2d5800 JavaThread "application-akka.actor.default-dispatcher-4" [_thread_blocked, id=14356, stack(0x000000001ff50000,0x0000000020050000)]
  0x000000001e9ef800 JavaThread "application-akka.actor.default-dispatcher-3" [_thread_blocked, id=6360, stack(0x000000001fe50000,0x000000001ff50000)]
  0x000000001e9e5800 JavaThread "application-akka.actor.default-dispatcher-2" [_thread_blocked, id=14652, stack(0x000000001fb50000,0x000000001fc50000)]
  0x000000001f27c000 JavaThread "application-scheduler-1" [_thread_in_vm, id=13716, stack(0x000000001fa50000,0x000000001fb50000)]
  0x000000001d4b0800 JavaThread "Service Thread" daemon [_thread_blocked, id=10164, stack(0x000000001d880000,0x000000001d980000)]
  0x000000001bb33000 JavaThread "C1 CompilerThread2" daemon [_thread_blocked, id=2908, stack(0x000000001d380000,0x000000001d480000)]
  0x000000001bb2c000 JavaThread "C2 CompilerThread1" daemon [_thread_blocked, id=12224, stack(0x000000001d280000,0x000000001d380000)]
  0x000000001bb2a000 JavaThread "C2 CompilerThread0" daemon [_thread_blocked, id=12756, stack(0x000000001d180000,0x000000001d280000)]
  0x000000001bb28000 JavaThread "Attach Listener" daemon [_thread_blocked, id=14556, stack(0x000000001d080000,0x000000001d180000)]
  0x000000001bb27000 JavaThread "Signal Dispatcher" daemon [_thread_blocked, id=14236, stack(0x000000001cf80000,0x000000001d080000)]
  0x000000001bb10000 JavaThread "Finalizer" daemon [_thread_blocked, id=12420, stack(0x000000001cd80000,0x000000001ce80000)]
  0x0000000002448000 JavaThread "Reference Handler" daemon [_thread_blocked, id=3644, stack(0x000000001cc80000,0x000000001cd80000)]
=>0x0000000002359000 JavaThread "main" [_thread_in_native, id=15012, stack(0x0000000002250000,0x0000000002350000)]

Other Threads:
  0x000000001bae8000 VMThread [stack: 0x000000001cb80000,0x000000001cc80000] [id=14192]
  0x000000001d563000 WatcherThread [stack: 0x000000001dd80000,0x000000001de80000] [id=600]

VM state:not at safepoint (normal execution)

VM Mutex/Monitor currently owned by a thread: None

Heap:
 PSYoungGen      total 773632K, used 57537K [0x000000076ab00000, 0x000000079e100000, 0x00000007c0000000)
  eden space 713728K, 2% used [0x000000076ab00000,0x000000076b95c7f0,0x0000000796400000)
  from space 59904K, 71% used [0x000000079a280000,0x000000079cc54008,0x000000079dd00000)
  to   space 64000K, 0% used [0x0000000796400000,0x0000000796400000,0x000000079a280000)
 ParOldGen       total 74240K, used 48776K [0x00000006c0000000, 0x00000006c4880000, 0x000000076ab00000)
  object space 74240K, 65% used [0x00000006c0000000,0x00000006c2fa21c0,0x00000006c4880000)
 Metaspace       used 33288K, capacity 33658K, committed 33792K, reserved 1079296K
  class space    used 4173K, capacity 4270K, committed 4352K, reserved 1048576K

Card table byte_map: [0x0000000011810000,0x0000000012020000] byte_map_base: 0x000000000e210000

Marking Bits: (ParMarkBitMap*) 0x00000000555ec720
 Begin Bits: [0x0000000012980000, 0x0000000016980000)
 End Bits:   [0x0000000016980000, 0x000000001a980000)

Polling page: 0x0000000002110000

CodeCache: size=245760Kb used=8105Kb max_used=8606Kb free=237654Kb
 bounds [0x0000000002450000, 0x0000000002cd0000, 0x0000000011450000]
 total_blobs=3301 nmethods=2169 adapters=1044
 compilation: enabled

Compilation events (10 events):
Event: 12.455 Thread 0x000000001bb33000 2681       3       java.util.concurrent.locks.ReentrantReadWriteLock::readLock (5 bytes)
Event: 12.455 Thread 0x000000001bb33000 nmethod 2681 0x0000000002ab8210 code [0x0000000002ab8360, 0x0000000002ab84d0]
Event: 12.455 Thread 0x000000001bb33000 2682       3       org.bytedeco.javacpp.Pointer::address (5 bytes)
Event: 12.455 Thread 0x000000001bb33000 nmethod 2682 0x0000000002ab7e10 code [0x0000000002ab7f60, 0x0000000002ab80b0]
Event: 12.455 Thread 0x000000001bb33000 2683       3       java.util.Arrays::equals (54 bytes)
Event: 12.456 Thread 0x000000001bb33000 nmethod 2683 0x00000000026c21d0 code [0x00000000026c2340, 0x00000000026c26b0]
Event: 12.457 Thread 0x000000001bb33000 2685       3       org.nd4j.linalg.api.shape.Shape::length (41 bytes)
Event: 12.457 Thread 0x000000001bb33000 nmethod 2685 0x00000000028af9d0 code [0x00000000028afba0, 0x00000000028b0278]
Event: 12.457 Thread 0x000000001bb33000 2684       3       java.util.concurrent.ConcurrentHashMap::containsKey (14 bytes)
Event: 12.457 Thread 0x000000001bb33000 nmethod 2684 0x00000000028af550 code [0x00000000028af6c0, 0x00000000028af8a8]

GC Heap History (10 events):
Event: 7.579 GC heap before
{Heap before GC invocations=13 (full 1):
 PSYoungGen      total 227328K, used 227310K [0x000000076ab00000, 0x0000000781180000, 0x00000007c0000000)
  eden space 204288K, 100% used [0x000000076ab00000,0x0000000777280000,0x0000000777280000)
  from space 23040K, 99% used [0x0000000777280000,0x00000007788fb860,0x0000000778900000)
  to   space 28672K, 0% used [0x000000077f580000,0x000000077f580000,0x0000000781180000)
 ParOldGen       total 74240K, used 27901K [0x00000006c0000000, 0x00000006c4880000, 0x000000076ab00000)
  object space 74240K, 37% used [0x00000006c0000000,0x00000006c1b3f6b8,0x00000006c4880000)
 Metaspace       used 27983K, capacity 28348K, committed 28672K, reserved 1075200K
  class space    used 3641K, capacity 3721K, committed 3840K, reserved 1048576K
Event: 7.598 GC heap after
Heap after GC invocations=13 (full 1):
 PSYoungGen      total 332800K, used 28670K [0x000000076ab00000, 0x0000000782100000, 0x00000007c0000000)
  eden space 304128K, 0% used [0x000000076ab00000,0x000000076ab00000,0x000000077d400000)
  from space 28672K, 99% used [0x000000077f580000,0x000000078117f948,0x0000000781180000)
  to   space 34304K, 0% used [0x000000077d400000,0x000000077d400000,0x000000077f580000)
 ParOldGen       total 74240K, used 30054K [0x00000006c0000000, 0x00000006c4880000, 0x000000076ab00000)
  object space 74240K, 40% used [0x00000006c0000000,0x00000006c1d59a80,0x00000006c4880000)
 Metaspace       used 27983K, capacity 28348K, committed 28672K, reserved 1075200K
  class space    used 3641K, capacity 3721K, committed 3840K, reserved 1048576K
}
Event: 8.281 GC heap before
{Heap before GC invocations=14 (full 1):
 PSYoungGen      total 332800K, used 332798K [0x000000076ab00000, 0x0000000782100000, 0x00000007c0000000)
  eden space 304128K, 100% used [0x000000076ab00000,0x000000077d400000,0x000000077d400000)
  from space 28672K, 99% used [0x000000077f580000,0x000000078117f948,0x0000000781180000)
  to   space 34304K, 0% used [0x000000077d400000,0x000000077d400000,0x000000077f580000)
 ParOldGen       total 74240K, used 30054K [0x00000006c0000000, 0x00000006c4880000, 0x000000076ab00000)
  object space 74240K, 40% used [0x00000006c0000000,0x00000006c1d59a80,0x00000006c4880000)
 Metaspace       used 28875K, capacity 29218K, committed 29440K, reserved 1075200K
  class space    used 3735K, capacity 3818K, committed 3840K, reserved 1048576K
Event: 8.307 GC heap after
Heap after GC invocations=14 (full 1):
 PSYoungGen      total 338432K, used 34288K [0x000000076ab00000, 0x000000078c780000, 0x00000007c0000000)
  eden space 304128K, 0% used [0x000000076ab00000,0x000000076ab00000,0x000000077d400000)
  from space 34304K, 99% used [0x000000077d400000,0x000000077f57c0c0,0x000000077f580000)
  to   space 42496K, 0% used [0x0000000789e00000,0x0000000789e00000,0x000000078c780000)
 ParOldGen       total 74240K, used 37073K [0x00000006c0000000, 0x00000006c4880000, 0x000000076ab00000)
  object space 74240K, 49% used [0x00000006c0000000,0x00000006c2434718,0x00000006c4880000)
 Metaspace       used 28875K, capacity 29218K, committed 29440K, reserved 1075200K
  class space    used 3735K, capacity 3818K, committed 3840K, reserved 1048576K
}
Event: 8.741 GC heap before
{Heap before GC invocations=15 (full 1):
 PSYoungGen      total 338432K, used 338416K [0x000000076ab00000, 0x000000078c780000, 0x00000007c0000000)
  eden space 304128K, 100% used [0x000000076ab00000,0x000000077d400000,0x000000077d400000)
  from space 34304K, 99% used [0x000000077d400000,0x000000077f57c0c0,0x000000077f580000)
  to   space 42496K, 0% used [0x0000000789e00000,0x0000000789e00000,0x000000078c780000)
 ParOldGen       total 74240K, used 37073K [0x00000006c0000000, 0x00000006c4880000, 0x000000076ab00000)
  object space 74240K, 49% used [0x00000006c0000000,0x00000006c2434718,0x00000006c4880000)
 Metaspace       used 28911K, capacity 29218K, committed 29440K, reserved 1075200K
  class space    used 3735K, capacity 3818K, committed 3840K, reserved 1048576K
Event: 8.766 GC heap after
Heap after GC invocations=15 (full 1):
 PSYoungGen      total 504832K, used 38506K [0x000000076ab00000, 0x000000078d700000, 0x00000007c0000000)
  eden space 462336K, 0% used [0x000000076ab00000,0x000000076ab00000,0x0000000786e80000)
  from space 42496K, 90% used [0x0000000789e00000,0x000000078c39a8d0,0x000000078c780000)
  to   space 48640K, 0% used [0x0000000786e80000,0x0000000786e80000,0x0000000789e00000)
 ParOldGen       total 74240K, used 38333K [0x00000006c0000000, 0x00000006c4880000, 0x000000076ab00000)
  object space 74240K, 51% used [0x00000006c0000000,0x00000006c256f738,0x00000006c4880000)
 Metaspace       used 28911K, capacity 29218K, committed 29440K, reserved 1075200K
  class space    used 3735K, capacity 3818K, committed 3840K, reserved 1048576K
}
Event: 9.789 GC heap before
{Heap before GC invocations=16 (full 1):
 PSYoungGen      total 504832K, used 500842K [0x000000076ab00000, 0x000000078d700000, 0x00000007c0000000)
  eden space 462336K, 100% used [0x000000076ab00000,0x0000000786e80000,0x0000000786e80000)
  from space 42496K, 90% used [0x0000000789e00000,0x000000078c39a8d0,0x000000078c780000)
  to   space 48640K, 0% used [0x0000000786e80000,0x0000000786e80000,0x0000000789e00000)
 ParOldGen       total 74240K, used 38333K [0x00000006c0000000, 0x00000006c4880000, 0x000000076ab00000)
  object space 74240K, 51% used [0x00000006c0000000,0x00000006c256f738,0x00000006c4880000)
 Metaspace       used 29061K, capacity 29352K, committed 29440K, reserved 1075200K
  class space    used 3746K, capacity 3819K, committed 3840K, reserved 1048576K
Event: 9.832 GC heap after
Heap after GC invocations=16 (full 1):
 PSYoungGen      total 510976K, used 48632K [0x000000076ab00000, 0x000000079dd00000, 0x00000007c0000000)
  eden space 462336K, 0% used [0x000000076ab00000,0x000000076ab00000,0x0000000786e80000)
  from space 48640K, 99% used [0x0000000786e80000,0x0000000789dfe348,0x0000000789e00000)
  to   space 59904K, 0% used [0x000000079a280000,0x000000079a280000,0x000000079dd00000)
 ParOldGen       total 74240K, used 47496K [0x00000006c0000000, 0x00000006c4880000, 0x000000076ab00000)
  object space 74240K, 63% used [0x00000006c0000000,0x00000006c2e621b0,0x00000006c4880000)
 Metaspace       used 29061K, capacity 29352K, committed 29440K, reserved 1075200K
  class space    used 3746K, capacity 3819K, committed 3840K, reserved 1048576K
}
Event: 12.229 GC heap before
{Heap before GC invocations=17 (full 1):
 PSYoungGen      total 510976K, used 510968K [0x000000076ab00000, 0x000000079dd00000, 0x00000007c0000000)
  eden space 462336K, 100% used [0x000000076ab00000,0x0000000786e80000,0x0000000786e80000)
  from space 48640K, 99% used [0x0000000786e80000,0x0000000789dfe348,0x0000000789e00000)
  to   space 59904K, 0% used [0x000000079a280000,0x000000079a280000,0x000000079dd00000)
 ParOldGen       total 74240K, used 47496K [0x00000006c0000000, 0x00000006c4880000, 0x000000076ab00000)
  object space 74240K, 63% used [0x00000006c0000000,0x00000006c2e621b0,0x00000006c4880000)
 Metaspace       used 33023K, capacity 33370K, committed 33536K, reserved 1079296K
  class space    used 4153K, capacity 4238K, committed 4352K, reserved 1048576K
Event: 12.260 GC heap after
Heap after GC invocations=17 (full 1):
 PSYoungGen      total 773632K, used 42832K [0x000000076ab00000, 0x000000079e100000, 0x00000007c0000000)
  eden space 713728K, 0% used [0x000000076ab00000,0x000000076ab00000,0x0000000796400000)
  from space 59904K, 71% used [0x000000079a280000,0x000000079cc54008,0x000000079dd00000)
  to   space 64000K, 0% used [0x0000000796400000,0x0000000796400000,0x000000079a280000)
 ParOldGen       total 74240K, used 48776K [0x00000006c0000000, 0x00000006c4880000, 0x000000076ab00000)
  object space 74240K, 65% used [0x00000006c0000000,0x00000006c2fa21c0,0x00000006c4880000)
 Metaspace       used 33023K, capacity 33370K, committed 33536K, reserved 1079296K
  class space    used 4153K, capacity 4238K, committed 4352K, reserved 1048576K
}

Deoptimization events (10 events):
Event: 11.977 Thread 0x0000000002359000 Uncommon trap: reason=unstable_if action=reinterpret pc=0x0000000002764c0c method=java.io.BufferedInputStream.read1([BII)I @ 60
Event: 11.996 Thread 0x0000000002359000 Uncommon trap: reason=unstable_if action=reinterpret pc=0x00000000029ae270 method=java.net.URI.match(CJJ)Z @ 19
Event: 11.997 Thread 0x0000000002359000 Uncommon trap: reason=unstable_if action=reinterpret pc=0x00000000029b2b0c method=java.net.URI.match(CJJ)Z @ 19
Event: 11.998 Thread 0x0000000002359000 Uncommon trap: reason=unstable_if action=reinterpret pc=0x000000000298f7c8 method=java.net.URI.match(CJJ)Z @ 19
Event: 12.076 Thread 0x0000000002359000 Uncommon trap: reason=unstable_if action=reinterpret pc=0x0000000002960a78 method=sun.nio.fs.Util.followLinks([Ljava/nio/file/LinkOption;)Z @ 13
Event: 12.213 Thread 0x0000000002359000 Uncommon trap: reason=bimorphic action=maybe_recompile pc=0x00000000026d9788 method=java.util.AbstractList$Itr.next()Ljava/lang/Object; @ 14
Event: 12.213 Thread 0x0000000002359000 Uncommon trap: reason=bimorphic action=maybe_recompile pc=0x00000000026d9788 method=java.util.AbstractList$Itr.next()Ljava/lang/Object; @ 14
Event: 12.213 Thread 0x0000000002359000 Uncommon trap: reason=bimorphic action=maybe_recompile pc=0x00000000026d9788 method=java.util.AbstractList$Itr.next()Ljava/lang/Object; @ 14
Event: 12.220 Thread 0x0000000002359000 Uncommon trap: reason=unstable_if action=reinterpret pc=0x0000000002997f1c method=java.util.concurrent.ConcurrentHashMap.get(Ljava/lang/Object;)Ljava/lang/Object; @ 76
Event: 12.220 Thread 0x0000000002359000 Uncommon trap: reason=class_check action=maybe_recompile pc=0x0000000002a6d804 method=java.util.concurrent.ConcurrentHashMap.putVal(Ljava/lang/Object;Ljava/lang/Object;Z)Ljava/lang/Object; @ 192

Internal exceptions (10 events):
Event: 1.176 Thread 0x0000000002359000 Exception <a 'java/lang/ArrayIndexOutOfBoundsException'> (0x000000076acf8690) thrown at [C:\re\workspace\8-2-build-windows-amd64-cygwin\jdk8u131\8869\hotspot\src\share\vm\runtime\sharedRuntime.cpp, line 605]
Event: 1.176 Thread 0x0000000002359000 Exception <a 'java/lang/ArrayIndexOutOfBoundsException': 0> (0x000000076acf8cc0) thrown at [C:\re\workspace\8-2-build-windows-amd64-cygwin\jdk8u131\8869\hotspot\src\share\vm\interpreter\interpreterRuntime.cpp, line 366]
Event: 1.178 Thread 0x0000000002359000 Exception <a 'java/lang/ArrayIndexOutOfBoundsException'> (0x000000076ad13e08) thrown at [C:\re\workspace\8-2-build-windows-amd64-cygwin\jdk8u131\8869\hotspot\src\share\vm\runtime\sharedRuntime.cpp, line 605]
Event: 1.212 Thread 0x0000000002359000 Exception <a 'java/lang/ArrayIndexOutOfBoundsException'> (0x000000076af3a8a8) thrown at [C:\re\workspace\8-2-build-windows-amd64-cygwin\jdk8u131\8869\hotspot\src\share\vm\runtime\sharedRuntime.cpp, line 605]
Event: 1.212 Thread 0x0000000002359000 Exception <a 'java/lang/ArrayIndexOutOfBoundsException': 0> (0x000000076af3aeb0) thrown at [C:\re\workspace\8-2-build-windows-amd64-cygwin\jdk8u131\8869\hotspot\src\share\vm\interpreter\interpreterRuntime.cpp, line 366]
Event: 1.897 Thread 0x0000000002359000 Exception <a 'java/lang/ArrayIndexOutOfBoundsException'> (0x000000076c54c8c0) thrown at [C:\re\workspace\8-2-build-windows-amd64-cygwin\jdk8u131\8869\hotspot\src\share\vm\runtime\sharedRuntime.cpp, line 605]
Event: 1.897 Thread 0x0000000002359000 Exception <a 'java/lang/ArrayIndexOutOfBoundsException'> (0x000000076c54d908) thrown at [C:\re\workspace\8-2-build-windows-amd64-cygwin\jdk8u131\8869\hotspot\src\share\vm\runtime\sharedRuntime.cpp, line 605]
Event: 1.938 Thread 0x0000000002359000 Exception <a 'java/lang/ArrayIndexOutOfBoundsException'> (0x000000076ab27ab0) thrown at [C:\re\workspace\8-2-build-windows-amd64-cygwin\jdk8u131\8869\hotspot\src\share\vm\runtime\sharedRuntime.cpp, line 605]
Event: 3.499 Thread 0x0000000002359000 Implicit null exception at 0x0000000002942e7b to 0x0000000002943a31
Event: 5.817 Thread 0x0000000002359000 Implicit null exception at 0x0000000002a6a143 to 0x0000000002a6ab09

Events (10 events):
Event: 12.364 loading class org/deeplearning4j/nn/gradient/DefaultGradient
Event: 12.364 loading class org/deeplearning4j/nn/gradient/DefaultGradient done
Event: 12.366 loading class org/nd4j/linalg/cpu/nativecpu/blas/CpuLevel2
Event: 12.366 loading class org/nd4j/linalg/cpu/nativecpu/blas/CpuLevel2 done
Event: 12.367 loading class org/nd4j/linalg/api/blas/impl/BaseLevel2
Event: 12.367 loading class org/nd4j/linalg/api/blas/impl/BaseLevel2 done
Event: 12.368 loading class org/nd4j/linalg/api/blas/params/GemvParameters
Event: 12.368 loading class org/nd4j/linalg/api/blas/params/GemvParameters done
Event: 12.369 loading class org/deeplearning4j/nn/layers/FrozenLayer
Event: 12.369 loading class org/deeplearning4j/nn/layers/FrozenLayer done


Dynamic libraries:
0x00007ff7f4330000 - 0x00007ff7f4367000 	C:\Program Files\Java\jre1.8.0_131\bin\javaw.exe
0x00007ffba9d70000 - 0x00007ffba9f4b000 	C:\WINDOWS\SYSTEM32\ntdll.dll
0x00007ffba15f0000 - 0x00007ffba1623000 	C:\Program Files\AVAST Software\Avast\x64\aswhooka.dll
0x00007ffba7780000 - 0x00007ffba782e000 	C:\WINDOWS\System32\KERNEL32.DLL
0x00007ffba6880000 - 0x00007ffba6ac9000 	C:\WINDOWS\System32\KERNELBASE.dll
0x00007ffba9570000 - 0x00007ffba9611000 	C:\WINDOWS\System32\ADVAPI32.dll
0x00007ffba9620000 - 0x00007ffba96bd000 	C:\WINDOWS\System32\msvcrt.dll
0x00007ffba7a70000 - 0x00007ffba7ac9000 	C:\WINDOWS\System32\sechost.dll
0x00007ffba9930000 - 0x00007ffba9a55000 	C:\WINDOWS\System32\RPCRT4.dll
0x00007ffba7480000 - 0x00007ffba75ca000 	C:\WINDOWS\System32\USER32.dll
0x00007ffba6810000 - 0x00007ffba682e000 	C:\WINDOWS\System32\win32u.dll
0x00007ffba9890000 - 0x00007ffba98b7000 	C:\WINDOWS\System32\GDI32.dll
0x00007ffba6680000 - 0x00007ffba6808000 	C:\WINDOWS\System32\gdi32full.dll
0x00007ffba6ad0000 - 0x00007ffba6b6a000 	C:\WINDOWS\System32\msvcp_win.dll
0x00007ffba6340000 - 0x00007ffba6436000 	C:\WINDOWS\System32\ucrtbase.dll
0x00007ffb9a6b0000 - 0x00007ffb9a917000 	C:\WINDOWS\WinSxS\amd64_microsoft.windows.common-controls_6595b64144ccf1df_6.0.15063.483_none_26002d27e7c744a2\COMCTL32.dll
0x00007ffba9a60000 - 0x00007ffba9d59000 	C:\WINDOWS\System32\combase.dll
0x00007ffba6440000 - 0x00007ffba64aa000 	C:\WINDOWS\System32\bcryptPrimitives.dll
0x00007ffba72d0000 - 0x00007ffba72fd000 	C:\WINDOWS\System32\IMM32.DLL
0x0000000054cf0000 - 0x0000000054dc2000 	C:\Program Files\Java\jre1.8.0_131\bin\msvcr100.dll
0x0000000054dd0000 - 0x000000005566c000 	C:\Program Files\Java\jre1.8.0_131\bin\server\jvm.dll
0x00007ffba7850000 - 0x00007ffba7858000 	C:\WINDOWS\System32\PSAPI.DLL
0x00007ffb960d0000 - 0x00007ffb960d9000 	C:\WINDOWS\SYSTEM32\WSOCK32.dll
0x00007ffba98c0000 - 0x00007ffba992c000 	C:\WINDOWS\System32\WS2_32.dll
0x00007ffba3d80000 - 0x00007ffba3da3000 	C:\WINDOWS\SYSTEM32\WINMM.dll
0x00007ffb9c640000 - 0x00007ffb9c64a000 	C:\WINDOWS\SYSTEM32\VERSION.dll
0x00007ffba3d50000 - 0x00007ffba3d7b000 	C:\WINDOWS\SYSTEM32\WINMMBASE.dll
0x00007ffba6830000 - 0x00007ffba6879000 	C:\WINDOWS\System32\cfgmgr32.dll
0x0000000056ea0000 - 0x0000000056eaf000 	C:\Program Files\Java\jre1.8.0_131\bin\verify.dll
0x0000000056e70000 - 0x0000000056e99000 	C:\Program Files\Java\jre1.8.0_131\bin\java.dll
0x0000000056e50000 - 0x0000000056e66000 	C:\Program Files\Java\jre1.8.0_131\bin\zip.dll
0x00007ffba7f90000 - 0x00007ffba93c7000 	C:\WINDOWS\System32\SHELL32.dll
0x00007ffba7370000 - 0x00007ffba741a000 	C:\WINDOWS\System32\shcore.dll
0x00007ffba6b70000 - 0x00007ffba7263000 	C:\WINDOWS\System32\windows.storage.dll
0x00007ffba7300000 - 0x00007ffba7351000 	C:\WINDOWS\System32\shlwapi.dll
0x00007ffba6250000 - 0x00007ffba6261000 	C:\WINDOWS\System32\kernel.appcore.dll
0x00007ffba61e0000 - 0x00007ffba622c000 	C:\WINDOWS\System32\powrprof.dll
0x00007ffba6230000 - 0x00007ffba6245000 	C:\WINDOWS\System32\profapi.dll
0x0000000056e30000 - 0x0000000056e4a000 	C:\Program Files\Java\jre1.8.0_131\bin\net.dll
0x00007ffba5a90000 - 0x00007ffba5aec000 	C:\WINDOWS\system32\mswsock.dll
0x0000000056e10000 - 0x0000000056e21000 	C:\Program Files\Java\jre1.8.0_131\bin\nio.dll
0x00007ffba5c40000 - 0x00007ffba5c57000 	C:\WINDOWS\SYSTEM32\CRYPTSP.dll
0x00007ffba56b0000 - 0x00007ffba56e4000 	C:\WINDOWS\system32\rsaenh.dll
0x00007ffba5da0000 - 0x00007ffba5dc5000 	C:\WINDOWS\SYSTEM32\bcrypt.dll
0x00007ffba6110000 - 0x00007ffba6139000 	C:\WINDOWS\SYSTEM32\USERENV.dll
0x00007ffba5c30000 - 0x00007ffba5c3b000 	C:\WINDOWS\SYSTEM32\CRYPTBASE.dll
0x00007ffba5830000 - 0x00007ffba5867000 	C:\WINDOWS\SYSTEM32\IPHLPAPI.DLL
0x00007ffba9d60000 - 0x00007ffba9d68000 	C:\WINDOWS\System32\NSI.dll
0x00007ffba0a10000 - 0x00007ffba0a26000 	C:\WINDOWS\SYSTEM32\dhcpcsvc6.DLL
0x00007ffba0d80000 - 0x00007ffba0d9a000 	C:\WINDOWS\SYSTEM32\dhcpcsvc.DLL
0x0000000069480000 - 0x0000000069a6a000 	C:\Users\mcfal\.javacpp\cache\nd4j-native-0.9.2-SNAPSHOT-windows-x86_64.jar\org\nd4j\nativeblas\windows-x86_64\libnd4jcpu.dll
0x0000000066880000 - 0x00000000669f4000 	C:\Users\mcfal\.javacpp\cache\nd4j-native-0.9.2-SNAPSHOT-windows-x86_64.jar\org\nd4j\nativeblas\windows-x86_64\jnind4jcpu.dll
0x000000006d7c0000 - 0x000000006fc22000 	C:\Users\mcfal\.javacpp\cache\openblas-0.2.19-1.3-windows-x86_64.jar\org\bytedeco\javacpp\windows-x86_64\libopenblas.dll
0x0000000067800000 - 0x0000000068599000 	C:\Users\mcfal\.javacpp\cache\openblas-0.2.19-1.3-windows-x86_64.jar\org\bytedeco\javacpp\windows-x86_64\jniopenblas.dll
0x00007ffb80250000 - 0x00007ffb8033f000 	C:\Users\mcfal\.javacpp\cache\hdf5-1.10.0-patch1-1.3-windows-x86_64.jar\org\bytedeco\javacpp\windows-x86_64\msvcr120.dll
0x00007ffb74b40000 - 0x00007ffb74be6000 	C:\Users\mcfal\.javacpp\cache\hdf5-1.10.0-patch1-1.3-windows-x86_64.jar\org\bytedeco\javacpp\windows-x86_64\msvcp120.dll
0x00007ffb6cdd0000 - 0x00007ffb6d058000 	C:\Users\mcfal\.javacpp\cache\opencv-3.2.0-1.3-windows-x86_64.jar\org\bytedeco\javacpp\windows-x86_64\opencv_core320.dll
0x00007ffb5c360000 - 0x00007ffb5c6c2000 	C:\Users\mcfal\.javacpp\cache\opencv-3.2.0-1.3-windows-x86_64.jar\org\bytedeco\javacpp\windows-x86_64\opencv_imgproc320.dll
0x00007ffb6cb80000 - 0x00007ffb6cdca000 	C:\Users\mcfal\.javacpp\cache\opencv-3.2.0-1.3-windows-x86_64.jar\org\bytedeco\javacpp\windows-x86_64\jniopencv_core.dll
0x00007ffb6fab0000 - 0x00007ffb6fba0000 	C:\Users\mcfal\.javacpp\cache\opencv-3.2.0-1.3-windows-x86_64.jar\org\bytedeco\javacpp\windows-x86_64\jniopencv_imgproc.dll
0x00007ffb5bbd0000 - 0x00007ffb5be9a000 	C:\Users\mcfal\.javacpp\cache\opencv-3.2.0-1.3-windows-x86_64.jar\org\bytedeco\javacpp\windows-x86_64\opencv_imgcodecs320.dll
0x00007ffb9ce20000 - 0x00007ffb9ce45000 	C:\Users\mcfal\.javacpp\cache\opencv-3.2.0-1.3-windows-x86_64.jar\org\bytedeco\javacpp\windows-x86_64\jniopencv_imgcodecs.dll
0x00007ffb94400000 - 0x00007ffb945a9000 	C:\WINDOWS\SYSTEM32\dbghelp.dll

VM Arguments:
jvm_args: -Xmx4096m -Dorg.deeplearning4j.ui.port=9003 -Dfile.encoding=UTF-8 
java_command: Deeplearning.mestrado.App -Xmx2048m
java_class_path (initial): C:\Users\mcfal\Documents\GitHub\Sacroilite-Deep-Learning\target\classes;C:\Users\mcfal\.m2\repository\org\deeplearning4j\deeplearning4j-core\0.9.2-SNAPSHOT\deeplearning4j-core-0.9.2-SNAPSHOT.jar;C:\Users\mcfal\.m2\repository\org\deeplearning4j\nearestneighbor-core\0.9.2-SNAPSHOT\nearestneighbor-core-0.9.2-SNAPSHOT.jar;C:\Users\mcfal\.m2\repository\org\deeplearning4j\deeplearning4j-modelimport\0.9.2-SNAPSHOT\deeplearning4j-modelimport-0.9.2-SNAPSHOT.jar;C:\Users\mcfal\.m2\repository\org\bytedeco\javacpp-presets\hdf5-platform\1.10.0-patch1-1.3\hdf5-platform-1.10.0-patch1-1.3.jar;C:\Users\mcfal\.m2\repository\org\bytedeco\javacpp-presets\hdf5\1.10.0-patch1-1.3\hdf5-1.10.0-patch1-1.3.jar;C:\Users\mcfal\.m2\repository\org\bytedeco\javacpp-presets\hdf5\1.10.0-patch1-1.3\hdf5-1.10.0-patch1-1.3-linux-x86.jar;C:\Users\mcfal\.m2\repository\org\bytedeco\javacpp-presets\hdf5\1.10.0-patch1-1.3\hdf5-1.10.0-patch1-1.3-linux-x86_64.jar;C:\Users\mcfal\.m2\repository\org\bytedeco\javacpp-presets\hdf5\1.10.0-patch1-1.3\hdf5-1.10.0-patch1-1.3-linux-ppc64le.jar;C:\Users\mcfal\.m2\repository\org\bytedeco\javacpp-presets\hdf5\1.10.0-patch1-1.3\hdf5-1.10.0-patch1-1.3-macosx-x86_64.jar;C:\Users\mcfal\.m2\repository\org\bytedeco\javacpp-presets\hdf5\1.10.0-patch1-1.3\hdf5-1.10.0-patch1-1.3-windows-x86.jar;C:\Users\mcfal\.m2\repository\org\bytedeco\javacpp-presets\hdf5\1.10.0-patch1-1.3\hdf5-1.10.0-patch1-1.3-windows-x86_64.jar;C:\Users\mcfal\.m2\repository\org\deeplearning4j\deeplearning4j-nn\0.9.2-SNAPSHOT\deeplearning4j-nn-0.9.2-SNAPSHOT.jar;C:\Users\mcfal\.m2\repository\org\nd4j\nd4j-common\0.9.2-SNAPSHOT\nd4j-common-0.9.2-SNAPSHOT.jar;C:\Users\mcfal\.m2\repository\com\github\stephenc\findbugs\findbugs-annotations\1.3.9-1\findbugs-annotations-1.3.9-1.jar;C:\Users\mcfal\.m2\repository\org\apache\commons\commons-math3\3.4.1\commons-math3-3.4.1.jar;C:\Users\mcfal\.m2\repository\commons-io\commons-io\2.4\commons-io-2.4.jar;C:\Users\mcfal\.m2\repository\org\apache\
Launcher Type: SUN_STANDARD

Environment Variables:
JAVA_HOME=C:\Program Files\Java\jdk1.8.0_111
CLASSPATH=C:\Program Files\Java\jdk1.8.0_111\lib
PATH=C:/Program Files/Java/jre1.8.0_131/bin/server;C:/Program Files/Java/jre1.8.0_131/bin;C:/Program Files/Java/jre1.8.0_131/lib/amd64;C:\ProgramData\Oracle\Java\javapath;C:\Program Files (x86)\Intel\iCLS Client\;C:\Program Files\Intel\iCLS Client\;C:\Windows\system32;C:\Windows;C:\Windows\System32\Wbem;C:\Windows\System32\WindowsPowerShell\v1.0\;C:\Program Files (x86)\Intel\Intel(R) Management Engine Components\DAL;C:\Program Files\Intel\Intel(R) Management Engine Components\DAL;C:\Program Files (x86)\Intel\Intel(R) Management Engine Components\IPT;C:\Program Files\Intel\Intel(R) Management Engine Components\IPT;C:\Program Files (x86)\NVIDIA Corporation\PhysX\Common;C:\Program Files (x86)\GtkSharp\2.12\bin;C:\Program Files\nodejs\;C:\Program Files\MiKTeX 2.9\miktex\bin\x64\;C:\Users\mcfal\Desktop\Utilitarios\apache-maven-3.5.0\bin;C:\OpenSSL-Win64\bin;C:\Program Files\Java\jdk1.8.0_111\lib;C:\Program Files\Java\jdk1.8.0_111\bin;C:\Program Files\MATLAB\R2016a\runtime\win64;C:\Program Files\MATLAB\R2016a\bin;C:\Program Files\MATLAB\R2016a\polyspace\bin;C:\WINDOWS\system32;C:\WINDOWS;C:\WINDOWS\System32\Wbem;C:\WINDOWS\System32\WindowsPowerShell\v1.0\;C:\Python27\Scripts;C:\Users\mcfal\AppData\Local\Microsoft\WindowsApps;C:\Users\mcfal\AppData\Roaming\npm;;C:\Users\mcfal\Desktop;
USERNAME=mcfal
OS=Windows_NT
PROCESSOR_IDENTIFIER=Intel64 Family 6 Model 61 Stepping 4, GenuineIntel



---------------  S Y S T E M  ---------------

OS: Windows 10.0 , 64 bit Build 15063 (10.0.15063.296)

CPU:total 4 (initial active 4) (2 cores per cpu, 2 threads per core) family 6 model 61 stepping 4, cmov, cx8, fxsr, mmx, sse, sse2, sse3, ssse3, sse4.1, sse4.2, popcnt, avx, avx2, aes, clmul, erms, 3dnowpref, lzcnt, ht, tsc, tscinvbit, bmi1, bmi2, adx

Memory: 4k page, physical 8296896k(2361208k free), swap 15899072k(6826400k free)

vm_info: Java HotSpot(TM) 64-Bit Server VM (25.131-b11) for windows-amd64 JRE (1.8.0_131-b11), built on Mar 15 2017 01:23:53 by "java_re" with MS VC++ 10.0 (VS2010)

time: Fri Sep 08 17:48:20 2017
elapsed time: 12 seconds (0d 0h 0m 12s)

